<?xml version="1.0" encoding="utf-16"?>
<ShowPlanXML xmlns:xsi="http://www.w3.org/2001/XMLSchema-instance" xmlns:xsd="http://www.w3.org/2001/XMLSchema" Version="1.0" Build="9.00.4035.00" xmlns="http://schemas.microsoft.com/sqlserver/2004/07/showplan">
  <BatchSequence>
    <Batch>
      <Statements>
        <StmtSimple StatementCompId="1" StatementEstRows="195158" StatementId="1" StatementOptmLevel="FULL" StatementSubTreeCost="91.9185" StatementText="SELECT ADESAO_PLANO_PARTIC_FSS.NUM_MATR_PARTF,HIST_PART_CAPIT_FSS.DAT_FIM_HPCAP,PARTICIPANTE_FSS.COD_EMPRS,EMPREGADO.NOM_EMPRG,ISNULL(EMPREGADO.DAT_DESLG_EMPRG,'01/01/1900'),EMPREGADO.COD_MTDSL,EMPREGADO.NUM_RGTRO_EMPRG,MAX(MOV_CONT_PARTIC_FSS.DAT_MVCPR),EMPREGADO.NUM_CPF_EMPRG,EMPREGADO.COD_BANCO,EMPREGADO.COD_AGBCO,EMPREGADO.TIP_CTCOR_EMPRG,EMPREGADO.NUM_CTCOR_EMPRG,ADESAO_PLANO_PARTIC_FSS.COD_TPPCP,ADESAO_PLANO_PARTIC_FSS.COD_SITPAR,ADESAO_PLANO_PARTIC_FSS.NUM_PLBNF FROM HIST_PART_CAPIT_FSS,PARTICIPANTE_FSS,EMPREGADO,MOV_CONT_PARTIC_FSS,ADESAO_PLANO_PARTIC_FSS WHERE EMPREGADO.COD_EMPRS = PARTICIPANTE_FSS.COD_EMPRS AND EMPREGADO.NUM_RGTRO_EMPRG = PARTICIPANTE_FSS.NUM_RGTRO_EMPRG AND HIST_PART_CAPIT_FSS.NUM_MATR_PARTF = PARTICIPANTE_FSS.NUM_MATR_PARTF AND ADESAO_PLANO_PARTIC_FSS.NUM_MATR_PARTF = PARTICIPANTE_FSS.NUM_MATR_PARTF AND PARTICIPANTE_FSS.NUM_MATR_PARTF = MOV_CONT_PARTIC_FSS.NUM_MATR_PARTF AND ADESAO_PLANO_PARTIC_FSS.NUM_PLBNF = HIST_PART_CAPIT_FSS.NUM_PLBNF AND ADESAO_PLANO_PARTIC_FSS.NUM_PLBNF IN (21,22,23,24) AND ADESAO_PLANO_PARTIC_FSS.COD_TPPCP = 1 AND ADESAO_PLANO_PARTIC_FSS.COD_SITPAR = 4 AND HIST_PART_CAPIT_FSS.TIP_MOVIM_HPCAP = 1 AND MOV_CONT_PARTIC_FSS.DAT_MVCPR &lt;= ADESAO_PLANO_PARTIC_FSS.DAT_FIM_ADPLPR GROUP BY ADESAO_PLANO_PARTIC_FSS.NUM_MATR_PARTF,HIST_PART_CAPIT_FSS.DAT_FIM_HPCAP,PARTICIPANTE_FSS.COD_EMPRS,EMPREGADO.NOM_EMPRG,ISNULL(EMPREGADO.DAT_DESLG_EMPRG,'01/01/1900'),EMPREGADO.COD_MTDSL,EMPREGADO.NUM_RGTRO_EMPRG,EMPREGADO.NUM_CPF_EMPRG,EMPREGADO.COD_BANCO,EMPREGADO.COD_AGBCO,EMPREGADO.TIP_CTCOR_EMPRG,EMPREGADO.NUM_CTCOR_EMPRG,ADESAO_PLANO_PARTIC_FSS.COD_TPPCP,ADESAO_PLANO_PARTIC_FSS.COD_SITPAR,ADESAO_PLANO_PARTIC_FSS.NUM_PLBNF ORDER BY PARTICIPANTE_FSS.COD_EMPRS ASC,EMPREGADO.NUM_RGTRO_EMPRG ASC										" StatementType="SELECT">
          <StatementSetOptions ANSI_NULLS="false" ANSI_PADDING="false" ANSI_WARNINGS="false" ARITHABORT="true" CONCAT_NULL_YIELDS_NULL="false" NUMERIC_ROUNDABORT="false" QUOTED_IDENTIFIER="false" />
          <QueryPlan CachedPlanSize="136">
            <RelOp AvgRowSize="137" EstimateCPU="1.87335" EstimateIO="0" EstimateRebinds="0" EstimateRewinds="0" EstimateRows="195158" LogicalOp="Gather Streams" NodeId="0" Parallel="true" PhysicalOp="Parallelism" EstimatedTotalSubtreeCost="91.9185">
              <OutputList>
                <ColumnReference Database="[Amd_Prev_Prod]" Schema="[dbo]" Table="[hist_part_capit_fss]" Column="dat_fim_hpcap" />
                <ColumnReference Database="[Amd_Prev_Prod]" Schema="[dbo]" Table="[participante_fss]" Column="cod_emprs" />
                <ColumnReference Database="[Amd_Prev_Prod]" Schema="[dbo]" Table="[empregado]" Column="num_rgtro_emprg" />
                <ColumnReference Database="[Amd_Prev_Prod]" Schema="[dbo]" Table="[empregado]" Column="nom_emprg" />
                <ColumnReference Database="[Amd_Prev_Prod]" Schema="[dbo]" Table="[empregado]" Column="num_cpf_emprg" />
                <ColumnReference Database="[Amd_Prev_Prod]" Schema="[dbo]" Table="[empregado]" Column="num_ctcor_emprg" />
                <ColumnReference Database="[Amd_Prev_Prod]" Schema="[dbo]" Table="[empregado]" Column="cod_banco" />
                <ColumnReference Database="[Amd_Prev_Prod]" Schema="[dbo]" Table="[empregado]" Column="cod_agbco" />
                <ColumnReference Database="[Amd_Prev_Prod]" Schema="[dbo]" Table="[empregado]" Column="cod_mtdsl" />
                <ColumnReference Database="[Amd_Prev_Prod]" Schema="[dbo]" Table="[empregado]" Column="Tip_ctcor_emprg" />
                <ColumnReference Database="[Amd_Prev_Prod]" Schema="[dbo]" Table="[adesao_plano_partic_fss]" Column="num_matr_partf" />
                <ColumnReference Database="[Amd_Prev_Prod]" Schema="[dbo]" Table="[adesao_plano_partic_fss]" Column="num_plbnf" />
                <ColumnReference Database="[Amd_Prev_Prod]" Schema="[dbo]" Table="[adesao_plano_partic_fss]" Column="cod_tppcp" />
                <ColumnReference Database="[Amd_Prev_Prod]" Schema="[dbo]" Table="[adesao_plano_partic_fss]" Column="cod_sitpar" />
                <ColumnReference Column="Expr1015" />
                <ColumnReference Column="Expr1016" />
              </OutputList>
              <Parallelism>
                <OrderBy>
                  <OrderByColumn Ascending="true">
                    <ColumnReference Database="[Amd_Prev_Prod]" Schema="[dbo]" Table="[participante_fss]" Column="cod_emprs" />
                  </OrderByColumn>
                  <OrderByColumn Ascending="true">
                    <ColumnReference Database="[Amd_Prev_Prod]" Schema="[dbo]" Table="[empregado]" Column="num_rgtro_emprg" />
                  </OrderByColumn>
                </OrderBy>
                <RelOp AvgRowSize="137" EstimateCPU="3.93567" EstimateIO="0.00281532" EstimateRebinds="0" EstimateRewinds="0" EstimateRows="195158" LogicalOp="Sort" NodeId="1" Parallel="true" PhysicalOp="Sort" EstimatedTotalSubtreeCost="90.0451">
                  <OutputList>
                    <ColumnReference Database="[Amd_Prev_Prod]" Schema="[dbo]" Table="[hist_part_capit_fss]" Column="dat_fim_hpcap" />
                    <ColumnReference Database="[Amd_Prev_Prod]" Schema="[dbo]" Table="[participante_fss]" Column="cod_emprs" />
                    <ColumnReference Database="[Amd_Prev_Prod]" Schema="[dbo]" Table="[empregado]" Column="num_rgtro_emprg" />
                    <ColumnReference Database="[Amd_Prev_Prod]" Schema="[dbo]" Table="[empregado]" Column="nom_emprg" />
                    <ColumnReference Database="[Amd_Prev_Prod]" Schema="[dbo]" Table="[empregado]" Column="num_cpf_emprg" />
                    <ColumnReference Database="[Amd_Prev_Prod]" Schema="[dbo]" Table="[empregado]" Column="num_ctcor_emprg" />
                    <ColumnReference Database="[Amd_Prev_Prod]" Schema="[dbo]" Table="[empregado]" Column="cod_banco" />
                    <ColumnReference Database="[Amd_Prev_Prod]" Schema="[dbo]" Table="[empregado]" Column="cod_agbco" />
                    <ColumnReference Database="[Amd_Prev_Prod]" Schema="[dbo]" Table="[empregado]" Column="cod_mtdsl" />
                    <ColumnReference Database="[Amd_Prev_Prod]" Schema="[dbo]" Table="[empregado]" Column="Tip_ctcor_emprg" />
                    <ColumnReference Database="[Amd_Prev_Prod]" Schema="[dbo]" Table="[adesao_plano_partic_fss]" Column="num_matr_partf" />
                    <ColumnReference Database="[Amd_Prev_Prod]" Schema="[dbo]" Table="[adesao_plano_partic_fss]" Column="num_plbnf" />
                    <ColumnReference Database="[Amd_Prev_Prod]" Schema="[dbo]" Table="[adesao_plano_partic_fss]" Column="cod_tppcp" />
                    <ColumnReference Database="[Amd_Prev_Prod]" Schema="[dbo]" Table="[adesao_plano_partic_fss]" Column="cod_sitpar" />
                    <ColumnReference Column="Expr1015" />
                    <ColumnReference Column="Expr1016" />
                  </OutputList>
                  <MemoryFractions Input="0.58638" Output="1" />
                  <Sort Distinct="false">
                    <OrderBy>
                      <OrderByColumn Ascending="true">
                        <ColumnReference Database="[Amd_Prev_Prod]" Schema="[dbo]" Table="[participante_fss]" Column="cod_emprs" />
                      </OrderByColumn>
                      <OrderByColumn Ascending="true">
                        <ColumnReference Database="[Amd_Prev_Prod]" Schema="[dbo]" Table="[empregado]" Column="num_rgtro_emprg" />
                      </OrderByColumn>
                    </OrderBy>
                    <RelOp AvgRowSize="137" EstimateCPU="2.6668E-05" EstimateIO="0" EstimateRebinds="0" EstimateRewinds="0" EstimateRows="1066.72" LogicalOp="Compute Scalar" NodeId="3" Parallel="true" PhysicalOp="Compute Scalar" EstimatedTotalSubtreeCost="86.1067">
                      <OutputList>
                        <ColumnReference Database="[Amd_Prev_Prod]" Schema="[dbo]" Table="[hist_part_capit_fss]" Column="dat_fim_hpcap" />
                        <ColumnReference Database="[Amd_Prev_Prod]" Schema="[dbo]" Table="[participante_fss]" Column="cod_emprs" />
                        <ColumnReference Database="[Amd_Prev_Prod]" Schema="[dbo]" Table="[empregado]" Column="num_rgtro_emprg" />
                        <ColumnReference Database="[Amd_Prev_Prod]" Schema="[dbo]" Table="[empregado]" Column="nom_emprg" />
                        <ColumnReference Database="[Amd_Prev_Prod]" Schema="[dbo]" Table="[empregado]" Column="num_cpf_emprg" />
                        <ColumnReference Database="[Amd_Prev_Prod]" Schema="[dbo]" Table="[empregado]" Column="num_ctcor_emprg" />
                        <ColumnReference Database="[Amd_Prev_Prod]" Schema="[dbo]" Table="[empregado]" Column="cod_banco" />
                        <ColumnReference Database="[Amd_Prev_Prod]" Schema="[dbo]" Table="[empregado]" Column="cod_agbco" />
                        <ColumnReference Database="[Amd_Prev_Prod]" Schema="[dbo]" Table="[empregado]" Column="cod_mtdsl" />
                        <ColumnReference Database="[Amd_Prev_Prod]" Schema="[dbo]" Table="[empregado]" Column="Tip_ctcor_emprg" />
                        <ColumnReference Database="[Amd_Prev_Prod]" Schema="[dbo]" Table="[adesao_plano_partic_fss]" Column="num_matr_partf" />
                        <ColumnReference Database="[Amd_Prev_Prod]" Schema="[dbo]" Table="[adesao_plano_partic_fss]" Column="num_plbnf" />
                        <ColumnReference Database="[Amd_Prev_Prod]" Schema="[dbo]" Table="[adesao_plano_partic_fss]" Column="cod_tppcp" />
                        <ColumnReference Database="[Amd_Prev_Prod]" Schema="[dbo]" Table="[adesao_plano_partic_fss]" Column="cod_sitpar" />
                        <ColumnReference Column="Expr1015" />
                        <ColumnReference Column="Expr1016" />
                      </OutputList>
                      <ComputeScalar>
                        <DefinedValues>
                          <DefinedValue>
                            <ColumnReference Column="Expr1015" />
                            <ScalarOperator ScalarString="isnull([Amd_Prev_Prod].[dbo].[empregado].[dat_deslg_emprg],'1900-01-01 00:00:00.000')">
                              <Intrinsic FunctionName="isnull">
                                <ScalarOperator>
                                  <Identifier>
                                    <ColumnReference Database="[Amd_Prev_Prod]" Schema="[dbo]" Table="[empregado]" Column="dat_deslg_emprg" />
                                  </Identifier>
                                </ScalarOperator>
                                <ScalarOperator>
                                  <Const ConstValue="'1900-01-01 00:00:00.000'" />
                                </ScalarOperator>
                              </Intrinsic>
                            </ScalarOperator>
                          </DefinedValue>
                        </DefinedValues>
                        <RelOp AvgRowSize="137" EstimateCPU="0.00111472" EstimateIO="0" EstimateRebinds="0" EstimateRewinds="0" EstimateRows="1066.72" LogicalOp="Inner Join" NodeId="4" Parallel="true" PhysicalOp="Nested Loops" EstimatedTotalSubtreeCost="86.1066">
                          <OutputList>
                            <ColumnReference Database="[Amd_Prev_Prod]" Schema="[dbo]" Table="[hist_part_capit_fss]" Column="dat_fim_hpcap" />
                            <ColumnReference Database="[Amd_Prev_Prod]" Schema="[dbo]" Table="[participante_fss]" Column="cod_emprs" />
                            <ColumnReference Database="[Amd_Prev_Prod]" Schema="[dbo]" Table="[empregado]" Column="num_rgtro_emprg" />
                            <ColumnReference Database="[Amd_Prev_Prod]" Schema="[dbo]" Table="[empregado]" Column="dat_deslg_emprg" />
                            <ColumnReference Database="[Amd_Prev_Prod]" Schema="[dbo]" Table="[empregado]" Column="nom_emprg" />
                            <ColumnReference Database="[Amd_Prev_Prod]" Schema="[dbo]" Table="[empregado]" Column="num_cpf_emprg" />
                            <ColumnReference Database="[Amd_Prev_Prod]" Schema="[dbo]" Table="[empregado]" Column="num_ctcor_emprg" />
                            <ColumnReference Database="[Amd_Prev_Prod]" Schema="[dbo]" Table="[empregado]" Column="cod_banco" />
                            <ColumnReference Database="[Amd_Prev_Prod]" Schema="[dbo]" Table="[empregado]" Column="cod_agbco" />
                            <ColumnReference Database="[Amd_Prev_Prod]" Schema="[dbo]" Table="[empregado]" Column="cod_mtdsl" />
                            <ColumnReference Database="[Amd_Prev_Prod]" Schema="[dbo]" Table="[empregado]" Column="Tip_ctcor_emprg" />
                            <ColumnReference Database="[Amd_Prev_Prod]" Schema="[dbo]" Table="[adesao_plano_partic_fss]" Column="num_matr_partf" />
                            <ColumnReference Database="[Amd_Prev_Prod]" Schema="[dbo]" Table="[adesao_plano_partic_fss]" Column="num_plbnf" />
                            <ColumnReference Database="[Amd_Prev_Prod]" Schema="[dbo]" Table="[adesao_plano_partic_fss]" Column="cod_tppcp" />
                            <ColumnReference Database="[Amd_Prev_Prod]" Schema="[dbo]" Table="[adesao_plano_partic_fss]" Column="cod_sitpar" />
                            <ColumnReference Column="Expr1016" />
                          </OutputList>
                          <NestedLoops Optimized="true" WithUnorderedPrefetch="true">
                            <OuterReferences>
                              <ColumnReference Database="[Amd_Prev_Prod]" Schema="[dbo]" Table="[participante_fss]" Column="cod_emprs" />
                              <ColumnReference Database="[Amd_Prev_Prod]" Schema="[dbo]" Table="[participante_fss]" Column="num_rgtro_emprg" />
                              <ColumnReference Column="Expr1022" />
                            </OuterReferences>
                            <RelOp AvgRowSize="57" EstimateCPU="0.128605" EstimateIO="0" EstimateRebinds="0" EstimateRewinds="0" EstimateRows="1066.72" LogicalOp="Inner Join" NodeId="8" Parallel="true" PhysicalOp="Hash Match" EstimatedTotalSubtreeCost="83.2178">
                              <OutputList>
                                <ColumnReference Database="[Amd_Prev_Prod]" Schema="[dbo]" Table="[hist_part_capit_fss]" Column="dat_fim_hpcap" />
                                <ColumnReference Database="[Amd_Prev_Prod]" Schema="[dbo]" Table="[participante_fss]" Column="cod_emprs" />
                                <ColumnReference Database="[Amd_Prev_Prod]" Schema="[dbo]" Table="[participante_fss]" Column="num_rgtro_emprg" />
                                <ColumnReference Database="[Amd_Prev_Prod]" Schema="[dbo]" Table="[adesao_plano_partic_fss]" Column="num_matr_partf" />
                                <ColumnReference Database="[Amd_Prev_Prod]" Schema="[dbo]" Table="[adesao_plano_partic_fss]" Column="num_plbnf" />
                                <ColumnReference Database="[Amd_Prev_Prod]" Schema="[dbo]" Table="[adesao_plano_partic_fss]" Column="cod_tppcp" />
                                <ColumnReference Database="[Amd_Prev_Prod]" Schema="[dbo]" Table="[adesao_plano_partic_fss]" Column="cod_sitpar" />
                                <ColumnReference Column="Expr1016" />
                              </OutputList>
                              <MemoryFractions Input="0.0437257" Output="0.408241" />
                              <Hash>
                                <DefinedValues />
                                <HashKeysBuild>
                                  <ColumnReference Database="[Amd_Prev_Prod]" Schema="[dbo]" Table="[adesao_plano_partic_fss]" Column="num_matr_partf" />
                                </HashKeysBuild>
                                <HashKeysProbe>
                                  <ColumnReference Database="[Amd_Prev_Prod]" Schema="[dbo]" Table="[participante_fss]" Column="num_matr_partf" />
                                </HashKeysProbe>
                                <ProbeResidual>
                                  <ScalarOperator ScalarString="[Amd_Prev_Prod].[dbo].[adesao_plano_partic_fss].[num_matr_partf]=[Amd_Prev_Prod].[dbo].[participante_fss].[num_matr_partf]">
                                    <Compare CompareOp="EQ">
                                      <ScalarOperator>
                                        <Identifier>
                                          <ColumnReference Database="[Amd_Prev_Prod]" Schema="[dbo]" Table="[adesao_plano_partic_fss]" Column="num_matr_partf" />
                                        </Identifier>
                                      </ScalarOperator>
                                      <ScalarOperator>
                                        <Identifier>
                                          <ColumnReference Database="[Amd_Prev_Prod]" Schema="[dbo]" Table="[participante_fss]" Column="num_matr_partf" />
                                        </Identifier>
                                      </ScalarOperator>
                                    </Compare>
                                  </ScalarOperator>
                                </ProbeResidual>
                                <RelOp AvgRowSize="43" EstimateCPU="0.033668" EstimateIO="0" EstimateRebinds="0" EstimateRewinds="0" EstimateRows="2924.44" LogicalOp="Bitmap Create" NodeId="9" Parallel="true" PhysicalOp="Bitmap" EstimatedTotalSubtreeCost="82.8657">
                                  <OutputList>
                                    <ColumnReference Database="[Amd_Prev_Prod]" Schema="[dbo]" Table="[hist_part_capit_fss]" Column="dat_fim_hpcap" />
                                    <ColumnReference Database="[Amd_Prev_Prod]" Schema="[dbo]" Table="[adesao_plano_partic_fss]" Column="num_matr_partf" />
                                    <ColumnReference Database="[Amd_Prev_Prod]" Schema="[dbo]" Table="[adesao_plano_partic_fss]" Column="num_plbnf" />
                                    <ColumnReference Database="[Amd_Prev_Prod]" Schema="[dbo]" Table="[adesao_plano_partic_fss]" Column="cod_tppcp" />
                                    <ColumnReference Database="[Amd_Prev_Prod]" Schema="[dbo]" Table="[adesao_plano_partic_fss]" Column="cod_sitpar" />
                                    <ColumnReference Column="Expr1016" />
                                  </OutputList>
                                  <Bitmap>
                                    <DefinedValues>
                                      <DefinedValue>
                                        <ColumnReference Column="Bitmap1021" />
                                      </DefinedValue>
                                    </DefinedValues>
                                    <HashKeys>
                                      <ColumnReference Database="[Amd_Prev_Prod]" Schema="[dbo]" Table="[adesao_plano_partic_fss]" Column="num_matr_partf" />
                                    </HashKeys>
                                    <RelOp AvgRowSize="43" EstimateCPU="0.033668" EstimateIO="0" EstimateRebinds="0" EstimateRewinds="0" EstimateRows="2924.44" LogicalOp="Repartition Streams" NodeId="10" Parallel="true" PhysicalOp="Parallelism" EstimatedTotalSubtreeCost="82.8657">
                                      <OutputList>
                                        <ColumnReference Database="[Amd_Prev_Prod]" Schema="[dbo]" Table="[hist_part_capit_fss]" Column="dat_fim_hpcap" />
                                        <ColumnReference Database="[Amd_Prev_Prod]" Schema="[dbo]" Table="[adesao_plano_partic_fss]" Column="num_matr_partf" />
                                        <ColumnReference Database="[Amd_Prev_Prod]" Schema="[dbo]" Table="[adesao_plano_partic_fss]" Column="num_plbnf" />
                                        <ColumnReference Database="[Amd_Prev_Prod]" Schema="[dbo]" Table="[adesao_plano_partic_fss]" Column="cod_tppcp" />
                                        <ColumnReference Database="[Amd_Prev_Prod]" Schema="[dbo]" Table="[adesao_plano_partic_fss]" Column="cod_sitpar" />
                                        <ColumnReference Column="Expr1016" />
                                      </OutputList>
                                      <Parallelism PartitioningType="Hash">
                                        <PartitionColumns>
                                          <ColumnReference Database="[Amd_Prev_Prod]" Schema="[dbo]" Table="[adesao_plano_partic_fss]" Column="num_matr_partf" />
                                        </PartitionColumns>
                                        <RelOp AvgRowSize="43" EstimateCPU="0.0775588" EstimateIO="0" EstimateRebinds="0" EstimateRewinds="0" EstimateRows="2924.44" LogicalOp="Aggregate" NodeId="11" Parallel="true" PhysicalOp="Hash Match" EstimatedTotalSubtreeCost="82.832">
                                          <OutputList>
                                            <ColumnReference Database="[Amd_Prev_Prod]" Schema="[dbo]" Table="[hist_part_capit_fss]" Column="dat_fim_hpcap" />
                                            <ColumnReference Database="[Amd_Prev_Prod]" Schema="[dbo]" Table="[adesao_plano_partic_fss]" Column="num_matr_partf" />
                                            <ColumnReference Database="[Amd_Prev_Prod]" Schema="[dbo]" Table="[adesao_plano_partic_fss]" Column="num_plbnf" />
                                            <ColumnReference Database="[Amd_Prev_Prod]" Schema="[dbo]" Table="[adesao_plano_partic_fss]" Column="cod_tppcp" />
                                            <ColumnReference Database="[Amd_Prev_Prod]" Schema="[dbo]" Table="[adesao_plano_partic_fss]" Column="cod_sitpar" />
                                            <ColumnReference Column="Expr1016" />
                                          </OutputList>
                                          <MemoryFractions Input="0" Output="0" />
                                          <Hash>
                                            <DefinedValues>
                                              <DefinedValue>
                                                <ColumnReference Column="Expr1016" />
                                                <ScalarOperator ScalarString="MAX([partialagg1017])">
                                                  <Aggregate AggType="MAX" Distinct="false">
                                                    <ScalarOperator>
                                                      <Identifier>
                                                        <ColumnReference Column="partialagg1017" />
                                                      </Identifier>
                                                    </ScalarOperator>
                                                  </Aggregate>
                                                </ScalarOperator>
                                              </DefinedValue>
                                              <DefinedValue>
                                                <ColumnReference Database="[Amd_Prev_Prod]" Schema="[dbo]" Table="[adesao_plano_partic_fss]" Column="num_matr_partf" />
                                                <ScalarOperator ScalarString="ANY([Amd_Prev_Prod].[dbo].[adesao_plano_partic_fss].[num_matr_partf])">
                                                  <Aggregate AggType="ANY" Distinct="false">
                                                    <ScalarOperator>
                                                      <Identifier>
                                                        <ColumnReference Database="[Amd_Prev_Prod]" Schema="[dbo]" Table="[adesao_plano_partic_fss]" Column="num_matr_partf" />
                                                      </Identifier>
                                                    </ScalarOperator>
                                                  </Aggregate>
                                                </ScalarOperator>
                                              </DefinedValue>
                                              <DefinedValue>
                                                <ColumnReference Database="[Amd_Prev_Prod]" Schema="[dbo]" Table="[adesao_plano_partic_fss]" Column="cod_tppcp" />
                                                <ScalarOperator ScalarString="ANY([Amd_Prev_Prod].[dbo].[adesao_plano_partic_fss].[cod_tppcp])">
                                                  <Aggregate AggType="ANY" Distinct="false">
                                                    <ScalarOperator>
                                                      <Identifier>
                                                        <ColumnReference Database="[Amd_Prev_Prod]" Schema="[dbo]" Table="[adesao_plano_partic_fss]" Column="cod_tppcp" />
                                                      </Identifier>
                                                    </ScalarOperator>
                                                  </Aggregate>
                                                </ScalarOperator>
                                              </DefinedValue>
                                              <DefinedValue>
                                                <ColumnReference Database="[Amd_Prev_Prod]" Schema="[dbo]" Table="[adesao_plano_partic_fss]" Column="cod_sitpar" />
                                                <ScalarOperator ScalarString="ANY([Amd_Prev_Prod].[dbo].[adesao_plano_partic_fss].[cod_sitpar])">
                                                  <Aggregate AggType="ANY" Distinct="false">
                                                    <ScalarOperator>
                                                      <Identifier>
                                                        <ColumnReference Database="[Amd_Prev_Prod]" Schema="[dbo]" Table="[adesao_plano_partic_fss]" Column="cod_sitpar" />
                                                      </Identifier>
                                                    </ScalarOperator>
                                                  </Aggregate>
                                                </ScalarOperator>
                                              </DefinedValue>
                                              <DefinedValue>
                                                <ColumnReference Database="[Amd_Prev_Prod]" Schema="[dbo]" Table="[adesao_plano_partic_fss]" Column="num_plbnf" />
                                                <ScalarOperator ScalarString="ANY([Amd_Prev_Prod].[dbo].[adesao_plano_partic_fss].[num_plbnf])">
                                                  <Aggregate AggType="ANY" Distinct="false">
                                                    <ScalarOperator>
                                                      <Identifier>
                                                        <ColumnReference Database="[Amd_Prev_Prod]" Schema="[dbo]" Table="[adesao_plano_partic_fss]" Column="num_plbnf" />
                                                      </Identifier>
                                                    </ScalarOperator>
                                                  </Aggregate>
                                                </ScalarOperator>
                                              </DefinedValue>
                                            </DefinedValues>
                                            <HashKeysBuild>
                                              <ColumnReference Database="[Amd_Prev_Prod]" Schema="[dbo]" Table="[hist_part_capit_fss]" Column="num_matr_partf" />
                                              <ColumnReference Database="[Amd_Prev_Prod]" Schema="[dbo]" Table="[hist_part_capit_fss]" Column="dat_fim_hpcap" />
                                              <ColumnReference Database="[Amd_Prev_Prod]" Schema="[dbo]" Table="[hist_part_capit_fss]" Column="num_plbnf" />
                                            </HashKeysBuild>
                                            <BuildResidual>
                                              <ScalarOperator ScalarString="[Amd_Prev_Prod].[dbo].[hist_part_capit_fss].[num_matr_partf] = [Amd_Prev_Prod].[dbo].[hist_part_capit_fss].[num_matr_partf] AND [Amd_Prev_Prod].[dbo].[hist_part_capit_fss].[dat_fim_hpcap] = [Amd_Prev_Prod].[dbo].[hist_part_capit_fss].[dat_fim_hpcap] AND [Amd_Prev_Prod].[dbo].[hist_part_capit_fss].[num_plbnf] = [Amd_Prev_Prod].[dbo].[hist_part_capit_fss].[num_plbnf]">
                                                <Logical Operation="AND">
                                                  <ScalarOperator>
                                                    <Logical Operation="AND">
                                                      <ScalarOperator>
                                                        <Compare CompareOp="IS">
                                                          <ScalarOperator>
                                                            <Identifier>
                                                              <ColumnReference Database="[Amd_Prev_Prod]" Schema="[dbo]" Table="[hist_part_capit_fss]" Column="num_matr_partf" />
                                                            </Identifier>
                                                          </ScalarOperator>
                                                          <ScalarOperator>
                                                            <Identifier>
                                                              <ColumnReference Database="[Amd_Prev_Prod]" Schema="[dbo]" Table="[hist_part_capit_fss]" Column="num_matr_partf" />
                                                            </Identifier>
                                                          </ScalarOperator>
                                                        </Compare>
                                                      </ScalarOperator>
                                                      <ScalarOperator>
                                                        <Compare CompareOp="IS">
                                                          <ScalarOperator>
                                                            <Identifier>
                                                              <ColumnReference Database="[Amd_Prev_Prod]" Schema="[dbo]" Table="[hist_part_capit_fss]" Column="dat_fim_hpcap" />
                                                            </Identifier>
                                                          </ScalarOperator>
                                                          <ScalarOperator>
                                                            <Identifier>
                                                              <ColumnReference Database="[Amd_Prev_Prod]" Schema="[dbo]" Table="[hist_part_capit_fss]" Column="dat_fim_hpcap" />
                                                            </Identifier>
                                                          </ScalarOperator>
                                                        </Compare>
                                                      </ScalarOperator>
                                                    </Logical>
                                                  </ScalarOperator>
                                                  <ScalarOperator>
                                                    <Compare CompareOp="IS">
                                                      <ScalarOperator>
                                                        <Identifier>
                                                          <ColumnReference Database="[Amd_Prev_Prod]" Schema="[dbo]" Table="[hist_part_capit_fss]" Column="num_plbnf" />
                                                        </Identifier>
                                                      </ScalarOperator>
                                                      <ScalarOperator>
                                                        <Identifier>
                                                          <ColumnReference Database="[Amd_Prev_Prod]" Schema="[dbo]" Table="[hist_part_capit_fss]" Column="num_plbnf" />
                                                        </Identifier>
                                                      </ScalarOperator>
                                                    </Compare>
                                                  </ScalarOperator>
                                                </Logical>
                                              </ScalarOperator>
                                            </BuildResidual>
                                            <RelOp AvgRowSize="53" EstimateCPU="0.0571087" EstimateIO="0" EstimateRebinds="0" EstimateRewinds="0" EstimateRows="12079.8" LogicalOp="Repartition Streams" NodeId="12" Parallel="true" PhysicalOp="Parallelism" EstimatedTotalSubtreeCost="82.7545">
                                              <OutputList>
                                                <ColumnReference Database="[Amd_Prev_Prod]" Schema="[dbo]" Table="[hist_part_capit_fss]" Column="num_matr_partf" />
                                                <ColumnReference Database="[Amd_Prev_Prod]" Schema="[dbo]" Table="[hist_part_capit_fss]" Column="num_plbnf" />
                                                <ColumnReference Database="[Amd_Prev_Prod]" Schema="[dbo]" Table="[hist_part_capit_fss]" Column="dat_fim_hpcap" />
                                                <ColumnReference Database="[Amd_Prev_Prod]" Schema="[dbo]" Table="[adesao_plano_partic_fss]" Column="num_matr_partf" />
                                                <ColumnReference Database="[Amd_Prev_Prod]" Schema="[dbo]" Table="[adesao_plano_partic_fss]" Column="num_plbnf" />
                                                <ColumnReference Database="[Amd_Prev_Prod]" Schema="[dbo]" Table="[adesao_plano_partic_fss]" Column="cod_tppcp" />
                                                <ColumnReference Database="[Amd_Prev_Prod]" Schema="[dbo]" Table="[adesao_plano_partic_fss]" Column="cod_sitpar" />
                                                <ColumnReference Column="partialagg1017" />
                                              </OutputList>
                                              <Parallelism PartitioningType="Hash">
                                                <PartitionColumns>
                                                  <ColumnReference Database="[Amd_Prev_Prod]" Schema="[dbo]" Table="[hist_part_capit_fss]" Column="num_matr_partf" />
                                                  <ColumnReference Database="[Amd_Prev_Prod]" Schema="[dbo]" Table="[hist_part_capit_fss]" Column="dat_fim_hpcap" />
                                                  <ColumnReference Database="[Amd_Prev_Prod]" Schema="[dbo]" Table="[hist_part_capit_fss]" Column="num_plbnf" />
                                                </PartitionColumns>
                                                <RelOp AvgRowSize="53" EstimateCPU="0.181436" EstimateIO="0" EstimateRebinds="0" EstimateRewinds="0" EstimateRows="12079.8" LogicalOp="Inner Join" NodeId="13" Parallel="true" PhysicalOp="Hash Match" EstimatedTotalSubtreeCost="82.6974">
                                                  <OutputList>
                                                    <ColumnReference Database="[Amd_Prev_Prod]" Schema="[dbo]" Table="[hist_part_capit_fss]" Column="num_matr_partf" />
                                                    <ColumnReference Database="[Amd_Prev_Prod]" Schema="[dbo]" Table="[hist_part_capit_fss]" Column="num_plbnf" />
                                                    <ColumnReference Database="[Amd_Prev_Prod]" Schema="[dbo]" Table="[hist_part_capit_fss]" Column="dat_fim_hpcap" />
                                                    <ColumnReference Database="[Amd_Prev_Prod]" Schema="[dbo]" Table="[adesao_plano_partic_fss]" Column="num_matr_partf" />
                                                    <ColumnReference Database="[Amd_Prev_Prod]" Schema="[dbo]" Table="[adesao_plano_partic_fss]" Column="num_plbnf" />
                                                    <ColumnReference Database="[Amd_Prev_Prod]" Schema="[dbo]" Table="[adesao_plano_partic_fss]" Column="cod_tppcp" />
                                                    <ColumnReference Database="[Amd_Prev_Prod]" Schema="[dbo]" Table="[adesao_plano_partic_fss]" Column="cod_sitpar" />
                                                    <ColumnReference Column="partialagg1017" />
                                                  </OutputList>
                                                  <MemoryFractions Input="0.0928422" Output="1" />
                                                  <Hash>
                                                    <DefinedValues />
                                                    <HashKeysBuild>
                                                      <ColumnReference Database="[Amd_Prev_Prod]" Schema="[dbo]" Table="[adesao_plano_partic_fss]" Column="num_matr_partf" />
                                                      <ColumnReference Database="[Amd_Prev_Prod]" Schema="[dbo]" Table="[adesao_plano_partic_fss]" Column="num_plbnf" />
                                                    </HashKeysBuild>
                                                    <HashKeysProbe>
                                                      <ColumnReference Database="[Amd_Prev_Prod]" Schema="[dbo]" Table="[hist_part_capit_fss]" Column="num_matr_partf" />
                                                      <ColumnReference Database="[Amd_Prev_Prod]" Schema="[dbo]" Table="[hist_part_capit_fss]" Column="num_plbnf" />
                                                    </HashKeysProbe>
                                                    <ProbeResidual>
                                                      <ScalarOperator ScalarString="[Amd_Prev_Prod].[dbo].[hist_part_capit_fss].[num_matr_partf]=[Amd_Prev_Prod].[dbo].[adesao_plano_partic_fss].[num_matr_partf] AND [Amd_Prev_Prod].[dbo].[adesao_plano_partic_fss].[num_plbnf]=[Amd_Prev_Prod].[dbo].[hist_part_capit_fss].[num_plbnf]">
                                                        <Logical Operation="AND">
                                                          <ScalarOperator>
                                                            <Compare CompareOp="EQ">
                                                              <ScalarOperator>
                                                                <Identifier>
                                                                  <ColumnReference Database="[Amd_Prev_Prod]" Schema="[dbo]" Table="[hist_part_capit_fss]" Column="num_matr_partf" />
                                                                </Identifier>
                                                              </ScalarOperator>
                                                              <ScalarOperator>
                                                                <Identifier>
                                                                  <ColumnReference Database="[Amd_Prev_Prod]" Schema="[dbo]" Table="[adesao_plano_partic_fss]" Column="num_matr_partf" />
                                                                </Identifier>
                                                              </ScalarOperator>
                                                            </Compare>
                                                          </ScalarOperator>
                                                          <ScalarOperator>
                                                            <Compare CompareOp="EQ">
                                                              <ScalarOperator>
                                                                <Identifier>
                                                                  <ColumnReference Database="[Amd_Prev_Prod]" Schema="[dbo]" Table="[adesao_plano_partic_fss]" Column="num_plbnf" />
                                                                </Identifier>
                                                              </ScalarOperator>
                                                              <ScalarOperator>
                                                                <Identifier>
                                                                  <ColumnReference Database="[Amd_Prev_Prod]" Schema="[dbo]" Table="[hist_part_capit_fss]" Column="num_plbnf" />
                                                                </Identifier>
                                                              </ScalarOperator>
                                                            </Compare>
                                                          </ScalarOperator>
                                                        </Logical>
                                                      </ScalarOperator>
                                                    </ProbeResidual>
                                                    <RelOp AvgRowSize="35" EstimateCPU="0.697577" EstimateIO="0" EstimateRebinds="0" EstimateRewinds="0" EstimateRows="8172.99" LogicalOp="Bitmap Create" NodeId="14" Parallel="true" PhysicalOp="Bitmap" EstimatedTotalSubtreeCost="80.9169">
                                                      <OutputList>
                                                        <ColumnReference Database="[Amd_Prev_Prod]" Schema="[dbo]" Table="[adesao_plano_partic_fss]" Column="num_matr_partf" />
                                                        <ColumnReference Database="[Amd_Prev_Prod]" Schema="[dbo]" Table="[adesao_plano_partic_fss]" Column="num_plbnf" />
                                                        <ColumnReference Database="[Amd_Prev_Prod]" Schema="[dbo]" Table="[adesao_plano_partic_fss]" Column="cod_tppcp" />
                                                        <ColumnReference Database="[Amd_Prev_Prod]" Schema="[dbo]" Table="[adesao_plano_partic_fss]" Column="cod_sitpar" />
                                                        <ColumnReference Column="partialagg1017" />
                                                      </OutputList>
                                                      <Bitmap>
                                                        <DefinedValues>
                                                          <DefinedValue>
                                                            <ColumnReference Column="Bitmap1020" />
                                                          </DefinedValue>
                                                        </DefinedValues>
                                                        <HashKeys>
                                                          <ColumnReference Database="[Amd_Prev_Prod]" Schema="[dbo]" Table="[adesao_plano_partic_fss]" Column="num_matr_partf" />
                                                          <ColumnReference Database="[Amd_Prev_Prod]" Schema="[dbo]" Table="[adesao_plano_partic_fss]" Column="num_plbnf" />
                                                        </HashKeys>
                                                        <RelOp AvgRowSize="35" EstimateCPU="0.697577" EstimateIO="0" EstimateRebinds="0" EstimateRewinds="0" EstimateRows="8172.99" LogicalOp="Aggregate" NodeId="15" Parallel="true" PhysicalOp="Hash Match" EstimatedTotalSubtreeCost="80.9169">
                                                          <OutputList>
                                                            <ColumnReference Database="[Amd_Prev_Prod]" Schema="[dbo]" Table="[adesao_plano_partic_fss]" Column="num_matr_partf" />
                                                            <ColumnReference Database="[Amd_Prev_Prod]" Schema="[dbo]" Table="[adesao_plano_partic_fss]" Column="num_plbnf" />
                                                            <ColumnReference Database="[Amd_Prev_Prod]" Schema="[dbo]" Table="[adesao_plano_partic_fss]" Column="cod_tppcp" />
                                                            <ColumnReference Database="[Amd_Prev_Prod]" Schema="[dbo]" Table="[adesao_plano_partic_fss]" Column="cod_sitpar" />
                                                            <ColumnReference Column="partialagg1017" />
                                                          </OutputList>
                                                          <MemoryFractions Input="0.0305481" Output="0.907158" />
                                                          <Hash>
                                                            <DefinedValues>
                                                              <DefinedValue>
                                                                <ColumnReference Column="partialagg1017" />
                                                                <ScalarOperator ScalarString="MAX([Amd_Prev_Prod].[dbo].[mov_cont_partic_fss].[dat_mvcpr])">
                                                                  <Aggregate AggType="MAX" Distinct="false">
                                                                    <ScalarOperator>
                                                                      <Identifier>
                                                                        <ColumnReference Database="[Amd_Prev_Prod]" Schema="[dbo]" Table="[mov_cont_partic_fss]" Column="dat_mvcpr" />
                                                                      </Identifier>
                                                                    </ScalarOperator>
                                                                  </Aggregate>
                                                                </ScalarOperator>
                                                              </DefinedValue>
                                                              <DefinedValue>
                                                                <ColumnReference Database="[Amd_Prev_Prod]" Schema="[dbo]" Table="[adesao_plano_partic_fss]" Column="cod_tppcp" />
                                                                <ScalarOperator ScalarString="ANY([Amd_Prev_Prod].[dbo].[adesao_plano_partic_fss].[cod_tppcp])">
                                                                  <Aggregate AggType="ANY" Distinct="false">
                                                                    <ScalarOperator>
                                                                      <Identifier>
                                                                        <ColumnReference Database="[Amd_Prev_Prod]" Schema="[dbo]" Table="[adesao_plano_partic_fss]" Column="cod_tppcp" />
                                                                      </Identifier>
                                                                    </ScalarOperator>
                                                                  </Aggregate>
                                                                </ScalarOperator>
                                                              </DefinedValue>
                                                              <DefinedValue>
                                                                <ColumnReference Database="[Amd_Prev_Prod]" Schema="[dbo]" Table="[adesao_plano_partic_fss]" Column="cod_sitpar" />
                                                                <ScalarOperator ScalarString="ANY([Amd_Prev_Prod].[dbo].[adesao_plano_partic_fss].[cod_sitpar])">
                                                                  <Aggregate AggType="ANY" Distinct="false">
                                                                    <ScalarOperator>
                                                                      <Identifier>
                                                                        <ColumnReference Database="[Amd_Prev_Prod]" Schema="[dbo]" Table="[adesao_plano_partic_fss]" Column="cod_sitpar" />
                                                                      </Identifier>
                                                                    </ScalarOperator>
                                                                  </Aggregate>
                                                                </ScalarOperator>
                                                              </DefinedValue>
                                                            </DefinedValues>
                                                            <HashKeysBuild>
                                                              <ColumnReference Database="[Amd_Prev_Prod]" Schema="[dbo]" Table="[adesao_plano_partic_fss]" Column="num_matr_partf" />
                                                              <ColumnReference Database="[Amd_Prev_Prod]" Schema="[dbo]" Table="[adesao_plano_partic_fss]" Column="num_plbnf" />
                                                            </HashKeysBuild>
                                                            <BuildResidual>
                                                              <ScalarOperator ScalarString="[Amd_Prev_Prod].[dbo].[adesao_plano_partic_fss].[num_matr_partf] = [Amd_Prev_Prod].[dbo].[adesao_plano_partic_fss].[num_matr_partf] AND [Amd_Prev_Prod].[dbo].[adesao_plano_partic_fss].[num_plbnf] = [Amd_Prev_Prod].[dbo].[adesao_plano_partic_fss].[num_plbnf]">
                                                                <Logical Operation="AND">
                                                                  <ScalarOperator>
                                                                    <Compare CompareOp="IS">
                                                                      <ScalarOperator>
                                                                        <Identifier>
                                                                          <ColumnReference Database="[Amd_Prev_Prod]" Schema="[dbo]" Table="[adesao_plano_partic_fss]" Column="num_matr_partf" />
                                                                        </Identifier>
                                                                      </ScalarOperator>
                                                                      <ScalarOperator>
                                                                        <Identifier>
                                                                          <ColumnReference Database="[Amd_Prev_Prod]" Schema="[dbo]" Table="[adesao_plano_partic_fss]" Column="num_matr_partf" />
                                                                        </Identifier>
                                                                      </ScalarOperator>
                                                                    </Compare>
                                                                  </ScalarOperator>
                                                                  <ScalarOperator>
                                                                    <Compare CompareOp="IS">
                                                                      <ScalarOperator>
                                                                        <Identifier>
                                                                          <ColumnReference Database="[Amd_Prev_Prod]" Schema="[dbo]" Table="[adesao_plano_partic_fss]" Column="num_plbnf" />
                                                                        </Identifier>
                                                                      </ScalarOperator>
                                                                      <ScalarOperator>
                                                                        <Identifier>
                                                                          <ColumnReference Database="[Amd_Prev_Prod]" Schema="[dbo]" Table="[adesao_plano_partic_fss]" Column="num_plbnf" />
                                                                        </Identifier>
                                                                      </ScalarOperator>
                                                                    </Compare>
                                                                  </ScalarOperator>
                                                                </Logical>
                                                              </ScalarOperator>
                                                            </BuildResidual>
                                                            <RelOp AvgRowSize="35" EstimateCPU="0.567486" EstimateIO="0" EstimateRebinds="0" EstimateRewinds="0" EstimateRows="340390" LogicalOp="Repartition Streams" NodeId="16" Parallel="true" PhysicalOp="Parallelism" EstimatedTotalSubtreeCost="80.2194">
                                                              <OutputList>
                                                                <ColumnReference Database="[Amd_Prev_Prod]" Schema="[dbo]" Table="[mov_cont_partic_fss]" Column="dat_mvcpr" />
                                                                <ColumnReference Database="[Amd_Prev_Prod]" Schema="[dbo]" Table="[adesao_plano_partic_fss]" Column="num_matr_partf" />
                                                                <ColumnReference Database="[Amd_Prev_Prod]" Schema="[dbo]" Table="[adesao_plano_partic_fss]" Column="num_plbnf" />
                                                                <ColumnReference Database="[Amd_Prev_Prod]" Schema="[dbo]" Table="[adesao_plano_partic_fss]" Column="cod_tppcp" />
                                                                <ColumnReference Database="[Amd_Prev_Prod]" Schema="[dbo]" Table="[adesao_plano_partic_fss]" Column="cod_sitpar" />
                                                              </OutputList>
                                                              <Parallelism PartitioningType="Hash">
                                                                <PartitionColumns>
                                                                  <ColumnReference Database="[Amd_Prev_Prod]" Schema="[dbo]" Table="[adesao_plano_partic_fss]" Column="num_matr_partf" />
                                                                  <ColumnReference Database="[Amd_Prev_Prod]" Schema="[dbo]" Table="[adesao_plano_partic_fss]" Column="num_plbnf" />
                                                                </PartitionColumns>
                                                                <RelOp AvgRowSize="35" EstimateCPU="0.137983" EstimateIO="0" EstimateRebinds="0" EstimateRewinds="0" EstimateRows="340390" LogicalOp="Inner Join" NodeId="17" Parallel="true" PhysicalOp="Nested Loops" EstimatedTotalSubtreeCost="79.6519">
                                                                  <OutputList>
                                                                    <ColumnReference Database="[Amd_Prev_Prod]" Schema="[dbo]" Table="[mov_cont_partic_fss]" Column="dat_mvcpr" />
                                                                    <ColumnReference Database="[Amd_Prev_Prod]" Schema="[dbo]" Table="[adesao_plano_partic_fss]" Column="num_matr_partf" />
                                                                    <ColumnReference Database="[Amd_Prev_Prod]" Schema="[dbo]" Table="[adesao_plano_partic_fss]" Column="num_plbnf" />
                                                                    <ColumnReference Database="[Amd_Prev_Prod]" Schema="[dbo]" Table="[adesao_plano_partic_fss]" Column="cod_tppcp" />
                                                                    <ColumnReference Database="[Amd_Prev_Prod]" Schema="[dbo]" Table="[adesao_plano_partic_fss]" Column="cod_sitpar" />
                                                                  </OutputList>
                                                                  <NestedLoops Optimized="true" WithUnorderedPrefetch="true">
                                                                    <OuterReferences>
                                                                      <ColumnReference Database="[Amd_Prev_Prod]" Schema="[dbo]" Table="[adesao_plano_partic_fss]" Column="num_matr_partf" />
                                                                      <ColumnReference Database="[Amd_Prev_Prod]" Schema="[dbo]" Table="[adesao_plano_partic_fss]" Column="dat_fim_adplpr" />
                                                                      <ColumnReference Column="Expr1019" />
                                                                    </OuterReferences>
                                                                    <RelOp AvgRowSize="35" EstimateCPU="0.113792" EstimateIO="0" EstimateRebinds="0" EstimateRewinds="0" EstimateRows="5717.7" LogicalOp="Inner Join" NodeId="21" Parallel="true" PhysicalOp="Hash Match" EstimatedTotalSubtreeCost="0.887034">
                                                                      <OutputList>
                                                                        <ColumnReference Database="[Amd_Prev_Prod]" Schema="[dbo]" Table="[adesao_plano_partic_fss]" Column="num_matr_partf" />
                                                                        <ColumnReference Database="[Amd_Prev_Prod]" Schema="[dbo]" Table="[adesao_plano_partic_fss]" Column="num_plbnf" />
                                                                        <ColumnReference Database="[Amd_Prev_Prod]" Schema="[dbo]" Table="[adesao_plano_partic_fss]" Column="cod_tppcp" />
                                                                        <ColumnReference Database="[Amd_Prev_Prod]" Schema="[dbo]" Table="[adesao_plano_partic_fss]" Column="cod_sitpar" />
                                                                        <ColumnReference Database="[Amd_Prev_Prod]" Schema="[dbo]" Table="[adesao_plano_partic_fss]" Column="dat_fim_adplpr" />
                                                                      </OutputList>
                                                                      <MemoryFractions Input="1" Output="0.0509134" />
                                                                      <Hash>
                                                                        <DefinedValues />
                                                                        <HashKeysBuild>
                                                                          <ColumnReference Database="[Amd_Prev_Prod]" Schema="[dbo]" Table="[adesao_plano_partic_fss]" Column="num_matr_partf" />
                                                                          <ColumnReference Database="[Amd_Prev_Prod]" Schema="[dbo]" Table="[adesao_plano_partic_fss]" Column="num_plbnf" />
                                                                        </HashKeysBuild>
                                                                        <HashKeysProbe>
                                                                          <ColumnReference Database="[Amd_Prev_Prod]" Schema="[dbo]" Table="[adesao_plano_partic_fss]" Column="num_matr_partf" />
                                                                          <ColumnReference Database="[Amd_Prev_Prod]" Schema="[dbo]" Table="[adesao_plano_partic_fss]" Column="num_plbnf" />
                                                                        </HashKeysProbe>
                                                                        <ProbeResidual>
                                                                          <ScalarOperator ScalarString="[Amd_Prev_Prod].[dbo].[adesao_plano_partic_fss].[num_matr_partf] = [Amd_Prev_Prod].[dbo].[adesao_plano_partic_fss].[num_matr_partf] AND [Amd_Prev_Prod].[dbo].[adesao_plano_partic_fss].[num_plbnf] = [Amd_Prev_Prod].[dbo].[adesao_plano_partic_fss].[num_plbnf]">
                                                                            <Logical Operation="AND">
                                                                              <ScalarOperator>
                                                                                <Compare CompareOp="IS">
                                                                                  <ScalarOperator>
                                                                                    <Identifier>
                                                                                      <ColumnReference Database="[Amd_Prev_Prod]" Schema="[dbo]" Table="[adesao_plano_partic_fss]" Column="num_matr_partf" />
                                                                                    </Identifier>
                                                                                  </ScalarOperator>
                                                                                  <ScalarOperator>
                                                                                    <Identifier>
                                                                                      <ColumnReference Database="[Amd_Prev_Prod]" Schema="[dbo]" Table="[adesao_plano_partic_fss]" Column="num_matr_partf" />
                                                                                    </Identifier>
                                                                                  </ScalarOperator>
                                                                                </Compare>
                                                                              </ScalarOperator>
                                                                              <ScalarOperator>
                                                                                <Compare CompareOp="IS">
                                                                                  <ScalarOperator>
                                                                                    <Identifier>
                                                                                      <ColumnReference Database="[Amd_Prev_Prod]" Schema="[dbo]" Table="[adesao_plano_partic_fss]" Column="num_plbnf" />
                                                                                    </Identifier>
                                                                                  </ScalarOperator>
                                                                                  <ScalarOperator>
                                                                                    <Identifier>
                                                                                      <ColumnReference Database="[Amd_Prev_Prod]" Schema="[dbo]" Table="[adesao_plano_partic_fss]" Column="num_plbnf" />
                                                                                    </Identifier>
                                                                                  </ScalarOperator>
                                                                                </Compare>
                                                                              </ScalarOperator>
                                                                            </Logical>
                                                                          </ScalarOperator>
                                                                        </ProbeResidual>
                                                                        <RelOp AvgRowSize="27" EstimateCPU="0.0360742" EstimateIO="0" EstimateRebinds="0" EstimateRewinds="0" EstimateRows="5717.7" LogicalOp="Bitmap Create" NodeId="22" Parallel="true" PhysicalOp="Bitmap" EstimatedTotalSubtreeCost="0.373955">
                                                                          <OutputList>
                                                                            <ColumnReference Database="[Amd_Prev_Prod]" Schema="[dbo]" Table="[adesao_plano_partic_fss]" Column="num_matr_partf" />
                                                                            <ColumnReference Database="[Amd_Prev_Prod]" Schema="[dbo]" Table="[adesao_plano_partic_fss]" Column="num_plbnf" />
                                                                            <ColumnReference Database="[Amd_Prev_Prod]" Schema="[dbo]" Table="[adesao_plano_partic_fss]" Column="cod_tppcp" />
                                                                            <ColumnReference Database="[Amd_Prev_Prod]" Schema="[dbo]" Table="[adesao_plano_partic_fss]" Column="cod_sitpar" />
                                                                          </OutputList>
                                                                          <Bitmap>
                                                                            <DefinedValues>
                                                                              <DefinedValue>
                                                                                <ColumnReference Column="Bitmap1018" />
                                                                              </DefinedValue>
                                                                            </DefinedValues>
                                                                            <HashKeys>
                                                                              <ColumnReference Database="[Amd_Prev_Prod]" Schema="[dbo]" Table="[adesao_plano_partic_fss]" Column="num_matr_partf" />
                                                                              <ColumnReference Database="[Amd_Prev_Prod]" Schema="[dbo]" Table="[adesao_plano_partic_fss]" Column="num_plbnf" />
                                                                            </HashKeys>
                                                                            <RelOp AvgRowSize="27" EstimateCPU="0.0360742" EstimateIO="0" EstimateRebinds="0" EstimateRewinds="0" EstimateRows="5717.7" LogicalOp="Repartition Streams" NodeId="23" Parallel="true" PhysicalOp="Parallelism" EstimatedTotalSubtreeCost="0.373955">
                                                                              <OutputList>
                                                                                <ColumnReference Database="[Amd_Prev_Prod]" Schema="[dbo]" Table="[adesao_plano_partic_fss]" Column="num_matr_partf" />
                                                                                <ColumnReference Database="[Amd_Prev_Prod]" Schema="[dbo]" Table="[adesao_plano_partic_fss]" Column="num_plbnf" />
                                                                                <ColumnReference Database="[Amd_Prev_Prod]" Schema="[dbo]" Table="[adesao_plano_partic_fss]" Column="cod_tppcp" />
                                                                                <ColumnReference Database="[Amd_Prev_Prod]" Schema="[dbo]" Table="[adesao_plano_partic_fss]" Column="cod_sitpar" />
                                                                              </OutputList>
                                                                              <Parallelism PartitioningType="Hash">
                                                                                <PartitionColumns>
                                                                                  <ColumnReference Database="[Amd_Prev_Prod]" Schema="[dbo]" Table="[adesao_plano_partic_fss]" Column="num_matr_partf" />
                                                                                  <ColumnReference Database="[Amd_Prev_Prod]" Schema="[dbo]" Table="[adesao_plano_partic_fss]" Column="num_plbnf" />
                                                                                </PartitionColumns>
                                                                                <RelOp AvgRowSize="27" EstimateCPU="0.0280777" EstimateIO="0.254236" EstimateRebinds="0" EstimateRewinds="0" EstimateRows="5717.7" LogicalOp="Index Scan" NodeId="24" Parallel="true" PhysicalOp="Index Scan" EstimatedTotalSubtreeCost="0.282314">
                                                                                  <OutputList>
                                                                                    <ColumnReference Database="[Amd_Prev_Prod]" Schema="[dbo]" Table="[adesao_plano_partic_fss]" Column="num_matr_partf" />
                                                                                    <ColumnReference Database="[Amd_Prev_Prod]" Schema="[dbo]" Table="[adesao_plano_partic_fss]" Column="num_plbnf" />
                                                                                    <ColumnReference Database="[Amd_Prev_Prod]" Schema="[dbo]" Table="[adesao_plano_partic_fss]" Column="cod_tppcp" />
                                                                                    <ColumnReference Database="[Amd_Prev_Prod]" Schema="[dbo]" Table="[adesao_plano_partic_fss]" Column="cod_sitpar" />
                                                                                  </OutputList>
                                                                                  <IndexScan Ordered="false" ForcedIndex="false" NoExpandHint="false">
                                                                                    <DefinedValues>
                                                                                      <DefinedValue>
                                                                                        <ColumnReference Database="[Amd_Prev_Prod]" Schema="[dbo]" Table="[adesao_plano_partic_fss]" Column="num_matr_partf" />
                                                                                      </DefinedValue>
                                                                                      <DefinedValue>
                                                                                        <ColumnReference Database="[Amd_Prev_Prod]" Schema="[dbo]" Table="[adesao_plano_partic_fss]" Column="num_plbnf" />
                                                                                      </DefinedValue>
                                                                                      <DefinedValue>
                                                                                        <ColumnReference Database="[Amd_Prev_Prod]" Schema="[dbo]" Table="[adesao_plano_partic_fss]" Column="cod_tppcp" />
                                                                                      </DefinedValue>
                                                                                      <DefinedValue>
                                                                                        <ColumnReference Database="[Amd_Prev_Prod]" Schema="[dbo]" Table="[adesao_plano_partic_fss]" Column="cod_sitpar" />
                                                                                      </DefinedValue>
                                                                                    </DefinedValues>
                                                                                    <Object Database="[Amd_Prev_Prod]" Schema="[dbo]" Table="[adesao_plano_partic_fss]" Index="[ix_matr_plbnf_tppcp_sitpar]" />
                                                                                    <Predicate>
                                                                                      <ScalarOperator ScalarString="[Amd_Prev_Prod].[dbo].[adesao_plano_partic_fss].[cod_tppcp]=(1.) AND [Amd_Prev_Prod].[dbo].[adesao_plano_partic_fss].[cod_sitpar]=(4.) AND ([Amd_Prev_Prod].[dbo].[adesao_plano_partic_fss].[num_plbnf]=(21.) OR [Amd_Prev_Prod].[dbo].[adesao_plano_partic_fss].[num_plbnf]=(22.) OR [Amd_Prev_Prod].[dbo].[adesao_plano_partic_fss].[num_plbnf]=(23.) OR [Amd_Prev_Prod].[dbo].[adesao_plano_partic_fss].[num_plbnf]=(24.))">
                                                                                        <Logical Operation="AND">
                                                                                          <ScalarOperator>
                                                                                            <Compare CompareOp="EQ">
                                                                                              <ScalarOperator>
                                                                                                <Identifier>
                                                                                                  <ColumnReference Database="[Amd_Prev_Prod]" Schema="[dbo]" Table="[adesao_plano_partic_fss]" Column="cod_tppcp" />
                                                                                                </Identifier>
                                                                                              </ScalarOperator>
                                                                                              <ScalarOperator>
                                                                                                <Const ConstValue="(1.)" />
                                                                                              </ScalarOperator>
                                                                                            </Compare>
                                                                                          </ScalarOperator>
                                                                                          <ScalarOperator>
                                                                                            <Compare CompareOp="EQ">
                                                                                              <ScalarOperator>
                                                                                                <Identifier>
                                                                                                  <ColumnReference Database="[Amd_Prev_Prod]" Schema="[dbo]" Table="[adesao_plano_partic_fss]" Column="cod_sitpar" />
                                                                                                </Identifier>
                                                                                              </ScalarOperator>
                                                                                              <ScalarOperator>
                                                                                                <Const ConstValue="(4.)" />
                                                                                              </ScalarOperator>
                                                                                            </Compare>
                                                                                          </ScalarOperator>
                                                                                          <ScalarOperator>
                                                                                            <Logical Operation="OR">
                                                                                              <ScalarOperator>
                                                                                                <Compare CompareOp="EQ">
                                                                                                  <ScalarOperator>
                                                                                                    <Identifier>
                                                                                                      <ColumnReference Database="[Amd_Prev_Prod]" Schema="[dbo]" Table="[adesao_plano_partic_fss]" Column="num_plbnf" />
                                                                                                    </Identifier>
                                                                                                  </ScalarOperator>
                                                                                                  <ScalarOperator>
                                                                                                    <Const ConstValue="(21.)" />
                                                                                                  </ScalarOperator>
                                                                                                </Compare>
                                                                                              </ScalarOperator>
                                                                                              <ScalarOperator>
                                                                                                <Compare CompareOp="EQ">
                                                                                                  <ScalarOperator>
                                                                                                    <Identifier>
                                                                                                      <ColumnReference Database="[Amd_Prev_Prod]" Schema="[dbo]" Table="[adesao_plano_partic_fss]" Column="num_plbnf" />
                                                                                                    </Identifier>
                                                                                                  </ScalarOperator>
                                                                                                  <ScalarOperator>
                                                                                                    <Const ConstValue="(22.)" />
                                                                                                  </ScalarOperator>
                                                                                                </Compare>
                                                                                              </ScalarOperator>
                                                                                              <ScalarOperator>
                                                                                                <Compare CompareOp="EQ">
                                                                                                  <ScalarOperator>
                                                                                                    <Identifier>
                                                                                                      <ColumnReference Database="[Amd_Prev_Prod]" Schema="[dbo]" Table="[adesao_plano_partic_fss]" Column="num_plbnf" />
                                                                                                    </Identifier>
                                                                                                  </ScalarOperator>
                                                                                                  <ScalarOperator>
                                                                                                    <Const ConstValue="(23.)" />
                                                                                                  </ScalarOperator>
                                                                                                </Compare>
                                                                                              </ScalarOperator>
                                                                                              <ScalarOperator>
                                                                                                <Compare CompareOp="EQ">
                                                                                                  <ScalarOperator>
                                                                                                    <Identifier>
                                                                                                      <ColumnReference Database="[Amd_Prev_Prod]" Schema="[dbo]" Table="[adesao_plano_partic_fss]" Column="num_plbnf" />
                                                                                                    </Identifier>
                                                                                                  </ScalarOperator>
                                                                                                  <ScalarOperator>
                                                                                                    <Const ConstValue="(24.)" />
                                                                                                  </ScalarOperator>
                                                                                                </Compare>
                                                                                              </ScalarOperator>
                                                                                            </Logical>
                                                                                          </ScalarOperator>
                                                                                        </Logical>
                                                                                      </ScalarOperator>
                                                                                    </Predicate>
                                                                                  </IndexScan>
                                                                                </RelOp>
                                                                              </Parallelism>
                                                                            </RelOp>
                                                                          </Bitmap>
                                                                        </RelOp>
                                                                        <RelOp AvgRowSize="25" EstimateCPU="0.0651678" EstimateIO="0" EstimateRebinds="0" EstimateRewinds="0" EstimateRows="31355" LogicalOp="Repartition Streams" NodeId="25" Parallel="true" PhysicalOp="Parallelism" EstimatedTotalSubtreeCost="0.39928">
                                                                          <OutputList>
                                                                            <ColumnReference Database="[Amd_Prev_Prod]" Schema="[dbo]" Table="[adesao_plano_partic_fss]" Column="num_matr_partf" />
                                                                            <ColumnReference Database="[Amd_Prev_Prod]" Schema="[dbo]" Table="[adesao_plano_partic_fss]" Column="num_plbnf" />
                                                                            <ColumnReference Database="[Amd_Prev_Prod]" Schema="[dbo]" Table="[adesao_plano_partic_fss]" Column="dat_fim_adplpr" />
                                                                          </OutputList>
                                                                          <Parallelism PartitioningType="Hash">
                                                                            <PartitionColumns>
                                                                              <ColumnReference Database="[Amd_Prev_Prod]" Schema="[dbo]" Table="[adesao_plano_partic_fss]" Column="num_matr_partf" />
                                                                              <ColumnReference Database="[Amd_Prev_Prod]" Schema="[dbo]" Table="[adesao_plano_partic_fss]" Column="num_plbnf" />
                                                                            </PartitionColumns>
                                                                            <ProbeColumn>
                                                                              <ColumnReference Column="Bitmap1018" />
                                                                            </ProbeColumn>
                                                                            <RelOp AvgRowSize="25" EstimateCPU="0.0280777" EstimateIO="0.26831" EstimateRebinds="0" EstimateRewinds="0" EstimateRows="31355" LogicalOp="Index Scan" NodeId="26" Parallel="true" PhysicalOp="Index Scan" EstimatedTotalSubtreeCost="0.296388">
                                                                              <OutputList>
                                                                                <ColumnReference Database="[Amd_Prev_Prod]" Schema="[dbo]" Table="[adesao_plano_partic_fss]" Column="num_matr_partf" />
                                                                                <ColumnReference Database="[Amd_Prev_Prod]" Schema="[dbo]" Table="[adesao_plano_partic_fss]" Column="num_plbnf" />
                                                                                <ColumnReference Database="[Amd_Prev_Prod]" Schema="[dbo]" Table="[adesao_plano_partic_fss]" Column="dat_fim_adplpr" />
                                                                              </OutputList>
                                                                              <IndexScan Ordered="false" ForcedIndex="false" NoExpandHint="false">
                                                                                <DefinedValues>
                                                                                  <DefinedValue>
                                                                                    <ColumnReference Database="[Amd_Prev_Prod]" Schema="[dbo]" Table="[adesao_plano_partic_fss]" Column="num_matr_partf" />
                                                                                  </DefinedValue>
                                                                                  <DefinedValue>
                                                                                    <ColumnReference Database="[Amd_Prev_Prod]" Schema="[dbo]" Table="[adesao_plano_partic_fss]" Column="num_plbnf" />
                                                                                  </DefinedValue>
                                                                                  <DefinedValue>
                                                                                    <ColumnReference Database="[Amd_Prev_Prod]" Schema="[dbo]" Table="[adesao_plano_partic_fss]" Column="dat_fim_adplpr" />
                                                                                  </DefinedValue>
                                                                                </DefinedValues>
                                                                                <Object Database="[Amd_Prev_Prod]" Schema="[dbo]" Table="[adesao_plano_partic_fss]" Index="[Id_dat_fim_adplpr_adesao_plano_partic]" />
                                                                                <Predicate>
                                                                                  <ScalarOperator ScalarString="[Amd_Prev_Prod].[dbo].[adesao_plano_partic_fss].[num_plbnf]=(21.) OR [Amd_Prev_Prod].[dbo].[adesao_plano_partic_fss].[num_plbnf]=(22.) OR [Amd_Prev_Prod].[dbo].[adesao_plano_partic_fss].[num_plbnf]=(23.) OR [Amd_Prev_Prod].[dbo].[adesao_plano_partic_fss].[num_plbnf]=(24.)">
                                                                                    <Logical Operation="OR">
                                                                                      <ScalarOperator>
                                                                                        <Compare CompareOp="EQ">
                                                                                          <ScalarOperator>
                                                                                            <Identifier>
                                                                                              <ColumnReference Database="[Amd_Prev_Prod]" Schema="[dbo]" Table="[adesao_plano_partic_fss]" Column="num_plbnf" />
                                                                                            </Identifier>
                                                                                          </ScalarOperator>
                                                                                          <ScalarOperator>
                                                                                            <Const ConstValue="(21.)" />
                                                                                          </ScalarOperator>
                                                                                        </Compare>
                                                                                      </ScalarOperator>
                                                                                      <ScalarOperator>
                                                                                        <Compare CompareOp="EQ">
                                                                                          <ScalarOperator>
                                                                                            <Identifier>
                                                                                              <ColumnReference Database="[Amd_Prev_Prod]" Schema="[dbo]" Table="[adesao_plano_partic_fss]" Column="num_plbnf" />
                                                                                            </Identifier>
                                                                                          </ScalarOperator>
                                                                                          <ScalarOperator>
                                                                                            <Const ConstValue="(22.)" />
                                                                                          </ScalarOperator>
                                                                                        </Compare>
                                                                                      </ScalarOperator>
                                                                                      <ScalarOperator>
                                                                                        <Compare CompareOp="EQ">
                                                                                          <ScalarOperator>
                                                                                            <Identifier>
                                                                                              <ColumnReference Database="[Amd_Prev_Prod]" Schema="[dbo]" Table="[adesao_plano_partic_fss]" Column="num_plbnf" />
                                                                                            </Identifier>
                                                                                          </ScalarOperator>
                                                                                          <ScalarOperator>
                                                                                            <Const ConstValue="(23.)" />
                                                                                          </ScalarOperator>
                                                                                        </Compare>
                                                                                      </ScalarOperator>
                                                                                      <ScalarOperator>
                                                                                        <Compare CompareOp="EQ">
                                                                                          <ScalarOperator>
                                                                                            <Identifier>
                                                                                              <ColumnReference Database="[Amd_Prev_Prod]" Schema="[dbo]" Table="[adesao_plano_partic_fss]" Column="num_plbnf" />
                                                                                            </Identifier>
                                                                                          </ScalarOperator>
                                                                                          <ScalarOperator>
                                                                                            <Const ConstValue="(24.)" />
                                                                                          </ScalarOperator>
                                                                                        </Compare>
                                                                                      </ScalarOperator>
                                                                                    </Logical>
                                                                                  </ScalarOperator>
                                                                                </Predicate>
                                                                              </IndexScan>
                                                                            </RelOp>
                                                                          </Parallelism>
                                                                        </RelOp>
                                                                      </Hash>
                                                                    </RelOp>
                                                                    <RelOp AvgRowSize="20" EstimateCPU="0.00134247" EstimateIO="0.0120139" EstimateRebinds="5716.7" EstimateRewinds="0" EstimateRows="23.0934" LogicalOp="Clustered Index Seek" NodeId="39" Parallel="true" PhysicalOp="Clustered Index Seek" EstimatedTotalSubtreeCost="75.6691">
                                                                      <OutputList>
                                                                        <ColumnReference Database="[Amd_Prev_Prod]" Schema="[dbo]" Table="[mov_cont_partic_fss]" Column="dat_mvcpr" />
                                                                      </OutputList>
                                                                      <IndexScan Ordered="true" ScanDirection="FORWARD" ForcedIndex="false" NoExpandHint="false">
                                                                        <DefinedValues>
                                                                          <DefinedValue>
                                                                            <ColumnReference Database="[Amd_Prev_Prod]" Schema="[dbo]" Table="[mov_cont_partic_fss]" Column="dat_mvcpr" />
                                                                          </DefinedValue>
                                                                        </DefinedValues>
                                                                        <Object Database="[Amd_Prev_Prod]" Schema="[dbo]" Table="[mov_cont_partic_fss]" Index="[PK_MVCPR]" />
                                                                        <SeekPredicates>
                                                                          <SeekPredicate>
                                                                            <Prefix ScanType="EQ">
                                                                              <RangeColumns>
                                                                                <ColumnReference Database="[Amd_Prev_Prod]" Schema="[dbo]" Table="[mov_cont_partic_fss]" Column="num_matr_partf" />
                                                                              </RangeColumns>
                                                                              <RangeExpressions>
                                                                                <ScalarOperator ScalarString="[Amd_Prev_Prod].[dbo].[adesao_plano_partic_fss].[num_matr_partf]">
                                                                                  <Identifier>
                                                                                    <ColumnReference Database="[Amd_Prev_Prod]" Schema="[dbo]" Table="[adesao_plano_partic_fss]" Column="num_matr_partf" />
                                                                                  </Identifier>
                                                                                </ScalarOperator>
                                                                              </RangeExpressions>
                                                                            </Prefix>
                                                                          </SeekPredicate>
                                                                        </SeekPredicates>
                                                                        <Predicate>
                                                                          <ScalarOperator ScalarString="[Amd_Prev_Prod].[dbo].[mov_cont_partic_fss].[dat_mvcpr]&lt;=[Amd_Prev_Prod].[dbo].[adesao_plano_partic_fss].[dat_fim_adplpr]">
                                                                            <Compare CompareOp="LE">
                                                                              <ScalarOperator>
                                                                                <Identifier>
                                                                                  <ColumnReference Database="[Amd_Prev_Prod]" Schema="[dbo]" Table="[mov_cont_partic_fss]" Column="dat_mvcpr" />
                                                                                </Identifier>
                                                                              </ScalarOperator>
                                                                              <ScalarOperator>
                                                                                <Identifier>
                                                                                  <ColumnReference Database="[Amd_Prev_Prod]" Schema="[dbo]" Table="[adesao_plano_partic_fss]" Column="dat_fim_adplpr" />
                                                                                </Identifier>
                                                                              </ScalarOperator>
                                                                            </Compare>
                                                                          </ScalarOperator>
                                                                        </Predicate>
                                                                      </IndexScan>
                                                                    </RelOp>
                                                                  </NestedLoops>
                                                                </RelOp>
                                                              </Parallelism>
                                                            </RelOp>
                                                          </Hash>
                                                        </RelOp>
                                                      </Bitmap>
                                                    </RelOp>
                                                    <RelOp AvgRowSize="25" EstimateCPU="0.0888942" EstimateIO="0" EstimateRebinds="0" EstimateRewinds="0" EstimateRows="51643.8" LogicalOp="Repartition Streams" NodeId="47" Parallel="true" PhysicalOp="Parallelism" EstimatedTotalSubtreeCost="1.59899">
                                                      <OutputList>
                                                        <ColumnReference Database="[Amd_Prev_Prod]" Schema="[dbo]" Table="[hist_part_capit_fss]" Column="num_matr_partf" />
                                                        <ColumnReference Database="[Amd_Prev_Prod]" Schema="[dbo]" Table="[hist_part_capit_fss]" Column="num_plbnf" />
                                                        <ColumnReference Database="[Amd_Prev_Prod]" Schema="[dbo]" Table="[hist_part_capit_fss]" Column="dat_fim_hpcap" />
                                                      </OutputList>
                                                      <Parallelism PartitioningType="Hash">
                                                        <PartitionColumns>
                                                          <ColumnReference Database="[Amd_Prev_Prod]" Schema="[dbo]" Table="[hist_part_capit_fss]" Column="num_matr_partf" />
                                                          <ColumnReference Database="[Amd_Prev_Prod]" Schema="[dbo]" Table="[hist_part_capit_fss]" Column="num_plbnf" />
                                                        </PartitionColumns>
                                                        <ProbeColumn>
                                                          <ColumnReference Column="Bitmap1020" />
                                                        </ProbeColumn>
                                                        <RelOp AvgRowSize="30" EstimateCPU="0.0416212" EstimateIO="1.42387" EstimateRebinds="0" EstimateRewinds="0" EstimateRows="51643.8" LogicalOp="Clustered Index Scan" NodeId="48" Parallel="true" PhysicalOp="Clustered Index Scan" EstimatedTotalSubtreeCost="1.46549">
                                                          <OutputList>
                                                            <ColumnReference Database="[Amd_Prev_Prod]" Schema="[dbo]" Table="[hist_part_capit_fss]" Column="num_matr_partf" />
                                                            <ColumnReference Database="[Amd_Prev_Prod]" Schema="[dbo]" Table="[hist_part_capit_fss]" Column="num_plbnf" />
                                                            <ColumnReference Database="[Amd_Prev_Prod]" Schema="[dbo]" Table="[hist_part_capit_fss]" Column="dat_fim_hpcap" />
                                                          </OutputList>
                                                          <IndexScan Ordered="false" ForcedIndex="false" NoExpandHint="false">
                                                            <DefinedValues>
                                                              <DefinedValue>
                                                                <ColumnReference Database="[Amd_Prev_Prod]" Schema="[dbo]" Table="[hist_part_capit_fss]" Column="num_matr_partf" />
                                                              </DefinedValue>
                                                              <DefinedValue>
                                                                <ColumnReference Database="[Amd_Prev_Prod]" Schema="[dbo]" Table="[hist_part_capit_fss]" Column="num_plbnf" />
                                                              </DefinedValue>
                                                              <DefinedValue>
                                                                <ColumnReference Database="[Amd_Prev_Prod]" Schema="[dbo]" Table="[hist_part_capit_fss]" Column="dat_fim_hpcap" />
                                                              </DefinedValue>
                                                            </DefinedValues>
                                                            <Object Database="[Amd_Prev_Prod]" Schema="[dbo]" Table="[hist_part_capit_fss]" Index="[PK_HPCAP]" />
                                                            <Predicate>
                                                              <ScalarOperator ScalarString="[Amd_Prev_Prod].[dbo].[hist_part_capit_fss].[tip_movim_hpcap]=(1.) AND [Amd_Prev_Prod].[dbo].[hist_part_capit_fss].[num_plbnf]&gt;=(21.) AND [Amd_Prev_Prod].[dbo].[hist_part_capit_fss].[num_plbnf]&lt;=(24.)">
                                                                <Logical Operation="AND">
                                                                  <ScalarOperator>
                                                                    <Compare CompareOp="EQ">
                                                                      <ScalarOperator>
                                                                        <Identifier>
                                                                          <ColumnReference Database="[Amd_Prev_Prod]" Schema="[dbo]" Table="[hist_part_capit_fss]" Column="tip_movim_hpcap" />
                                                                        </Identifier>
                                                                      </ScalarOperator>
                                                                      <ScalarOperator>
                                                                        <Const ConstValue="(1.)" />
                                                                      </ScalarOperator>
                                                                    </Compare>
                                                                  </ScalarOperator>
                                                                  <ScalarOperator>
                                                                    <Compare CompareOp="GE">
                                                                      <ScalarOperator>
                                                                        <Identifier>
                                                                          <ColumnReference Database="[Amd_Prev_Prod]" Schema="[dbo]" Table="[hist_part_capit_fss]" Column="num_plbnf" />
                                                                        </Identifier>
                                                                      </ScalarOperator>
                                                                      <ScalarOperator>
                                                                        <Const ConstValue="(21.)" />
                                                                      </ScalarOperator>
                                                                    </Compare>
                                                                  </ScalarOperator>
                                                                  <ScalarOperator>
                                                                    <Compare CompareOp="LE">
                                                                      <ScalarOperator>
                                                                        <Identifier>
                                                                          <ColumnReference Database="[Amd_Prev_Prod]" Schema="[dbo]" Table="[hist_part_capit_fss]" Column="num_plbnf" />
                                                                        </Identifier>
                                                                      </ScalarOperator>
                                                                      <ScalarOperator>
                                                                        <Const ConstValue="(24.)" />
                                                                      </ScalarOperator>
                                                                    </Compare>
                                                                  </ScalarOperator>
                                                                </Logical>
                                                              </ScalarOperator>
                                                            </Predicate>
                                                          </IndexScan>
                                                        </RelOp>
                                                      </Parallelism>
                                                    </RelOp>
                                                  </Hash>
                                                </RelOp>
                                              </Parallelism>
                                            </RelOp>
                                          </Hash>
                                        </RelOp>
                                      </Parallelism>
                                    </RelOp>
                                  </Bitmap>
                                </RelOp>
                                <RelOp AvgRowSize="26" EstimateCPU="0.0855129" EstimateIO="0" EstimateRebinds="0" EstimateRewinds="0" EstimateRows="51285" LogicalOp="Repartition Streams" NodeId="61" Parallel="true" PhysicalOp="Parallelism" EstimatedTotalSubtreeCost="0.223521">
                                  <OutputList>
                                    <ColumnReference Database="[Amd_Prev_Prod]" Schema="[dbo]" Table="[participante_fss]" Column="num_matr_partf" />
                                    <ColumnReference Database="[Amd_Prev_Prod]" Schema="[dbo]" Table="[participante_fss]" Column="cod_emprs" />
                                    <ColumnReference Database="[Amd_Prev_Prod]" Schema="[dbo]" Table="[participante_fss]" Column="num_rgtro_emprg" />
                                  </OutputList>
                                  <Parallelism PartitioningType="Hash">
                                    <PartitionColumns>
                                      <ColumnReference Database="[Amd_Prev_Prod]" Schema="[dbo]" Table="[participante_fss]" Column="num_matr_partf" />
                                    </PartitionColumns>
                                    <ProbeColumn>
                                      <ColumnReference Column="Bitmap1021" />
                                    </ProbeColumn>
                                    <RelOp AvgRowSize="26" EstimateCPU="0.0141426" EstimateIO="0.123866" EstimateRebinds="0" EstimateRewinds="0" EstimateRows="51285" LogicalOp="Index Scan" NodeId="62" Parallel="true" PhysicalOp="Index Scan" EstimatedTotalSubtreeCost="0.138008">
                                      <OutputList>
                                        <ColumnReference Database="[Amd_Prev_Prod]" Schema="[dbo]" Table="[participante_fss]" Column="num_matr_partf" />
                                        <ColumnReference Database="[Amd_Prev_Prod]" Schema="[dbo]" Table="[participante_fss]" Column="cod_emprs" />
                                        <ColumnReference Database="[Amd_Prev_Prod]" Schema="[dbo]" Table="[participante_fss]" Column="num_rgtro_emprg" />
                                      </OutputList>
                                      <IndexScan Ordered="false" ForcedIndex="false" NoExpandHint="false">
                                        <DefinedValues>
                                          <DefinedValue>
                                            <ColumnReference Database="[Amd_Prev_Prod]" Schema="[dbo]" Table="[participante_fss]" Column="num_matr_partf" />
                                          </DefinedValue>
                                          <DefinedValue>
                                            <ColumnReference Database="[Amd_Prev_Prod]" Schema="[dbo]" Table="[participante_fss]" Column="cod_emprs" />
                                          </DefinedValue>
                                          <DefinedValue>
                                            <ColumnReference Database="[Amd_Prev_Prod]" Schema="[dbo]" Table="[participante_fss]" Column="num_rgtro_emprg" />
                                          </DefinedValue>
                                        </DefinedValues>
                                        <Object Database="[Amd_Prev_Prod]" Schema="[dbo]" Table="[participante_fss]" Index="[id_participante001]" />
                                      </IndexScan>
                                    </RelOp>
                                  </Parallelism>
                                </RelOp>
                              </Hash>
                            </RelOp>
                            <RelOp AvgRowSize="96" EstimateCPU="0.0001581" EstimateIO="0.003125" EstimateRebinds="1065.72" EstimateRewinds="0" EstimateRows="1" LogicalOp="Clustered Index Seek" NodeId="65" Parallel="true" PhysicalOp="Clustered Index Seek" EstimatedTotalSubtreeCost="2.88768">
                              <OutputList>
                                <ColumnReference Database="[Amd_Prev_Prod]" Schema="[dbo]" Table="[empregado]" Column="num_rgtro_emprg" />
                                <ColumnReference Database="[Amd_Prev_Prod]" Schema="[dbo]" Table="[empregado]" Column="dat_deslg_emprg" />
                                <ColumnReference Database="[Amd_Prev_Prod]" Schema="[dbo]" Table="[empregado]" Column="nom_emprg" />
                                <ColumnReference Database="[Amd_Prev_Prod]" Schema="[dbo]" Table="[empregado]" Column="num_cpf_emprg" />
                                <ColumnReference Database="[Amd_Prev_Prod]" Schema="[dbo]" Table="[empregado]" Column="num_ctcor_emprg" />
                                <ColumnReference Database="[Amd_Prev_Prod]" Schema="[dbo]" Table="[empregado]" Column="cod_banco" />
                                <ColumnReference Database="[Amd_Prev_Prod]" Schema="[dbo]" Table="[empregado]" Column="cod_agbco" />
                                <ColumnReference Database="[Amd_Prev_Prod]" Schema="[dbo]" Table="[empregado]" Column="cod_mtdsl" />
                                <ColumnReference Database="[Amd_Prev_Prod]" Schema="[dbo]" Table="[empregado]" Column="Tip_ctcor_emprg" />
                              </OutputList>
                              <IndexScan Ordered="true" ScanDirection="FORWARD" ForcedIndex="false" NoExpandHint="false">
                                <DefinedValues>
                                  <DefinedValue>
                                    <ColumnReference Database="[Amd_Prev_Prod]" Schema="[dbo]" Table="[empregado]" Column="num_rgtro_emprg" />
                                  </DefinedValue>
                                  <DefinedValue>
                                    <ColumnReference Database="[Amd_Prev_Prod]" Schema="[dbo]" Table="[empregado]" Column="dat_deslg_emprg" />
                                  </DefinedValue>
                                  <DefinedValue>
                                    <ColumnReference Database="[Amd_Prev_Prod]" Schema="[dbo]" Table="[empregado]" Column="nom_emprg" />
                                  </DefinedValue>
                                  <DefinedValue>
                                    <ColumnReference Database="[Amd_Prev_Prod]" Schema="[dbo]" Table="[empregado]" Column="num_cpf_emprg" />
                                  </DefinedValue>
                                  <DefinedValue>
                                    <ColumnReference Database="[Amd_Prev_Prod]" Schema="[dbo]" Table="[empregado]" Column="num_ctcor_emprg" />
                                  </DefinedValue>
                                  <DefinedValue>
                                    <ColumnReference Database="[Amd_Prev_Prod]" Schema="[dbo]" Table="[empregado]" Column="cod_banco" />
                                  </DefinedValue>
                                  <DefinedValue>
                                    <ColumnReference Database="[Amd_Prev_Prod]" Schema="[dbo]" Table="[empregado]" Column="cod_agbco" />
                                  </DefinedValue>
                                  <DefinedValue>
                                    <ColumnReference Database="[Amd_Prev_Prod]" Schema="[dbo]" Table="[empregado]" Column="cod_mtdsl" />
                                  </DefinedValue>
                                  <DefinedValue>
                                    <ColumnReference Database="[Amd_Prev_Prod]" Schema="[dbo]" Table="[empregado]" Column="Tip_ctcor_emprg" />
                                  </DefinedValue>
                                </DefinedValues>
                                <Object Database="[Amd_Prev_Prod]" Schema="[dbo]" Table="[empregado]" Index="[PK_EMPRG]" />
                                <SeekPredicates>
                                  <SeekPredicate>
                                    <Prefix ScanType="EQ">
                                      <RangeColumns>
                                        <ColumnReference Database="[Amd_Prev_Prod]" Schema="[dbo]" Table="[empregado]" Column="cod_emprs" />
                                        <ColumnReference Database="[Amd_Prev_Prod]" Schema="[dbo]" Table="[empregado]" Column="num_rgtro_emprg" />
                                      </RangeColumns>
                                      <RangeExpressions>
                                        <ScalarOperator ScalarString="[Amd_Prev_Prod].[dbo].[participante_fss].[cod_emprs]">
                                          <Identifier>
                                            <ColumnReference Database="[Amd_Prev_Prod]" Schema="[dbo]" Table="[participante_fss]" Column="cod_emprs" />
                                          </Identifier>
                                        </ScalarOperator>
                                        <ScalarOperator ScalarString="[Amd_Prev_Prod].[dbo].[participante_fss].[num_rgtro_emprg]">
                                          <Identifier>
                                            <ColumnReference Database="[Amd_Prev_Prod]" Schema="[dbo]" Table="[participante_fss]" Column="num_rgtro_emprg" />
                                          </Identifier>
                                        </ScalarOperator>
                                      </RangeExpressions>
                                    </Prefix>
                                  </SeekPredicate>
                                </SeekPredicates>
                              </IndexScan>
                            </RelOp>
                          </NestedLoops>
                        </RelOp>
                      </ComputeScalar>
                    </RelOp>
                  </Sort>
                </RelOp>
              </Parallelism>
            </RelOp>
          </QueryPlan>
        </StmtSimple>
      </Statements>
    </Batch>
  </BatchSequence>
</ShowPlanXML>