<?xml version="1.0" encoding="utf-16"?>
<ShowPlanXML xmlns:xsi="http://www.w3.org/2001/XMLSchema-instance" xmlns:xsd="http://www.w3.org/2001/XMLSchema" Version="1.0" Build="9.00.4035.00" xmlns="http://schemas.microsoft.com/sqlserver/2004/07/showplan">
  <BatchSequence>
    <Batch>
      <Statements>
        <StmtSimple StatementCompId="1" StatementEstRows="4" StatementId="1" StatementOptmLevel="FULL" StatementSubTreeCost="2.54881" StatementText="  SELECT 'C' COMPRAVENDA,              RV_MOV.CODOPER CODOPER,              RV_MOV.CODPAP CODPAP,               RV_MOV.CODCOR CODCOR,              RV_MOV.PRACA PRACA,      RV_MOV.ID_CONTA,     RV_MOV.RVCOR_CD_FISICA,              SUM(RV_MOV.QUANTIDADE) - ISNULL((SELECT SUM(ISNULL(B.QT,0))       FROM SAC_RV_BLOQUEIO B       WHERE (B.DT   = '12-28-2011 0:0:0.000')         AND (B.RVPAP_CD = RV_MOV.CODPAP)         AND (B.RVCOR_CD = RV_MOV.CODCOR)        AND (B.CD_PRACA = RV_MOV.PRACA)        AND (B.CLCLI_CD = '2061')       AND (B.IC_BLOQ_PROV_AUTO = 'S')        AND (B.IC   = 'B')), 0) QUANTIDADE,     RV_MOV.IC_DAYTRADE      FROM RV_MOV,              RV_CADPAP       WHERE ( RV_MOV.CODPAP = RV_CADPAP.CODPAP ) and       ( RV_CADPAP.TIPO = 'V' ) AND             ( RV_MOV.DATAMOV = '12-28-2011 0:0:0.000' ) AND             ( RV_MOV.CODCLI = '2061' ) AND             (( RV_MOV.TIPOMOV in ('0','5','6'))) AND           ( RV_MOV.COMPRAVENDA = 'C' ) AND           ( RV_MOV.IC_DAYTRADE NOT IN ('S', 'O'))  GROUP BY           RV_MOV.CODOPER,              RV_MOV.CODPAP,               RV_MOV.CODCOR,              RV_MOV.PRACA,      RV_MOV.ID_CONTA,     RV_MOV.RVCOR_CD_FISICA,     RV_MOV.IC_DAYTRADE      UNION ALL    SELECT 'C' COMPRAVENDA,              RV_MOV.CODOPER CODOPER,              RV_MOV.CODPAP CODPAP,               RV_MOV.CODCOR CODCOR,              RV_MOV.PRACA PRACA,        RV_MOV.ID_CONTA,     RV_MOV.RVCOR_CD_FISICA,              RV_MOV.QUANTIDADE - ISNULL((SELECT SUM(ISNULL(B.QT,0))       FROM SAC_RV_BLOQUEIO B       WHERE (B.DT   = '12-29-2011 0:0:0.000')         AND (B.RVPAP_CD = RV_MOV.CODPAP)         AND (B.RVCOR_CD = RV_MOV.CODCOR)        AND (B.CD_PRACA = RV_MOV.PRACA)        AND (B.CLCLI_CD = '2061')       AND (B.IC_BLOQ_PROV_AUTO = 'S')        AND (B.IC   = 'B')), 0) QUANTIDADE,     RV_MOV.IC_DAYTRADE      FROM RV_MOV,              RV_CADPAP       WHERE ( RV_MOV.CODPAP = RV_CADPAP.CODPAP ) and       ( RV_CADPAP.TIPO = 'V' ) AND             ( RV_MOV.DATAMOV = '12-29-2011 0:0:0.000' ) AND             ( RV_MOV.CODCLI = '2061' ) AND             ( RV_MOV.TIPOMOV IN ('1','2','7','3','C','M', 'I', 'D', 'A') ) AND           ( RV_MOV.COMPRAVENDA = 'C' OR RV_MOV.COMPRAVENDA = 'I' ) AND           ( RV_MOV.IC_DAYTRADE &lt;&gt; 'S')     UNION ALL    SELECT 'C' COMPRAVENDA,              RV_MOV.CODOPER CODOPER,              RV_MOV.CODPAP CODPAP,               RV_MOV.CODCOR CODCOR,              RV_MOV.PRACA PRACA,      RV_MOV.ID_CONTA,     RV_MOV.RVCOR_CD_FISICA,              SUM(RV_MOV.QUANTIDADE) - ISNULL((SELECT SUM(ISNULL(B.QT,0))       FROM SAC_RV_BLOQUEIO B       WHERE (B.DT   = '12-28-2011 0:0:0.000')         AND (B.RVPAP_CD = RV_MOV.CODPAP)         AND (B.RVCOR_CD = RV_MOV.CODCOR)        AND (B.CD_PRACA = RV_MOV.PRACA)        AND (B.CLCLI_CD = '2061')       AND (B.IC_BLOQ_PROV_AUTO = 'S')        AND (B.IC   = 'B')), 0) QUANTIDADE,     RV_MOV.IC_DAYTRADE      FROM RV_MOV,              RV_CADPAP,     CLI_BAS,     RV_PARAM     WHERE ( RV_MOV.CODPAP = RV_CADPAP.CODPAP ) and       ( RV_CADPAP.TIPO = 'V' ) AND             ( RV_MOV.EVE_DT_CRED_RECIBO = '1-2-2012 0:0:0.000' ) AND             ( RV_MOV.CODCLI = '2061' ) AND             ( RV_MOV.TIPOMOV = '0' ) AND           ( RV_MOV.COMPRAVENDA = 'S' ) AND           ( RV_MOV.IC_DAYTRADE &lt;&gt; 'S') AND     ( CLI_BAS.CODCLI = RV_MOV.CODCLI ) AND      ( CASE CLI_BAS.IC_CONVERTE_POS_REC_SUB WHEN 'D' THEN        RV_PARAM.IC_CONVERTE_POS_REC_SUB ELSE  CLI_BAS.IC_CONVERTE_POS_REC_SUB END) = 'E'  GROUP BY           RV_MOV.CODOPER,              RV_MOV.CODPAP,               RV_MOV.CODCOR,              RV_MOV.PRACA,      RV_MOV.ID_CONTA,     RV_MOV.RVCOR_CD_FISICA ,     RV_MOV.IC_DAYTRADE         UNION ALL    SELECT 'C' COMPRAVENDA,              RV_MOV.CODOPER CODOPER,              RV_MOV.CODPAP CODPAP,               RV_MOV.CODCOR CODCOR,              RV_MOV.PRACA PRACA,      RV_MOV.ID_CONTA,     RV_MOV.RVCOR_CD_FISICA,              SUM(RV_MOV.QUANTIDADE) - ISNULL((SELECT SUM(ISNULL(B.QT,0))       FROM SAC_RV_BLOQUE" StatementType="SELECT">
          <StatementSetOptions ANSI_NULLS="false" ANSI_PADDING="false" ANSI_WARNINGS="false" ARITHABORT="true" CONCAT_NULL_YIELDS_NULL="false" NUMERIC_ROUNDABORT="false" QUOTED_IDENTIFIER="false" />
          <QueryPlan CachedPlanSize="232">
            <MissingIndexes>
              <MissingIndexGroup Impact="95.4524">
                <MissingIndex Database="[Ymf_Sac_Teste]" Schema="[dbo]" Table="[RV_MOV]">
                  <ColumnGroup Usage="EQUALITY">
                    <Column Name="[CODCLI]" ColumnId="3" />
                    <Column Name="[COMPRAVENDA]" ColumnId="8" />
                    <Column Name="[TIPOMOV]" ColumnId="29" />
                    <Column Name="[EVE_DT_CRED_RECIBO]" ColumnId="120" />
                  </ColumnGroup>
                  <ColumnGroup Usage="INEQUALITY">
                    <Column Name="[IC_DAYTRADE]" ColumnId="20" />
                  </ColumnGroup>
                  <ColumnGroup Usage="INCLUDE">
                    <Column Name="[CODCOR]" ColumnId="4" />
                    <Column Name="[CODOPER]" ColumnId="5" />
                    <Column Name="[CODPAP]" ColumnId="6" />
                    <Column Name="[PRACA]" ColumnId="7" />
                    <Column Name="[QUANTIDADE]" ColumnId="28" />
                    <Column Name="[RVCOR_CD_FISICA]" ColumnId="76" />
                    <Column Name="[ID_CONTA]" ColumnId="111" />
                  </ColumnGroup>
                </MissingIndex>
              </MissingIndexGroup>
              <MissingIndexGroup Impact="95.8983">
                <MissingIndex Database="[Ymf_Sac_Teste]" Schema="[dbo]" Table="[RV_MOV]">
                  <ColumnGroup Usage="EQUALITY">
                    <Column Name="[CODCLI]" ColumnId="3" />
                    <Column Name="[COMPRAVENDA]" ColumnId="8" />
                    <Column Name="[TIPOMOV]" ColumnId="29" />
                    <Column Name="[EVE_DT_CRED_RECIBO]" ColumnId="120" />
                  </ColumnGroup>
                  <ColumnGroup Usage="INCLUDE">
                    <Column Name="[CODCOR]" ColumnId="4" />
                    <Column Name="[CODOPER]" ColumnId="5" />
                    <Column Name="[CODPAP]" ColumnId="6" />
                    <Column Name="[PRACA]" ColumnId="7" />
                    <Column Name="[IC_DAYTRADE]" ColumnId="20" />
                    <Column Name="[QUANTIDADE]" ColumnId="28" />
                    <Column Name="[RVCOR_CD_FISICA]" ColumnId="76" />
                    <Column Name="[ID_CONTA]" ColumnId="111" />
                  </ColumnGroup>
                </MissingIndex>
              </MissingIndexGroup>
            </MissingIndexes>
            <RelOp AvgRowSize="64" EstimateCPU="4E-07" EstimateIO="0" EstimateRebinds="0" EstimateRewinds="0" EstimateRows="4" LogicalOp="Concatenation" NodeId="0" Parallel="false" PhysicalOp="Concatenation" EstimatedTotalSubtreeCost="2.54881">
              <OutputList>
                <ColumnReference Column="Union1059" />
                <ColumnReference Column="Union1060" />
                <ColumnReference Column="Union1061" />
                <ColumnReference Column="Union1062" />
                <ColumnReference Column="Union1063" />
                <ColumnReference Column="Union1064" />
                <ColumnReference Column="Union1065" />
                <ColumnReference Column="Union1066" />
                <ColumnReference Column="Union1067" />
              </OutputList>
              <Concat>
                <DefinedValues>
                  <DefinedValue>
                    <ColumnReference Column="Union1059" />
                    <ColumnReference Column="Expr1007" />
                    <ColumnReference Column="Expr1019" />
                    <ColumnReference Column="Expr1040" />
                    <ColumnReference Column="Expr1053" />
                  </DefinedValue>
                  <DefinedValue>
                    <ColumnReference Column="Union1060" />
                    <ColumnReference Database="[Ymf_Sac_Teste]" Schema="[dbo]" Table="[RV_MOV]" Column="CODOPER" />
                    <ColumnReference Database="[Ymf_Sac_Teste]" Schema="[dbo]" Table="[RV_MOV]" Column="CODOPER" />
                    <ColumnReference Database="[Ymf_Sac_Teste]" Schema="[dbo]" Table="[RV_MOV]" Column="CODOPER" />
                    <ColumnReference Database="[Ymf_Sac_Teste]" Schema="[dbo]" Table="[RV_MOV]" Column="CODOPER" />
                  </DefinedValue>
                  <DefinedValue>
                    <ColumnReference Column="Union1061" />
                    <ColumnReference Database="[Ymf_Sac_Teste]" Schema="[dbo]" Table="[RV_MOV]" Column="CODPAP" />
                    <ColumnReference Database="[Ymf_Sac_Teste]" Schema="[dbo]" Table="[RV_MOV]" Column="CODPAP" />
                    <ColumnReference Database="[Ymf_Sac_Teste]" Schema="[dbo]" Table="[RV_MOV]" Column="CODPAP" />
                    <ColumnReference Database="[Ymf_Sac_Teste]" Schema="[dbo]" Table="[RV_MOV]" Column="CODPAP" />
                  </DefinedValue>
                  <DefinedValue>
                    <ColumnReference Column="Union1062" />
                    <ColumnReference Database="[Ymf_Sac_Teste]" Schema="[dbo]" Table="[RV_MOV]" Column="CODCOR" />
                    <ColumnReference Database="[Ymf_Sac_Teste]" Schema="[dbo]" Table="[RV_MOV]" Column="CODCOR" />
                    <ColumnReference Database="[Ymf_Sac_Teste]" Schema="[dbo]" Table="[RV_MOV]" Column="CODCOR" />
                    <ColumnReference Database="[Ymf_Sac_Teste]" Schema="[dbo]" Table="[RV_MOV]" Column="CODCOR" />
                  </DefinedValue>
                  <DefinedValue>
                    <ColumnReference Column="Union1063" />
                    <ColumnReference Database="[Ymf_Sac_Teste]" Schema="[dbo]" Table="[RV_MOV]" Column="PRACA" />
                    <ColumnReference Database="[Ymf_Sac_Teste]" Schema="[dbo]" Table="[RV_MOV]" Column="PRACA" />
                    <ColumnReference Database="[Ymf_Sac_Teste]" Schema="[dbo]" Table="[RV_MOV]" Column="PRACA" />
                    <ColumnReference Database="[Ymf_Sac_Teste]" Schema="[dbo]" Table="[RV_MOV]" Column="PRACA" />
                  </DefinedValue>
                  <DefinedValue>
                    <ColumnReference Column="Union1064" />
                    <ColumnReference Database="[Ymf_Sac_Teste]" Schema="[dbo]" Table="[RV_MOV]" Column="ID_CONTA" />
                    <ColumnReference Database="[Ymf_Sac_Teste]" Schema="[dbo]" Table="[RV_MOV]" Column="ID_CONTA" />
                    <ColumnReference Database="[Ymf_Sac_Teste]" Schema="[dbo]" Table="[RV_MOV]" Column="ID_CONTA" />
                    <ColumnReference Database="[Ymf_Sac_Teste]" Schema="[dbo]" Table="[RV_MOV]" Column="ID_CONTA" />
                  </DefinedValue>
                  <DefinedValue>
                    <ColumnReference Column="Union1065" />
                    <ColumnReference Database="[Ymf_Sac_Teste]" Schema="[dbo]" Table="[RV_MOV]" Column="RVCOR_CD_FISICA" />
                    <ColumnReference Database="[Ymf_Sac_Teste]" Schema="[dbo]" Table="[RV_MOV]" Column="RVCOR_CD_FISICA" />
                    <ColumnReference Database="[Ymf_Sac_Teste]" Schema="[dbo]" Table="[RV_MOV]" Column="RVCOR_CD_FISICA" />
                    <ColumnReference Database="[Ymf_Sac_Teste]" Schema="[dbo]" Table="[RV_MOV]" Column="RVCOR_CD_FISICA" />
                  </DefinedValue>
                  <DefinedValue>
                    <ColumnReference Column="Union1066" />
                    <ColumnReference Column="Expr1012" />
                    <ColumnReference Column="Expr1024" />
                    <ColumnReference Column="Expr1045" />
                    <ColumnReference Column="Expr1058" />
                  </DefinedValue>
                  <DefinedValue>
                    <ColumnReference Column="Union1067" />
                    <ColumnReference Database="[Ymf_Sac_Teste]" Schema="[dbo]" Table="[RV_MOV]" Column="IC_DAYTRADE" />
                    <ColumnReference Database="[Ymf_Sac_Teste]" Schema="[dbo]" Table="[RV_MOV]" Column="IC_DAYTRADE" />
                    <ColumnReference Database="[Ymf_Sac_Teste]" Schema="[dbo]" Table="[RV_MOV]" Column="IC_DAYTRADE" />
                    <ColumnReference Database="[Ymf_Sac_Teste]" Schema="[dbo]" Table="[RV_MOV]" Column="IC_DAYTRADE" />
                  </DefinedValue>
                </DefinedValues>
                <RelOp AvgRowSize="64" EstimateCPU="1E-07" EstimateIO="0" EstimateRebinds="0" EstimateRewinds="0" EstimateRows="1" LogicalOp="Compute Scalar" NodeId="1" Parallel="false" PhysicalOp="Compute Scalar" EstimatedTotalSubtreeCost="0.027807">
                  <OutputList>
                    <ColumnReference Database="[Ymf_Sac_Teste]" Schema="[dbo]" Table="[RV_MOV]" Column="CODCOR" />
                    <ColumnReference Database="[Ymf_Sac_Teste]" Schema="[dbo]" Table="[RV_MOV]" Column="CODOPER" />
                    <ColumnReference Database="[Ymf_Sac_Teste]" Schema="[dbo]" Table="[RV_MOV]" Column="CODPAP" />
                    <ColumnReference Database="[Ymf_Sac_Teste]" Schema="[dbo]" Table="[RV_MOV]" Column="PRACA" />
                    <ColumnReference Database="[Ymf_Sac_Teste]" Schema="[dbo]" Table="[RV_MOV]" Column="IC_DAYTRADE" />
                    <ColumnReference Database="[Ymf_Sac_Teste]" Schema="[dbo]" Table="[RV_MOV]" Column="RVCOR_CD_FISICA" />
                    <ColumnReference Database="[Ymf_Sac_Teste]" Schema="[dbo]" Table="[RV_MOV]" Column="ID_CONTA" />
                    <ColumnReference Column="Expr1007" />
                    <ColumnReference Column="Expr1012" />
                  </OutputList>
                  <ComputeScalar>
                    <DefinedValues>
                      <DefinedValue>
                        <ColumnReference Column="Expr1007" />
                        <ScalarOperator ScalarString="'C'">
                          <Const ConstValue="'C'" />
                        </ScalarOperator>
                      </DefinedValue>
                      <DefinedValue>
                        <ColumnReference Column="Expr1012" />
                        <ScalarOperator ScalarString="[Expr1006]-isnull([Expr1010],(0.000000000000000e+000))">
                          <Arithmetic Operation="SUB">
                            <ScalarOperator>
                              <Identifier>
                                <ColumnReference Column="Expr1006" />
                              </Identifier>
                            </ScalarOperator>
                            <ScalarOperator>
                              <Intrinsic FunctionName="isnull">
                                <ScalarOperator>
                                  <Identifier>
                                    <ColumnReference Column="Expr1010" />
                                  </Identifier>
                                </ScalarOperator>
                                <ScalarOperator>
                                  <Const ConstValue="(0.000000000000000e+000)" />
                                </ScalarOperator>
                              </Intrinsic>
                            </ScalarOperator>
                          </Arithmetic>
                        </ScalarOperator>
                      </DefinedValue>
                    </DefinedValues>
                    <RelOp AvgRowSize="68" EstimateCPU="4.18E-06" EstimateIO="0" EstimateRebinds="0" EstimateRewinds="0" EstimateRows="1" LogicalOp="Left Outer Join" NodeId="2" Parallel="false" PhysicalOp="Nested Loops" EstimatedTotalSubtreeCost="0.0278069">
                      <OutputList>
                        <ColumnReference Database="[Ymf_Sac_Teste]" Schema="[dbo]" Table="[RV_MOV]" Column="CODCOR" />
                        <ColumnReference Database="[Ymf_Sac_Teste]" Schema="[dbo]" Table="[RV_MOV]" Column="CODOPER" />
                        <ColumnReference Database="[Ymf_Sac_Teste]" Schema="[dbo]" Table="[RV_MOV]" Column="CODPAP" />
                        <ColumnReference Database="[Ymf_Sac_Teste]" Schema="[dbo]" Table="[RV_MOV]" Column="PRACA" />
                        <ColumnReference Database="[Ymf_Sac_Teste]" Schema="[dbo]" Table="[RV_MOV]" Column="IC_DAYTRADE" />
                        <ColumnReference Database="[Ymf_Sac_Teste]" Schema="[dbo]" Table="[RV_MOV]" Column="RVCOR_CD_FISICA" />
                        <ColumnReference Database="[Ymf_Sac_Teste]" Schema="[dbo]" Table="[RV_MOV]" Column="ID_CONTA" />
                        <ColumnReference Column="Expr1006" />
                        <ColumnReference Column="Expr1010" />
                      </OutputList>
                      <NestedLoops Optimized="false">
                        <OuterReferences>
                          <ColumnReference Database="[Ymf_Sac_Teste]" Schema="[dbo]" Table="[RV_MOV]" Column="CODCOR" />
                          <ColumnReference Database="[Ymf_Sac_Teste]" Schema="[dbo]" Table="[RV_MOV]" Column="CODPAP" />
                          <ColumnReference Database="[Ymf_Sac_Teste]" Schema="[dbo]" Table="[RV_MOV]" Column="PRACA" />
                        </OuterReferences>
                        <RelOp AvgRowSize="59" EstimateCPU="1.1E-06" EstimateIO="0" EstimateRebinds="0" EstimateRewinds="0" EstimateRows="1" LogicalOp="Compute Scalar" NodeId="3" Parallel="false" PhysicalOp="Compute Scalar" EstimatedTotalSubtreeCost="0.0212225">
                          <OutputList>
                            <ColumnReference Database="[Ymf_Sac_Teste]" Schema="[dbo]" Table="[RV_MOV]" Column="CODCOR" />
                            <ColumnReference Database="[Ymf_Sac_Teste]" Schema="[dbo]" Table="[RV_MOV]" Column="CODOPER" />
                            <ColumnReference Database="[Ymf_Sac_Teste]" Schema="[dbo]" Table="[RV_MOV]" Column="CODPAP" />
                            <ColumnReference Database="[Ymf_Sac_Teste]" Schema="[dbo]" Table="[RV_MOV]" Column="PRACA" />
                            <ColumnReference Database="[Ymf_Sac_Teste]" Schema="[dbo]" Table="[RV_MOV]" Column="IC_DAYTRADE" />
                            <ColumnReference Database="[Ymf_Sac_Teste]" Schema="[dbo]" Table="[RV_MOV]" Column="RVCOR_CD_FISICA" />
                            <ColumnReference Database="[Ymf_Sac_Teste]" Schema="[dbo]" Table="[RV_MOV]" Column="ID_CONTA" />
                            <ColumnReference Column="Expr1006" />
                          </OutputList>
                          <ComputeScalar>
                            <DefinedValues>
                              <DefinedValue>
                                <ColumnReference Column="Expr1006" />
                                <ScalarOperator ScalarString="CASE WHEN [Expr1076]=(0) THEN NULL ELSE [Expr1077] END">
                                  <IF>
                                    <Condition>
                                      <ScalarOperator>
                                        <Compare CompareOp="EQ">
                                          <ScalarOperator>
                                            <Identifier>
                                              <ColumnReference Column="Expr1076" />
                                            </Identifier>
                                          </ScalarOperator>
                                          <ScalarOperator>
                                            <Const ConstValue="(0)" />
                                          </ScalarOperator>
                                        </Compare>
                                      </ScalarOperator>
                                    </Condition>
                                    <Then>
                                      <ScalarOperator>
                                        <Const ConstValue="NULL" />
                                      </ScalarOperator>
                                    </Then>
                                    <Else>
                                      <ScalarOperator>
                                        <Identifier>
                                          <ColumnReference Column="Expr1077" />
                                        </Identifier>
                                      </ScalarOperator>
                                    </Else>
                                  </IF>
                                </ScalarOperator>
                              </DefinedValue>
                            </DefinedValues>
                            <RelOp AvgRowSize="59" EstimateCPU="1.1E-06" EstimateIO="0" EstimateRebinds="0" EstimateRewinds="0" EstimateRows="1" LogicalOp="Aggregate" NodeId="4" Parallel="false" PhysicalOp="Stream Aggregate" EstimatedTotalSubtreeCost="0.0212225">
                              <OutputList>
                                <ColumnReference Database="[Ymf_Sac_Teste]" Schema="[dbo]" Table="[RV_MOV]" Column="CODCOR" />
                                <ColumnReference Database="[Ymf_Sac_Teste]" Schema="[dbo]" Table="[RV_MOV]" Column="CODOPER" />
                                <ColumnReference Database="[Ymf_Sac_Teste]" Schema="[dbo]" Table="[RV_MOV]" Column="CODPAP" />
                                <ColumnReference Database="[Ymf_Sac_Teste]" Schema="[dbo]" Table="[RV_MOV]" Column="PRACA" />
                                <ColumnReference Database="[Ymf_Sac_Teste]" Schema="[dbo]" Table="[RV_MOV]" Column="IC_DAYTRADE" />
                                <ColumnReference Database="[Ymf_Sac_Teste]" Schema="[dbo]" Table="[RV_MOV]" Column="RVCOR_CD_FISICA" />
                                <ColumnReference Database="[Ymf_Sac_Teste]" Schema="[dbo]" Table="[RV_MOV]" Column="ID_CONTA" />
                                <ColumnReference Column="Expr1076" />
                                <ColumnReference Column="Expr1077" />
                              </OutputList>
                              <StreamAggregate>
                                <DefinedValues>
                                  <DefinedValue>
                                    <ColumnReference Column="Expr1076" />
                                    <ScalarOperator ScalarString="COUNT_BIG([Ymf_Sac_Teste].[dbo].[RV_MOV].[QUANTIDADE])">
                                      <Aggregate AggType="COUNT_BIG" Distinct="false">
                                        <ScalarOperator>
                                          <Identifier>
                                            <ColumnReference Database="[Ymf_Sac_Teste]" Schema="[dbo]" Table="[RV_MOV]" Column="QUANTIDADE" />
                                          </Identifier>
                                        </ScalarOperator>
                                      </Aggregate>
                                    </ScalarOperator>
                                  </DefinedValue>
                                  <DefinedValue>
                                    <ColumnReference Column="Expr1077" />
                                    <ScalarOperator ScalarString="SUM([Ymf_Sac_Teste].[dbo].[RV_MOV].[QUANTIDADE])">
                                      <Aggregate AggType="SUM" Distinct="false">
                                        <ScalarOperator>
                                          <Identifier>
                                            <ColumnReference Database="[Ymf_Sac_Teste]" Schema="[dbo]" Table="[RV_MOV]" Column="QUANTIDADE" />
                                          </Identifier>
                                        </ScalarOperator>
                                      </Aggregate>
                                    </ScalarOperator>
                                  </DefinedValue>
                                </DefinedValues>
                                <GroupBy>
                                  <ColumnReference Database="[Ymf_Sac_Teste]" Schema="[dbo]" Table="[RV_MOV]" Column="CODOPER" />
                                  <ColumnReference Database="[Ymf_Sac_Teste]" Schema="[dbo]" Table="[RV_MOV]" Column="CODPAP" />
                                  <ColumnReference Database="[Ymf_Sac_Teste]" Schema="[dbo]" Table="[RV_MOV]" Column="CODCOR" />
                                  <ColumnReference Database="[Ymf_Sac_Teste]" Schema="[dbo]" Table="[RV_MOV]" Column="PRACA" />
                                  <ColumnReference Database="[Ymf_Sac_Teste]" Schema="[dbo]" Table="[RV_MOV]" Column="ID_CONTA" />
                                  <ColumnReference Database="[Ymf_Sac_Teste]" Schema="[dbo]" Table="[RV_MOV]" Column="RVCOR_CD_FISICA" />
                                  <ColumnReference Database="[Ymf_Sac_Teste]" Schema="[dbo]" Table="[RV_MOV]" Column="IC_DAYTRADE" />
                                </GroupBy>
                                <RelOp AvgRowSize="59" EstimateCPU="0.000100059" EstimateIO="0.0112613" EstimateRebinds="0" EstimateRewinds="0" EstimateRows="1" LogicalOp="Sort" NodeId="5" Parallel="false" PhysicalOp="Sort" EstimatedTotalSubtreeCost="0.0212214">
                                  <OutputList>
                                    <ColumnReference Database="[Ymf_Sac_Teste]" Schema="[dbo]" Table="[RV_MOV]" Column="CODCOR" />
                                    <ColumnReference Database="[Ymf_Sac_Teste]" Schema="[dbo]" Table="[RV_MOV]" Column="CODOPER" />
                                    <ColumnReference Database="[Ymf_Sac_Teste]" Schema="[dbo]" Table="[RV_MOV]" Column="CODPAP" />
                                    <ColumnReference Database="[Ymf_Sac_Teste]" Schema="[dbo]" Table="[RV_MOV]" Column="PRACA" />
                                    <ColumnReference Database="[Ymf_Sac_Teste]" Schema="[dbo]" Table="[RV_MOV]" Column="IC_DAYTRADE" />
                                    <ColumnReference Database="[Ymf_Sac_Teste]" Schema="[dbo]" Table="[RV_MOV]" Column="QUANTIDADE" />
                                    <ColumnReference Database="[Ymf_Sac_Teste]" Schema="[dbo]" Table="[RV_MOV]" Column="RVCOR_CD_FISICA" />
                                    <ColumnReference Database="[Ymf_Sac_Teste]" Schema="[dbo]" Table="[RV_MOV]" Column="ID_CONTA" />
                                  </OutputList>
                                  <MemoryFractions Input="1" Output="1" />
                                  <Sort Distinct="false">
                                    <OrderBy>
                                      <OrderByColumn Ascending="true">
                                        <ColumnReference Database="[Ymf_Sac_Teste]" Schema="[dbo]" Table="[RV_MOV]" Column="CODOPER" />
                                      </OrderByColumn>
                                      <OrderByColumn Ascending="true">
                                        <ColumnReference Database="[Ymf_Sac_Teste]" Schema="[dbo]" Table="[RV_MOV]" Column="CODPAP" />
                                      </OrderByColumn>
                                      <OrderByColumn Ascending="true">
                                        <ColumnReference Database="[Ymf_Sac_Teste]" Schema="[dbo]" Table="[RV_MOV]" Column="CODCOR" />
                                      </OrderByColumn>
                                      <OrderByColumn Ascending="true">
                                        <ColumnReference Database="[Ymf_Sac_Teste]" Schema="[dbo]" Table="[RV_MOV]" Column="PRACA" />
                                      </OrderByColumn>
                                      <OrderByColumn Ascending="true">
                                        <ColumnReference Database="[Ymf_Sac_Teste]" Schema="[dbo]" Table="[RV_MOV]" Column="ID_CONTA" />
                                      </OrderByColumn>
                                      <OrderByColumn Ascending="true">
                                        <ColumnReference Database="[Ymf_Sac_Teste]" Schema="[dbo]" Table="[RV_MOV]" Column="RVCOR_CD_FISICA" />
                                      </OrderByColumn>
                                      <OrderByColumn Ascending="true">
                                        <ColumnReference Database="[Ymf_Sac_Teste]" Schema="[dbo]" Table="[RV_MOV]" Column="IC_DAYTRADE" />
                                      </OrderByColumn>
                                    </OrderBy>
                                    <RelOp AvgRowSize="59" EstimateCPU="4.18E-06" EstimateIO="0" EstimateRebinds="0" EstimateRewinds="0" EstimateRows="1" LogicalOp="Inner Join" NodeId="6" Parallel="false" PhysicalOp="Nested Loops" EstimatedTotalSubtreeCost="0.00986012">
                                      <OutputList>
                                        <ColumnReference Database="[Ymf_Sac_Teste]" Schema="[dbo]" Table="[RV_MOV]" Column="CODCOR" />
                                        <ColumnReference Database="[Ymf_Sac_Teste]" Schema="[dbo]" Table="[RV_MOV]" Column="CODOPER" />
                                        <ColumnReference Database="[Ymf_Sac_Teste]" Schema="[dbo]" Table="[RV_MOV]" Column="CODPAP" />
                                        <ColumnReference Database="[Ymf_Sac_Teste]" Schema="[dbo]" Table="[RV_MOV]" Column="PRACA" />
                                        <ColumnReference Database="[Ymf_Sac_Teste]" Schema="[dbo]" Table="[RV_MOV]" Column="IC_DAYTRADE" />
                                        <ColumnReference Database="[Ymf_Sac_Teste]" Schema="[dbo]" Table="[RV_MOV]" Column="QUANTIDADE" />
                                        <ColumnReference Database="[Ymf_Sac_Teste]" Schema="[dbo]" Table="[RV_MOV]" Column="RVCOR_CD_FISICA" />
                                        <ColumnReference Database="[Ymf_Sac_Teste]" Schema="[dbo]" Table="[RV_MOV]" Column="ID_CONTA" />
                                      </OutputList>
                                      <NestedLoops Optimized="false">
                                        <OuterReferences>
                                          <ColumnReference Database="[Ymf_Sac_Teste]" Schema="[dbo]" Table="[RV_MOV]" Column="CODPAP" />
                                        </OuterReferences>
                                        <RelOp AvgRowSize="59" EstimateCPU="1.98E-06" EstimateIO="0" EstimateRebinds="0" EstimateRewinds="0" EstimateRows="1" LogicalOp="Filter" NodeId="7" Parallel="false" PhysicalOp="Filter" EstimatedTotalSubtreeCost="0.00657236">
                                          <OutputList>
                                            <ColumnReference Database="[Ymf_Sac_Teste]" Schema="[dbo]" Table="[RV_MOV]" Column="CODCOR" />
                                            <ColumnReference Database="[Ymf_Sac_Teste]" Schema="[dbo]" Table="[RV_MOV]" Column="CODOPER" />
                                            <ColumnReference Database="[Ymf_Sac_Teste]" Schema="[dbo]" Table="[RV_MOV]" Column="CODPAP" />
                                            <ColumnReference Database="[Ymf_Sac_Teste]" Schema="[dbo]" Table="[RV_MOV]" Column="PRACA" />
                                            <ColumnReference Database="[Ymf_Sac_Teste]" Schema="[dbo]" Table="[RV_MOV]" Column="IC_DAYTRADE" />
                                            <ColumnReference Database="[Ymf_Sac_Teste]" Schema="[dbo]" Table="[RV_MOV]" Column="QUANTIDADE" />
                                            <ColumnReference Database="[Ymf_Sac_Teste]" Schema="[dbo]" Table="[RV_MOV]" Column="RVCOR_CD_FISICA" />
                                            <ColumnReference Database="[Ymf_Sac_Teste]" Schema="[dbo]" Table="[RV_MOV]" Column="ID_CONTA" />
                                          </OutputList>
                                          <Filter StartupExpression="false">
                                            <RelOp AvgRowSize="61" EstimateCPU="4.18E-06" EstimateIO="0" EstimateRebinds="0" EstimateRewinds="0" EstimateRows="1" LogicalOp="Inner Join" NodeId="8" Parallel="false" PhysicalOp="Nested Loops" EstimatedTotalSubtreeCost="0.00657038">
                                              <OutputList>
                                                <ColumnReference Database="[Ymf_Sac_Teste]" Schema="[dbo]" Table="[RV_MOV]" Column="CODCOR" />
                                                <ColumnReference Database="[Ymf_Sac_Teste]" Schema="[dbo]" Table="[RV_MOV]" Column="CODOPER" />
                                                <ColumnReference Database="[Ymf_Sac_Teste]" Schema="[dbo]" Table="[RV_MOV]" Column="CODPAP" />
                                                <ColumnReference Database="[Ymf_Sac_Teste]" Schema="[dbo]" Table="[RV_MOV]" Column="PRACA" />
                                                <ColumnReference Database="[Ymf_Sac_Teste]" Schema="[dbo]" Table="[RV_MOV]" Column="COMPRAVENDA" />
                                                <ColumnReference Database="[Ymf_Sac_Teste]" Schema="[dbo]" Table="[RV_MOV]" Column="IC_DAYTRADE" />
                                                <ColumnReference Database="[Ymf_Sac_Teste]" Schema="[dbo]" Table="[RV_MOV]" Column="QUANTIDADE" />
                                                <ColumnReference Database="[Ymf_Sac_Teste]" Schema="[dbo]" Table="[RV_MOV]" Column="RVCOR_CD_FISICA" />
                                                <ColumnReference Database="[Ymf_Sac_Teste]" Schema="[dbo]" Table="[RV_MOV]" Column="ID_CONTA" />
                                              </OutputList>
                                              <NestedLoops Optimized="false">
                                                <OuterReferences>
                                                  <ColumnReference Database="[Ymf_Sac_Teste]" Schema="[dbo]" Table="[RV_MOV]" Column="ORDEM" />
                                                  <ColumnReference Database="[Ymf_Sac_Teste]" Schema="[dbo]" Table="[RV_MOV]" Column="DATAMOV" />
                                                </OuterReferences>
                                                <RelOp AvgRowSize="19" EstimateCPU="0.0001581" EstimateIO="0.003125" EstimateRebinds="0" EstimateRewinds="0" EstimateRows="1" LogicalOp="Index Seek" NodeId="9" Parallel="false" PhysicalOp="Index Seek" EstimatedTotalSubtreeCost="0.0032831">
                                                  <OutputList>
                                                    <ColumnReference Database="[Ymf_Sac_Teste]" Schema="[dbo]" Table="[RV_MOV]" Column="ORDEM" />
                                                    <ColumnReference Database="[Ymf_Sac_Teste]" Schema="[dbo]" Table="[RV_MOV]" Column="DATAMOV" />
                                                  </OutputList>
                                                  <IndexScan Ordered="true" ScanDirection="FORWARD" ForcedIndex="false" NoExpandHint="false">
                                                    <DefinedValues>
                                                      <DefinedValue>
                                                        <ColumnReference Database="[Ymf_Sac_Teste]" Schema="[dbo]" Table="[RV_MOV]" Column="ORDEM" />
                                                      </DefinedValue>
                                                      <DefinedValue>
                                                        <ColumnReference Database="[Ymf_Sac_Teste]" Schema="[dbo]" Table="[RV_MOV]" Column="DATAMOV" />
                                                      </DefinedValue>
                                                    </DefinedValues>
                                                    <Object Database="[Ymf_Sac_Teste]" Schema="[dbo]" Table="[RV_MOV]" Index="[XIE1RV_MOV]" TableReferenceId="1" />
                                                    <SeekPredicates>
                                                      <SeekPredicate>
                                                        <Prefix ScanType="EQ">
                                                          <RangeColumns>
                                                            <ColumnReference Database="[Ymf_Sac_Teste]" Schema="[dbo]" Table="[RV_MOV]" Column="DATAMOV" />
                                                            <ColumnReference Database="[Ymf_Sac_Teste]" Schema="[dbo]" Table="[RV_MOV]" Column="TIPOMOV" />
                                                            <ColumnReference Database="[Ymf_Sac_Teste]" Schema="[dbo]" Table="[RV_MOV]" Column="CODCLI" />
                                                          </RangeColumns>
                                                          <RangeExpressions>
                                                            <ScalarOperator ScalarString="'2011-12-28 00:00:00.000'">
                                                              <Const ConstValue="'2011-12-28 00:00:00.000'" />
                                                            </ScalarOperator>
                                                            <ScalarOperator ScalarString="'0'">
                                                              <Const ConstValue="'0'" />
                                                            </ScalarOperator>
                                                            <ScalarOperator ScalarString="'2061'">
                                                              <Const ConstValue="'2061'" />
                                                            </ScalarOperator>
                                                          </RangeExpressions>
                                                        </Prefix>
                                                      </SeekPredicate>
                                                      <SeekPredicate>
                                                        <Prefix ScanType="EQ">
                                                          <RangeColumns>
                                                            <ColumnReference Database="[Ymf_Sac_Teste]" Schema="[dbo]" Table="[RV_MOV]" Column="DATAMOV" />
                                                            <ColumnReference Database="[Ymf_Sac_Teste]" Schema="[dbo]" Table="[RV_MOV]" Column="TIPOMOV" />
                                                            <ColumnReference Database="[Ymf_Sac_Teste]" Schema="[dbo]" Table="[RV_MOV]" Column="CODCLI" />
                                                          </RangeColumns>
                                                          <RangeExpressions>
                                                            <ScalarOperator ScalarString="'2011-12-28 00:00:00.000'">
                                                              <Const ConstValue="'2011-12-28 00:00:00.000'" />
                                                            </ScalarOperator>
                                                            <ScalarOperator ScalarString="'5'">
                                                              <Const ConstValue="'5'" />
                                                            </ScalarOperator>
                                                            <ScalarOperator ScalarString="'2061'">
                                                              <Const ConstValue="'2061'" />
                                                            </ScalarOperator>
                                                          </RangeExpressions>
                                                        </Prefix>
                                                      </SeekPredicate>
                                                      <SeekPredicate>
                                                        <Prefix ScanType="EQ">
                                                          <RangeColumns>
                                                            <ColumnReference Database="[Ymf_Sac_Teste]" Schema="[dbo]" Table="[RV_MOV]" Column="DATAMOV" />
                                                            <ColumnReference Database="[Ymf_Sac_Teste]" Schema="[dbo]" Table="[RV_MOV]" Column="TIPOMOV" />
                                                            <ColumnReference Database="[Ymf_Sac_Teste]" Schema="[dbo]" Table="[RV_MOV]" Column="CODCLI" />
                                                          </RangeColumns>
                                                          <RangeExpressions>
                                                            <ScalarOperator ScalarString="'2011-12-28 00:00:00.000'">
                                                              <Const ConstValue="'2011-12-28 00:00:00.000'" />
                                                            </ScalarOperator>
                                                            <ScalarOperator ScalarString="'6'">
                                                              <Const ConstValue="'6'" />
                                                            </ScalarOperator>
                                                            <ScalarOperator ScalarString="'2061'">
                                                              <Const ConstValue="'2061'" />
                                                            </ScalarOperator>
                                                          </RangeExpressions>
                                                        </Prefix>
                                                      </SeekPredicate>
                                                    </SeekPredicates>
                                                  </IndexScan>
                                                </RelOp>
                                                <RelOp AvgRowSize="61" EstimateCPU="0.0001581" EstimateIO="0.003125" EstimateRebinds="0" EstimateRewinds="0" EstimateRows="1" LogicalOp="Clustered Index Seek" NodeId="11" Parallel="false" PhysicalOp="Clustered Index Seek" EstimatedTotalSubtreeCost="0.0032831">
                                                  <OutputList>
                                                    <ColumnReference Database="[Ymf_Sac_Teste]" Schema="[dbo]" Table="[RV_MOV]" Column="CODCOR" />
                                                    <ColumnReference Database="[Ymf_Sac_Teste]" Schema="[dbo]" Table="[RV_MOV]" Column="CODOPER" />
                                                    <ColumnReference Database="[Ymf_Sac_Teste]" Schema="[dbo]" Table="[RV_MOV]" Column="CODPAP" />
                                                    <ColumnReference Database="[Ymf_Sac_Teste]" Schema="[dbo]" Table="[RV_MOV]" Column="PRACA" />
                                                    <ColumnReference Database="[Ymf_Sac_Teste]" Schema="[dbo]" Table="[RV_MOV]" Column="COMPRAVENDA" />
                                                    <ColumnReference Database="[Ymf_Sac_Teste]" Schema="[dbo]" Table="[RV_MOV]" Column="IC_DAYTRADE" />
                                                    <ColumnReference Database="[Ymf_Sac_Teste]" Schema="[dbo]" Table="[RV_MOV]" Column="QUANTIDADE" />
                                                    <ColumnReference Database="[Ymf_Sac_Teste]" Schema="[dbo]" Table="[RV_MOV]" Column="RVCOR_CD_FISICA" />
                                                    <ColumnReference Database="[Ymf_Sac_Teste]" Schema="[dbo]" Table="[RV_MOV]" Column="ID_CONTA" />
                                                  </OutputList>
                                                  <IndexScan Lookup="true" Ordered="true" ScanDirection="FORWARD" ForcedIndex="false" NoExpandHint="false">
                                                    <DefinedValues>
                                                      <DefinedValue>
                                                        <ColumnReference Database="[Ymf_Sac_Teste]" Schema="[dbo]" Table="[RV_MOV]" Column="CODCOR" />
                                                      </DefinedValue>
                                                      <DefinedValue>
                                                        <ColumnReference Database="[Ymf_Sac_Teste]" Schema="[dbo]" Table="[RV_MOV]" Column="CODOPER" />
                                                      </DefinedValue>
                                                      <DefinedValue>
                                                        <ColumnReference Database="[Ymf_Sac_Teste]" Schema="[dbo]" Table="[RV_MOV]" Column="CODPAP" />
                                                      </DefinedValue>
                                                      <DefinedValue>
                                                        <ColumnReference Database="[Ymf_Sac_Teste]" Schema="[dbo]" Table="[RV_MOV]" Column="PRACA" />
                                                      </DefinedValue>
                                                      <DefinedValue>
                                                        <ColumnReference Database="[Ymf_Sac_Teste]" Schema="[dbo]" Table="[RV_MOV]" Column="COMPRAVENDA" />
                                                      </DefinedValue>
                                                      <DefinedValue>
                                                        <ColumnReference Database="[Ymf_Sac_Teste]" Schema="[dbo]" Table="[RV_MOV]" Column="IC_DAYTRADE" />
                                                      </DefinedValue>
                                                      <DefinedValue>
                                                        <ColumnReference Database="[Ymf_Sac_Teste]" Schema="[dbo]" Table="[RV_MOV]" Column="QUANTIDADE" />
                                                      </DefinedValue>
                                                      <DefinedValue>
                                                        <ColumnReference Database="[Ymf_Sac_Teste]" Schema="[dbo]" Table="[RV_MOV]" Column="RVCOR_CD_FISICA" />
                                                      </DefinedValue>
                                                      <DefinedValue>
                                                        <ColumnReference Database="[Ymf_Sac_Teste]" Schema="[dbo]" Table="[RV_MOV]" Column="ID_CONTA" />
                                                      </DefinedValue>
                                                    </DefinedValues>
                                                    <Object Database="[Ymf_Sac_Teste]" Schema="[dbo]" Table="[RV_MOV]" Index="[XPKRV_MOV]" TableReferenceId="-1" />
                                                    <SeekPredicates>
                                                      <SeekPredicate>
                                                        <Prefix ScanType="EQ">
                                                          <RangeColumns>
                                                            <ColumnReference Database="[Ymf_Sac_Teste]" Schema="[dbo]" Table="[RV_MOV]" Column="ORDEM" />
                                                            <ColumnReference Database="[Ymf_Sac_Teste]" Schema="[dbo]" Table="[RV_MOV]" Column="DATAMOV" />
                                                          </RangeColumns>
                                                          <RangeExpressions>
                                                            <ScalarOperator ScalarString="[Ymf_Sac_Teste].[dbo].[RV_MOV].[ORDEM]">
                                                              <Identifier>
                                                                <ColumnReference Database="[Ymf_Sac_Teste]" Schema="[dbo]" Table="[RV_MOV]" Column="ORDEM" />
                                                              </Identifier>
                                                            </ScalarOperator>
                                                            <ScalarOperator ScalarString="[Ymf_Sac_Teste].[dbo].[RV_MOV].[DATAMOV]">
                                                              <Identifier>
                                                                <ColumnReference Database="[Ymf_Sac_Teste]" Schema="[dbo]" Table="[RV_MOV]" Column="DATAMOV" />
                                                              </Identifier>
                                                            </ScalarOperator>
                                                          </RangeExpressions>
                                                        </Prefix>
                                                      </SeekPredicate>
                                                    </SeekPredicates>
                                                  </IndexScan>
                                                </RelOp>
                                              </NestedLoops>
                                            </RelOp>
                                            <Predicate>
                                              <ScalarOperator ScalarString="[Ymf_Sac_Teste].[dbo].[RV_MOV].[COMPRAVENDA]='C' AND ([Ymf_Sac_Teste].[dbo].[RV_MOV].[IC_DAYTRADE]&lt;'O' OR [Ymf_Sac_Teste].[dbo].[RV_MOV].[IC_DAYTRADE]&gt;'O') AND ([Ymf_Sac_Teste].[dbo].[RV_MOV].[IC_DAYTRADE]&lt;'S' OR [Ymf_Sac_Teste].[dbo].[RV_MOV].[IC_DAYTRADE]&gt;'S')">
                                                <Logical Operation="AND">
                                                  <ScalarOperator>
                                                    <Compare CompareOp="EQ">
                                                      <ScalarOperator>
                                                        <Identifier>
                                                          <ColumnReference Database="[Ymf_Sac_Teste]" Schema="[dbo]" Table="[RV_MOV]" Column="COMPRAVENDA" />
                                                        </Identifier>
                                                      </ScalarOperator>
                                                      <ScalarOperator>
                                                        <Const ConstValue="'C'" />
                                                      </ScalarOperator>
                                                    </Compare>
                                                  </ScalarOperator>
                                                  <ScalarOperator>
                                                    <Logical Operation="OR">
                                                      <ScalarOperator>
                                                        <Compare CompareOp="LT">
                                                          <ScalarOperator>
                                                            <Identifier>
                                                              <ColumnReference Database="[Ymf_Sac_Teste]" Schema="[dbo]" Table="[RV_MOV]" Column="IC_DAYTRADE" />
                                                            </Identifier>
                                                          </ScalarOperator>
                                                          <ScalarOperator>
                                                            <Const ConstValue="'O'" />
                                                          </ScalarOperator>
                                                        </Compare>
                                                      </ScalarOperator>
                                                      <ScalarOperator>
                                                        <Compare CompareOp="GT">
                                                          <ScalarOperator>
                                                            <Identifier>
                                                              <ColumnReference Database="[Ymf_Sac_Teste]" Schema="[dbo]" Table="[RV_MOV]" Column="IC_DAYTRADE" />
                                                            </Identifier>
                                                          </ScalarOperator>
                                                          <ScalarOperator>
                                                            <Const ConstValue="'O'" />
                                                          </ScalarOperator>
                                                        </Compare>
                                                      </ScalarOperator>
                                                    </Logical>
                                                  </ScalarOperator>
                                                  <ScalarOperator>
                                                    <Logical Operation="OR">
                                                      <ScalarOperator>
                                                        <Compare CompareOp="LT">
                                                          <ScalarOperator>
                                                            <Identifier>
                                                              <ColumnReference Database="[Ymf_Sac_Teste]" Schema="[dbo]" Table="[RV_MOV]" Column="IC_DAYTRADE" />
                                                            </Identifier>
                                                          </ScalarOperator>
                                                          <ScalarOperator>
                                                            <Const ConstValue="'S'" />
                                                          </ScalarOperator>
                                                        </Compare>
                                                      </ScalarOperator>
                                                      <ScalarOperator>
                                                        <Compare CompareOp="GT">
                                                          <ScalarOperator>
                                                            <Identifier>
                                                              <ColumnReference Database="[Ymf_Sac_Teste]" Schema="[dbo]" Table="[RV_MOV]" Column="IC_DAYTRADE" />
                                                            </Identifier>
                                                          </ScalarOperator>
                                                          <ScalarOperator>
                                                            <Const ConstValue="'S'" />
                                                          </ScalarOperator>
                                                        </Compare>
                                                      </ScalarOperator>
                                                    </Logical>
                                                  </ScalarOperator>
                                                </Logical>
                                              </ScalarOperator>
                                            </Predicate>
                                          </Filter>
                                        </RelOp>
                                        <RelOp AvgRowSize="9" EstimateCPU="0.0001581" EstimateIO="0.003125" EstimateRebinds="0" EstimateRewinds="0" EstimateRows="1" LogicalOp="Clustered Index Seek" NodeId="32" Parallel="false" PhysicalOp="Clustered Index Seek" EstimatedTotalSubtreeCost="0.0032831">
                                          <OutputList>
                                            <ColumnReference Database="[Ymf_Sac_Teste]" Schema="[dbo]" Table="[RV_CADPAP]" Column="TIPO" />
                                          </OutputList>
                                          <IndexScan Ordered="true" ScanDirection="FORWARD" ForcedIndex="false" NoExpandHint="false">
                                            <DefinedValues>
                                              <DefinedValue>
                                                <ColumnReference Database="[Ymf_Sac_Teste]" Schema="[dbo]" Table="[RV_CADPAP]" Column="TIPO" />
                                              </DefinedValue>
                                            </DefinedValues>
                                            <Object Database="[Ymf_Sac_Teste]" Schema="[dbo]" Table="[RV_CADPAP]" Index="[XPKRV_CADPAP]" TableReferenceId="1" />
                                            <SeekPredicates>
                                              <SeekPredicate>
                                                <Prefix ScanType="EQ">
                                                  <RangeColumns>
                                                    <ColumnReference Database="[Ymf_Sac_Teste]" Schema="[dbo]" Table="[RV_CADPAP]" Column="CODPAP" />
                                                  </RangeColumns>
                                                  <RangeExpressions>
                                                    <ScalarOperator ScalarString="[Ymf_Sac_Teste].[dbo].[RV_MOV].[CODPAP]">
                                                      <Identifier>
                                                        <ColumnReference Database="[Ymf_Sac_Teste]" Schema="[dbo]" Table="[RV_MOV]" Column="CODPAP" />
                                                      </Identifier>
                                                    </ScalarOperator>
                                                  </RangeExpressions>
                                                </Prefix>
                                              </SeekPredicate>
                                            </SeekPredicates>
                                            <Predicate>
                                              <ScalarOperator ScalarString="[Ymf_Sac_Teste].[dbo].[RV_CADPAP].[TIPO]='V'">
                                                <Compare CompareOp="EQ">
                                                  <ScalarOperator>
                                                    <Identifier>
                                                      <ColumnReference Database="[Ymf_Sac_Teste]" Schema="[dbo]" Table="[RV_CADPAP]" Column="TIPO" />
                                                    </Identifier>
                                                  </ScalarOperator>
                                                  <ScalarOperator>
                                                    <Const ConstValue="'V'" />
                                                  </ScalarOperator>
                                                </Compare>
                                              </ScalarOperator>
                                            </Predicate>
                                          </IndexScan>
                                        </RelOp>
                                      </NestedLoops>
                                    </RelOp>
                                  </Sort>
                                </RelOp>
                              </StreamAggregate>
                            </RelOp>
                          </ComputeScalar>
                        </RelOp>
                        <RelOp AvgRowSize="15" EstimateCPU="1.1E-06" EstimateIO="0" EstimateRebinds="0" EstimateRewinds="0" EstimateRows="1" LogicalOp="Aggregate" NodeId="41" Parallel="false" PhysicalOp="Stream Aggregate" EstimatedTotalSubtreeCost="0.00658016">
                          <OutputList>
                            <ColumnReference Column="Expr1010" />
                          </OutputList>
                          <StreamAggregate>
                            <DefinedValues>
                              <DefinedValue>
                                <ColumnReference Column="Expr1010" />
                                <ScalarOperator ScalarString="SUM([Expr1068])">
                                  <Aggregate AggType="SUM" Distinct="false">
                                    <ScalarOperator>
                                      <Identifier>
                                        <ColumnReference Column="Expr1068" />
                                      </Identifier>
                                    </ScalarOperator>
                                  </Aggregate>
                                </ScalarOperator>
                              </DefinedValue>
                            </DefinedValues>
                            <RelOp AvgRowSize="15" EstimateCPU="1E-07" EstimateIO="0" EstimateRebinds="0" EstimateRewinds="0" EstimateRows="1" LogicalOp="Compute Scalar" NodeId="42" Parallel="false" PhysicalOp="Compute Scalar" EstimatedTotalSubtreeCost="0.00657906">
                              <OutputList>
                                <ColumnReference Column="Expr1068" />
                              </OutputList>
                              <ComputeScalar>
                                <DefinedValues>
                                  <DefinedValue>
                                    <ColumnReference Column="Expr1068" />
                                    <ScalarOperator ScalarString="isnull([Ymf_Sac_Teste].[dbo].[SAC_RV_BLOQUEIO].[QT] as [B].[QT],(0.000000000000000e+000))">
                                      <Intrinsic FunctionName="isnull">
                                        <ScalarOperator>
                                          <Identifier>
                                            <ColumnReference Database="[Ymf_Sac_Teste]" Schema="[dbo]" Table="[SAC_RV_BLOQUEIO]" Alias="[B]" Column="QT" />
                                          </Identifier>
                                        </ScalarOperator>
                                        <ScalarOperator>
                                          <Const ConstValue="(0.000000000000000e+000)" />
                                        </ScalarOperator>
                                      </Intrinsic>
                                    </ScalarOperator>
                                  </DefinedValue>
                                </DefinedValues>
                                <RelOp AvgRowSize="15" EstimateCPU="1.78E-06" EstimateIO="0" EstimateRebinds="0" EstimateRewinds="0" EstimateRows="1" LogicalOp="Filter" NodeId="43" Parallel="false" PhysicalOp="Filter" EstimatedTotalSubtreeCost="0.00657896">
                                  <OutputList>
                                    <ColumnReference Database="[Ymf_Sac_Teste]" Schema="[dbo]" Table="[SAC_RV_BLOQUEIO]" Alias="[B]" Column="QT" />
                                  </OutputList>
                                  <Filter StartupExpression="false">
                                    <RelOp AvgRowSize="39" EstimateCPU="4.18E-06" EstimateIO="0" EstimateRebinds="0" EstimateRewinds="0" EstimateRows="1" LogicalOp="Inner Join" NodeId="44" Parallel="false" PhysicalOp="Nested Loops" EstimatedTotalSubtreeCost="0.00657718">
                                      <OutputList>
                                        <ColumnReference Database="[Ymf_Sac_Teste]" Schema="[dbo]" Table="[SAC_RV_BLOQUEIO]" Alias="[B]" Column="RVPAP_CD" />
                                        <ColumnReference Database="[Ymf_Sac_Teste]" Schema="[dbo]" Table="[SAC_RV_BLOQUEIO]" Alias="[B]" Column="RVCOR_CD" />
                                        <ColumnReference Database="[Ymf_Sac_Teste]" Schema="[dbo]" Table="[SAC_RV_BLOQUEIO]" Alias="[B]" Column="CD_PRACA" />
                                        <ColumnReference Database="[Ymf_Sac_Teste]" Schema="[dbo]" Table="[SAC_RV_BLOQUEIO]" Alias="[B]" Column="IC" />
                                        <ColumnReference Database="[Ymf_Sac_Teste]" Schema="[dbo]" Table="[SAC_RV_BLOQUEIO]" Alias="[B]" Column="QT" />
                                        <ColumnReference Database="[Ymf_Sac_Teste]" Schema="[dbo]" Table="[SAC_RV_BLOQUEIO]" Alias="[B]" Column="IC_BLOQ_PROV_AUTO" />
                                      </OutputList>
                                      <NestedLoops Optimized="false">
                                        <OuterReferences>
                                          <ColumnReference Database="[Ymf_Sac_Teste]" Schema="[dbo]" Table="[SAC_RV_BLOQUEIO]" Alias="[B]" Column="ID" />
                                          <ColumnReference Database="[Ymf_Sac_Teste]" Schema="[dbo]" Table="[SAC_RV_BLOQUEIO]" Alias="[B]" Column="DT" />
                                        </OuterReferences>
                                        <RelOp AvgRowSize="19" EstimateCPU="0.0001625" EstimateIO="0.003125" EstimateRebinds="0" EstimateRewinds="0" EstimateRows="1" LogicalOp="Index Seek" NodeId="45" Parallel="false" PhysicalOp="Index Seek" EstimatedTotalSubtreeCost="0.0032875">
                                          <OutputList>
                                            <ColumnReference Database="[Ymf_Sac_Teste]" Schema="[dbo]" Table="[SAC_RV_BLOQUEIO]" Alias="[B]" Column="ID" />
                                            <ColumnReference Database="[Ymf_Sac_Teste]" Schema="[dbo]" Table="[SAC_RV_BLOQUEIO]" Alias="[B]" Column="DT" />
                                          </OutputList>
                                          <IndexScan Ordered="true" ScanDirection="FORWARD" ForcedIndex="false" NoExpandHint="false">
                                            <DefinedValues>
                                              <DefinedValue>
                                                <ColumnReference Database="[Ymf_Sac_Teste]" Schema="[dbo]" Table="[SAC_RV_BLOQUEIO]" Alias="[B]" Column="ID" />
                                              </DefinedValue>
                                              <DefinedValue>
                                                <ColumnReference Database="[Ymf_Sac_Teste]" Schema="[dbo]" Table="[SAC_RV_BLOQUEIO]" Alias="[B]" Column="DT" />
                                              </DefinedValue>
                                            </DefinedValues>
                                            <Object Database="[Ymf_Sac_Teste]" Schema="[dbo]" Table="[SAC_RV_BLOQUEIO]" Index="[IDX05SAC_RV_BLOQUEIO]" Alias="[B]" TableReferenceId="1" />
                                            <SeekPredicates>
                                              <SeekPredicate>
                                                <Prefix ScanType="EQ">
                                                  <RangeColumns>
                                                    <ColumnReference Database="[Ymf_Sac_Teste]" Schema="[dbo]" Table="[SAC_RV_BLOQUEIO]" Alias="[B]" Column="CLCLI_CD" />
                                                  </RangeColumns>
                                                  <RangeExpressions>
                                                    <ScalarOperator ScalarString="'2061'">
                                                      <Const ConstValue="'2061'" />
                                                    </ScalarOperator>
                                                  </RangeExpressions>
                                                </Prefix>
                                              </SeekPredicate>
                                            </SeekPredicates>
                                            <Predicate>
                                              <ScalarOperator ScalarString="[Ymf_Sac_Teste].[dbo].[SAC_RV_BLOQUEIO].[DT] as [B].[DT]='2011-12-28 00:00:00.000'">
                                                <Compare CompareOp="EQ">
                                                  <ScalarOperator>
                                                    <Identifier>
                                                      <ColumnReference Database="[Ymf_Sac_Teste]" Schema="[dbo]" Table="[SAC_RV_BLOQUEIO]" Alias="[B]" Column="DT" />
                                                    </Identifier>
                                                  </ScalarOperator>
                                                  <ScalarOperator>
                                                    <Const ConstValue="'2011-12-28 00:00:00.000'" />
                                                  </ScalarOperator>
                                                </Compare>
                                              </ScalarOperator>
                                            </Predicate>
                                          </IndexScan>
                                        </RelOp>
                                        <RelOp AvgRowSize="39" EstimateCPU="0.0001581" EstimateIO="0.003125" EstimateRebinds="0" EstimateRewinds="0" EstimateRows="1" LogicalOp="Clustered Index Seek" NodeId="47" Parallel="false" PhysicalOp="Clustered Index Seek" EstimatedTotalSubtreeCost="0.0032831">
                                          <OutputList>
                                            <ColumnReference Database="[Ymf_Sac_Teste]" Schema="[dbo]" Table="[SAC_RV_BLOQUEIO]" Alias="[B]" Column="RVPAP_CD" />
                                            <ColumnReference Database="[Ymf_Sac_Teste]" Schema="[dbo]" Table="[SAC_RV_BLOQUEIO]" Alias="[B]" Column="RVCOR_CD" />
                                            <ColumnReference Database="[Ymf_Sac_Teste]" Schema="[dbo]" Table="[SAC_RV_BLOQUEIO]" Alias="[B]" Column="CD_PRACA" />
                                            <ColumnReference Database="[Ymf_Sac_Teste]" Schema="[dbo]" Table="[SAC_RV_BLOQUEIO]" Alias="[B]" Column="IC" />
                                            <ColumnReference Database="[Ymf_Sac_Teste]" Schema="[dbo]" Table="[SAC_RV_BLOQUEIO]" Alias="[B]" Column="QT" />
                                            <ColumnReference Database="[Ymf_Sac_Teste]" Schema="[dbo]" Table="[SAC_RV_BLOQUEIO]" Alias="[B]" Column="IC_BLOQ_PROV_AUTO" />
                                          </OutputList>
                                          <IndexScan Lookup="true" Ordered="true" ScanDirection="FORWARD" ForcedIndex="false" NoExpandHint="false">
                                            <DefinedValues>
                                              <DefinedValue>
                                                <ColumnReference Database="[Ymf_Sac_Teste]" Schema="[dbo]" Table="[SAC_RV_BLOQUEIO]" Alias="[B]" Column="RVPAP_CD" />
                                              </DefinedValue>
                                              <DefinedValue>
                                                <ColumnReference Database="[Ymf_Sac_Teste]" Schema="[dbo]" Table="[SAC_RV_BLOQUEIO]" Alias="[B]" Column="RVCOR_CD" />
                                              </DefinedValue>
                                              <DefinedValue>
                                                <ColumnReference Database="[Ymf_Sac_Teste]" Schema="[dbo]" Table="[SAC_RV_BLOQUEIO]" Alias="[B]" Column="CD_PRACA" />
                                              </DefinedValue>
                                              <DefinedValue>
                                                <ColumnReference Database="[Ymf_Sac_Teste]" Schema="[dbo]" Table="[SAC_RV_BLOQUEIO]" Alias="[B]" Column="IC" />
                                              </DefinedValue>
                                              <DefinedValue>
                                                <ColumnReference Database="[Ymf_Sac_Teste]" Schema="[dbo]" Table="[SAC_RV_BLOQUEIO]" Alias="[B]" Column="QT" />
                                              </DefinedValue>
                                              <DefinedValue>
                                                <ColumnReference Database="[Ymf_Sac_Teste]" Schema="[dbo]" Table="[SAC_RV_BLOQUEIO]" Alias="[B]" Column="IC_BLOQ_PROV_AUTO" />
                                              </DefinedValue>
                                            </DefinedValues>
                                            <Object Database="[Ymf_Sac_Teste]" Schema="[dbo]" Table="[SAC_RV_BLOQUEIO]" Index="[XPKSAC_RV_BLOQUEIO]" Alias="[B]" TableReferenceId="-1" />
                                            <SeekPredicates>
                                              <SeekPredicate>
                                                <Prefix ScanType="EQ">
                                                  <RangeColumns>
                                                    <ColumnReference Database="[Ymf_Sac_Teste]" Schema="[dbo]" Table="[SAC_RV_BLOQUEIO]" Alias="[B]" Column="ID" />
                                                    <ColumnReference Database="[Ymf_Sac_Teste]" Schema="[dbo]" Table="[SAC_RV_BLOQUEIO]" Alias="[B]" Column="DT" />
                                                  </RangeColumns>
                                                  <RangeExpressions>
                                                    <ScalarOperator ScalarString="[Ymf_Sac_Teste].[dbo].[SAC_RV_BLOQUEIO].[ID] as [B].[ID]">
                                                      <Identifier>
                                                        <ColumnReference Database="[Ymf_Sac_Teste]" Schema="[dbo]" Table="[SAC_RV_BLOQUEIO]" Alias="[B]" Column="ID" />
                                                      </Identifier>
                                                    </ScalarOperator>
                                                    <ScalarOperator ScalarString="[Ymf_Sac_Teste].[dbo].[SAC_RV_BLOQUEIO].[DT] as [B].[DT]">
                                                      <Identifier>
                                                        <ColumnReference Database="[Ymf_Sac_Teste]" Schema="[dbo]" Table="[SAC_RV_BLOQUEIO]" Alias="[B]" Column="DT" />
                                                      </Identifier>
                                                    </ScalarOperator>
                                                  </RangeExpressions>
                                                </Prefix>
                                              </SeekPredicate>
                                            </SeekPredicates>
                                          </IndexScan>
                                        </RelOp>
                                      </NestedLoops>
                                    </RelOp>
                                    <Predicate>
                                      <ScalarOperator ScalarString="[Ymf_Sac_Teste].[dbo].[SAC_RV_BLOQUEIO].[RVPAP_CD] as [B].[RVPAP_CD]=[Ymf_Sac_Teste].[dbo].[RV_MOV].[CODPAP] AND [Ymf_Sac_Teste].[dbo].[SAC_RV_BLOQUEIO].[RVCOR_CD] as [B].[RVCOR_CD]=[Ymf_Sac_Teste].[dbo].[RV_MOV].[CODCOR] AND [Ymf_Sac_Teste].[dbo].[SAC_RV_BLOQUEIO].[CD_PRACA] as [B].[CD_PRACA]=[Ymf_Sac_Teste].[dbo].[RV_MOV].[PRACA] AND [Ymf_Sac_Teste].[dbo].[SAC_RV_BLOQUEIO].[IC_BLOQ_PROV_AUTO] as [B].[IC_BLOQ_PROV_AUTO]='S' AND [Ymf_Sac_Teste].[dbo].[SAC_RV_BLOQUEIO].[IC] as [B].[IC]='B'">
                                        <Logical Operation="AND">
                                          <ScalarOperator>
                                            <Compare CompareOp="EQ">
                                              <ScalarOperator>
                                                <Identifier>
                                                  <ColumnReference Database="[Ymf_Sac_Teste]" Schema="[dbo]" Table="[SAC_RV_BLOQUEIO]" Alias="[B]" Column="RVPAP_CD" />
                                                </Identifier>
                                              </ScalarOperator>
                                              <ScalarOperator>
                                                <Identifier>
                                                  <ColumnReference Database="[Ymf_Sac_Teste]" Schema="[dbo]" Table="[RV_MOV]" Column="CODPAP" />
                                                </Identifier>
                                              </ScalarOperator>
                                            </Compare>
                                          </ScalarOperator>
                                          <ScalarOperator>
                                            <Compare CompareOp="EQ">
                                              <ScalarOperator>
                                                <Identifier>
                                                  <ColumnReference Database="[Ymf_Sac_Teste]" Schema="[dbo]" Table="[SAC_RV_BLOQUEIO]" Alias="[B]" Column="RVCOR_CD" />
                                                </Identifier>
                                              </ScalarOperator>
                                              <ScalarOperator>
                                                <Identifier>
                                                  <ColumnReference Database="[Ymf_Sac_Teste]" Schema="[dbo]" Table="[RV_MOV]" Column="CODCOR" />
                                                </Identifier>
                                              </ScalarOperator>
                                            </Compare>
                                          </ScalarOperator>
                                          <ScalarOperator>
                                            <Compare CompareOp="EQ">
                                              <ScalarOperator>
                                                <Identifier>
                                                  <ColumnReference Database="[Ymf_Sac_Teste]" Schema="[dbo]" Table="[SAC_RV_BLOQUEIO]" Alias="[B]" Column="CD_PRACA" />
                                                </Identifier>
                                              </ScalarOperator>
                                              <ScalarOperator>
                                                <Identifier>
                                                  <ColumnReference Database="[Ymf_Sac_Teste]" Schema="[dbo]" Table="[RV_MOV]" Column="PRACA" />
                                                </Identifier>
                                              </ScalarOperator>
                                            </Compare>
                                          </ScalarOperator>
                                          <ScalarOperator>
                                            <Compare CompareOp="EQ">
                                              <ScalarOperator>
                                                <Identifier>
                                                  <ColumnReference Database="[Ymf_Sac_Teste]" Schema="[dbo]" Table="[SAC_RV_BLOQUEIO]" Alias="[B]" Column="IC_BLOQ_PROV_AUTO" />
                                                </Identifier>
                                              </ScalarOperator>
                                              <ScalarOperator>
                                                <Const ConstValue="'S'" />
                                              </ScalarOperator>
                                            </Compare>
                                          </ScalarOperator>
                                          <ScalarOperator>
                                            <Compare CompareOp="EQ">
                                              <ScalarOperator>
                                                <Identifier>
                                                  <ColumnReference Database="[Ymf_Sac_Teste]" Schema="[dbo]" Table="[SAC_RV_BLOQUEIO]" Alias="[B]" Column="IC" />
                                                </Identifier>
                                              </ScalarOperator>
                                              <ScalarOperator>
                                                <Const ConstValue="'B'" />
                                              </ScalarOperator>
                                            </Compare>
                                          </ScalarOperator>
                                        </Logical>
                                      </ScalarOperator>
                                    </Predicate>
                                  </Filter>
                                </RelOp>
                              </ComputeScalar>
                            </RelOp>
                          </StreamAggregate>
                        </RelOp>
                      </NestedLoops>
                    </RelOp>
                  </ComputeScalar>
                </RelOp>
                <RelOp AvgRowSize="64" EstimateCPU="1E-07" EstimateIO="0" EstimateRebinds="0" EstimateRewinds="0" EstimateRows="1" LogicalOp="Compute Scalar" NodeId="73" Parallel="false" PhysicalOp="Compute Scalar" EstimatedTotalSubtreeCost="0.0164443">
                  <OutputList>
                    <ColumnReference Database="[Ymf_Sac_Teste]" Schema="[dbo]" Table="[RV_MOV]" Column="CODCOR" />
                    <ColumnReference Database="[Ymf_Sac_Teste]" Schema="[dbo]" Table="[RV_MOV]" Column="CODOPER" />
                    <ColumnReference Database="[Ymf_Sac_Teste]" Schema="[dbo]" Table="[RV_MOV]" Column="CODPAP" />
                    <ColumnReference Database="[Ymf_Sac_Teste]" Schema="[dbo]" Table="[RV_MOV]" Column="PRACA" />
                    <ColumnReference Database="[Ymf_Sac_Teste]" Schema="[dbo]" Table="[RV_MOV]" Column="IC_DAYTRADE" />
                    <ColumnReference Database="[Ymf_Sac_Teste]" Schema="[dbo]" Table="[RV_MOV]" Column="RVCOR_CD_FISICA" />
                    <ColumnReference Database="[Ymf_Sac_Teste]" Schema="[dbo]" Table="[RV_MOV]" Column="ID_CONTA" />
                    <ColumnReference Column="Expr1019" />
                    <ColumnReference Column="Expr1024" />
                  </OutputList>
                  <ComputeScalar>
                    <DefinedValues>
                      <DefinedValue>
                        <ColumnReference Column="Expr1019" />
                        <ScalarOperator ScalarString="'C'">
                          <Const ConstValue="'C'" />
                        </ScalarOperator>
                      </DefinedValue>
                      <DefinedValue>
                        <ColumnReference Column="Expr1024" />
                        <ScalarOperator ScalarString="[Ymf_Sac_Teste].[dbo].[RV_MOV].[QUANTIDADE]-isnull([Expr1022],(0.000000000000000e+000))">
                          <Arithmetic Operation="SUB">
                            <ScalarOperator>
                              <Identifier>
                                <ColumnReference Database="[Ymf_Sac_Teste]" Schema="[dbo]" Table="[RV_MOV]" Column="QUANTIDADE" />
                              </Identifier>
                            </ScalarOperator>
                            <ScalarOperator>
                              <Intrinsic FunctionName="isnull">
                                <ScalarOperator>
                                  <Identifier>
                                    <ColumnReference Column="Expr1022" />
                                  </Identifier>
                                </ScalarOperator>
                                <ScalarOperator>
                                  <Const ConstValue="(0.000000000000000e+000)" />
                                </ScalarOperator>
                              </Intrinsic>
                            </ScalarOperator>
                          </Arithmetic>
                        </ScalarOperator>
                      </DefinedValue>
                    </DefinedValues>
                    <RelOp AvgRowSize="68" EstimateCPU="4.18E-06" EstimateIO="0" EstimateRebinds="0" EstimateRewinds="0" EstimateRows="1" LogicalOp="Left Outer Join" NodeId="74" Parallel="false" PhysicalOp="Nested Loops" EstimatedTotalSubtreeCost="0.0164442">
                      <OutputList>
                        <ColumnReference Database="[Ymf_Sac_Teste]" Schema="[dbo]" Table="[RV_MOV]" Column="CODCOR" />
                        <ColumnReference Database="[Ymf_Sac_Teste]" Schema="[dbo]" Table="[RV_MOV]" Column="CODOPER" />
                        <ColumnReference Database="[Ymf_Sac_Teste]" Schema="[dbo]" Table="[RV_MOV]" Column="CODPAP" />
                        <ColumnReference Database="[Ymf_Sac_Teste]" Schema="[dbo]" Table="[RV_MOV]" Column="PRACA" />
                        <ColumnReference Database="[Ymf_Sac_Teste]" Schema="[dbo]" Table="[RV_MOV]" Column="IC_DAYTRADE" />
                        <ColumnReference Database="[Ymf_Sac_Teste]" Schema="[dbo]" Table="[RV_MOV]" Column="QUANTIDADE" />
                        <ColumnReference Database="[Ymf_Sac_Teste]" Schema="[dbo]" Table="[RV_MOV]" Column="RVCOR_CD_FISICA" />
                        <ColumnReference Database="[Ymf_Sac_Teste]" Schema="[dbo]" Table="[RV_MOV]" Column="ID_CONTA" />
                        <ColumnReference Column="Expr1022" />
                      </OutputList>
                      <NestedLoops Optimized="false">
                        <OuterReferences>
                          <ColumnReference Database="[Ymf_Sac_Teste]" Schema="[dbo]" Table="[RV_MOV]" Column="CODCOR" />
                          <ColumnReference Database="[Ymf_Sac_Teste]" Schema="[dbo]" Table="[RV_MOV]" Column="CODPAP" />
                          <ColumnReference Database="[Ymf_Sac_Teste]" Schema="[dbo]" Table="[RV_MOV]" Column="PRACA" />
                        </OuterReferences>
                        <RelOp AvgRowSize="59" EstimateCPU="4.18E-06" EstimateIO="0" EstimateRebinds="0" EstimateRewinds="0" EstimateRows="1" LogicalOp="Inner Join" NodeId="75" Parallel="false" PhysicalOp="Nested Loops" EstimatedTotalSubtreeCost="0.00985982">
                          <OutputList>
                            <ColumnReference Database="[Ymf_Sac_Teste]" Schema="[dbo]" Table="[RV_MOV]" Column="CODCOR" />
                            <ColumnReference Database="[Ymf_Sac_Teste]" Schema="[dbo]" Table="[RV_MOV]" Column="CODOPER" />
                            <ColumnReference Database="[Ymf_Sac_Teste]" Schema="[dbo]" Table="[RV_MOV]" Column="CODPAP" />
                            <ColumnReference Database="[Ymf_Sac_Teste]" Schema="[dbo]" Table="[RV_MOV]" Column="PRACA" />
                            <ColumnReference Database="[Ymf_Sac_Teste]" Schema="[dbo]" Table="[RV_MOV]" Column="IC_DAYTRADE" />
                            <ColumnReference Database="[Ymf_Sac_Teste]" Schema="[dbo]" Table="[RV_MOV]" Column="QUANTIDADE" />
                            <ColumnReference Database="[Ymf_Sac_Teste]" Schema="[dbo]" Table="[RV_MOV]" Column="RVCOR_CD_FISICA" />
                            <ColumnReference Database="[Ymf_Sac_Teste]" Schema="[dbo]" Table="[RV_MOV]" Column="ID_CONTA" />
                          </OutputList>
                          <NestedLoops Optimized="false">
                            <OuterReferences>
                              <ColumnReference Database="[Ymf_Sac_Teste]" Schema="[dbo]" Table="[RV_MOV]" Column="CODPAP" />
                            </OuterReferences>
                            <RelOp AvgRowSize="59" EstimateCPU="1.68E-06" EstimateIO="0" EstimateRebinds="0" EstimateRewinds="0" EstimateRows="1" LogicalOp="Filter" NodeId="76" Parallel="false" PhysicalOp="Filter" EstimatedTotalSubtreeCost="0.00657206">
                              <OutputList>
                                <ColumnReference Database="[Ymf_Sac_Teste]" Schema="[dbo]" Table="[RV_MOV]" Column="CODCOR" />
                                <ColumnReference Database="[Ymf_Sac_Teste]" Schema="[dbo]" Table="[RV_MOV]" Column="CODOPER" />
                                <ColumnReference Database="[Ymf_Sac_Teste]" Schema="[dbo]" Table="[RV_MOV]" Column="CODPAP" />
                                <ColumnReference Database="[Ymf_Sac_Teste]" Schema="[dbo]" Table="[RV_MOV]" Column="PRACA" />
                                <ColumnReference Database="[Ymf_Sac_Teste]" Schema="[dbo]" Table="[RV_MOV]" Column="IC_DAYTRADE" />
                                <ColumnReference Database="[Ymf_Sac_Teste]" Schema="[dbo]" Table="[RV_MOV]" Column="QUANTIDADE" />
                                <ColumnReference Database="[Ymf_Sac_Teste]" Schema="[dbo]" Table="[RV_MOV]" Column="RVCOR_CD_FISICA" />
                                <ColumnReference Database="[Ymf_Sac_Teste]" Schema="[dbo]" Table="[RV_MOV]" Column="ID_CONTA" />
                              </OutputList>
                              <Filter StartupExpression="false">
                                <RelOp AvgRowSize="61" EstimateCPU="4.18E-06" EstimateIO="0" EstimateRebinds="0" EstimateRewinds="0" EstimateRows="1" LogicalOp="Inner Join" NodeId="77" Parallel="false" PhysicalOp="Nested Loops" EstimatedTotalSubtreeCost="0.00657038">
                                  <OutputList>
                                    <ColumnReference Database="[Ymf_Sac_Teste]" Schema="[dbo]" Table="[RV_MOV]" Column="CODCOR" />
                                    <ColumnReference Database="[Ymf_Sac_Teste]" Schema="[dbo]" Table="[RV_MOV]" Column="CODOPER" />
                                    <ColumnReference Database="[Ymf_Sac_Teste]" Schema="[dbo]" Table="[RV_MOV]" Column="CODPAP" />
                                    <ColumnReference Database="[Ymf_Sac_Teste]" Schema="[dbo]" Table="[RV_MOV]" Column="PRACA" />
                                    <ColumnReference Database="[Ymf_Sac_Teste]" Schema="[dbo]" Table="[RV_MOV]" Column="COMPRAVENDA" />
                                    <ColumnReference Database="[Ymf_Sac_Teste]" Schema="[dbo]" Table="[RV_MOV]" Column="IC_DAYTRADE" />
                                    <ColumnReference Database="[Ymf_Sac_Teste]" Schema="[dbo]" Table="[RV_MOV]" Column="QUANTIDADE" />
                                    <ColumnReference Database="[Ymf_Sac_Teste]" Schema="[dbo]" Table="[RV_MOV]" Column="RVCOR_CD_FISICA" />
                                    <ColumnReference Database="[Ymf_Sac_Teste]" Schema="[dbo]" Table="[RV_MOV]" Column="ID_CONTA" />
                                  </OutputList>
                                  <NestedLoops Optimized="false">
                                    <OuterReferences>
                                      <ColumnReference Database="[Ymf_Sac_Teste]" Schema="[dbo]" Table="[RV_MOV]" Column="ORDEM" />
                                      <ColumnReference Database="[Ymf_Sac_Teste]" Schema="[dbo]" Table="[RV_MOV]" Column="DATAMOV" />
                                    </OuterReferences>
                                    <RelOp AvgRowSize="19" EstimateCPU="0.0001581" EstimateIO="0.003125" EstimateRebinds="0" EstimateRewinds="0" EstimateRows="1" LogicalOp="Index Seek" NodeId="78" Parallel="false" PhysicalOp="Index Seek" EstimatedTotalSubtreeCost="0.0032831">
                                      <OutputList>
                                        <ColumnReference Database="[Ymf_Sac_Teste]" Schema="[dbo]" Table="[RV_MOV]" Column="ORDEM" />
                                        <ColumnReference Database="[Ymf_Sac_Teste]" Schema="[dbo]" Table="[RV_MOV]" Column="DATAMOV" />
                                      </OutputList>
                                      <IndexScan Ordered="true" ScanDirection="FORWARD" ForcedIndex="false" NoExpandHint="false">
                                        <DefinedValues>
                                          <DefinedValue>
                                            <ColumnReference Database="[Ymf_Sac_Teste]" Schema="[dbo]" Table="[RV_MOV]" Column="ORDEM" />
                                          </DefinedValue>
                                          <DefinedValue>
                                            <ColumnReference Database="[Ymf_Sac_Teste]" Schema="[dbo]" Table="[RV_MOV]" Column="DATAMOV" />
                                          </DefinedValue>
                                        </DefinedValues>
                                        <Object Database="[Ymf_Sac_Teste]" Schema="[dbo]" Table="[RV_MOV]" Index="[XIE1RV_MOV]" TableReferenceId="2" />
                                        <SeekPredicates>
                                          <SeekPredicate>
                                            <Prefix ScanType="EQ">
                                              <RangeColumns>
                                                <ColumnReference Database="[Ymf_Sac_Teste]" Schema="[dbo]" Table="[RV_MOV]" Column="DATAMOV" />
                                                <ColumnReference Database="[Ymf_Sac_Teste]" Schema="[dbo]" Table="[RV_MOV]" Column="TIPOMOV" />
                                                <ColumnReference Database="[Ymf_Sac_Teste]" Schema="[dbo]" Table="[RV_MOV]" Column="CODCLI" />
                                              </RangeColumns>
                                              <RangeExpressions>
                                                <ScalarOperator ScalarString="'2011-12-29 00:00:00.000'">
                                                  <Const ConstValue="'2011-12-29 00:00:00.000'" />
                                                </ScalarOperator>
                                                <ScalarOperator ScalarString="'1'">
                                                  <Const ConstValue="'1'" />
                                                </ScalarOperator>
                                                <ScalarOperator ScalarString="'2061'">
                                                  <Const ConstValue="'2061'" />
                                                </ScalarOperator>
                                              </RangeExpressions>
                                            </Prefix>
                                          </SeekPredicate>
                                          <SeekPredicate>
                                            <Prefix ScanType="EQ">
                                              <RangeColumns>
                                                <ColumnReference Database="[Ymf_Sac_Teste]" Schema="[dbo]" Table="[RV_MOV]" Column="DATAMOV" />
                                                <ColumnReference Database="[Ymf_Sac_Teste]" Schema="[dbo]" Table="[RV_MOV]" Column="TIPOMOV" />
                                                <ColumnReference Database="[Ymf_Sac_Teste]" Schema="[dbo]" Table="[RV_MOV]" Column="CODCLI" />
                                              </RangeColumns>
                                              <RangeExpressions>
                                                <ScalarOperator ScalarString="'2011-12-29 00:00:00.000'">
                                                  <Const ConstValue="'2011-12-29 00:00:00.000'" />
                                                </ScalarOperator>
                                                <ScalarOperator ScalarString="'2'">
                                                  <Const ConstValue="'2'" />
                                                </ScalarOperator>
                                                <ScalarOperator ScalarString="'2061'">
                                                  <Const ConstValue="'2061'" />
                                                </ScalarOperator>
                                              </RangeExpressions>
                                            </Prefix>
                                          </SeekPredicate>
                                          <SeekPredicate>
                                            <Prefix ScanType="EQ">
                                              <RangeColumns>
                                                <ColumnReference Database="[Ymf_Sac_Teste]" Schema="[dbo]" Table="[RV_MOV]" Column="DATAMOV" />
                                                <ColumnReference Database="[Ymf_Sac_Teste]" Schema="[dbo]" Table="[RV_MOV]" Column="TIPOMOV" />
                                                <ColumnReference Database="[Ymf_Sac_Teste]" Schema="[dbo]" Table="[RV_MOV]" Column="CODCLI" />
                                              </RangeColumns>
                                              <RangeExpressions>
                                                <ScalarOperator ScalarString="'2011-12-29 00:00:00.000'">
                                                  <Const ConstValue="'2011-12-29 00:00:00.000'" />
                                                </ScalarOperator>
                                                <ScalarOperator ScalarString="'3'">
                                                  <Const ConstValue="'3'" />
                                                </ScalarOperator>
                                                <ScalarOperator ScalarString="'2061'">
                                                  <Const ConstValue="'2061'" />
                                                </ScalarOperator>
                                              </RangeExpressions>
                                            </Prefix>
                                          </SeekPredicate>
                                          <SeekPredicate>
                                            <Prefix ScanType="EQ">
                                              <RangeColumns>
                                                <ColumnReference Database="[Ymf_Sac_Teste]" Schema="[dbo]" Table="[RV_MOV]" Column="DATAMOV" />
                                                <ColumnReference Database="[Ymf_Sac_Teste]" Schema="[dbo]" Table="[RV_MOV]" Column="TIPOMOV" />
                                                <ColumnReference Database="[Ymf_Sac_Teste]" Schema="[dbo]" Table="[RV_MOV]" Column="CODCLI" />
                                              </RangeColumns>
                                              <RangeExpressions>
                                                <ScalarOperator ScalarString="'2011-12-29 00:00:00.000'">
                                                  <Const ConstValue="'2011-12-29 00:00:00.000'" />
                                                </ScalarOperator>
                                                <ScalarOperator ScalarString="'7'">
                                                  <Const ConstValue="'7'" />
                                                </ScalarOperator>
                                                <ScalarOperator ScalarString="'2061'">
                                                  <Const ConstValue="'2061'" />
                                                </ScalarOperator>
                                              </RangeExpressions>
                                            </Prefix>
                                          </SeekPredicate>
                                          <SeekPredicate>
                                            <Prefix ScanType="EQ">
                                              <RangeColumns>
                                                <ColumnReference Database="[Ymf_Sac_Teste]" Schema="[dbo]" Table="[RV_MOV]" Column="DATAMOV" />
                                                <ColumnReference Database="[Ymf_Sac_Teste]" Schema="[dbo]" Table="[RV_MOV]" Column="TIPOMOV" />
                                                <ColumnReference Database="[Ymf_Sac_Teste]" Schema="[dbo]" Table="[RV_MOV]" Column="CODCLI" />
                                              </RangeColumns>
                                              <RangeExpressions>
                                                <ScalarOperator ScalarString="'2011-12-29 00:00:00.000'">
                                                  <Const ConstValue="'2011-12-29 00:00:00.000'" />
                                                </ScalarOperator>
                                                <ScalarOperator ScalarString="'A'">
                                                  <Const ConstValue="'A'" />
                                                </ScalarOperator>
                                                <ScalarOperator ScalarString="'2061'">
                                                  <Const ConstValue="'2061'" />
                                                </ScalarOperator>
                                              </RangeExpressions>
                                            </Prefix>
                                          </SeekPredicate>
                                          <SeekPredicate>
                                            <Prefix ScanType="EQ">
                                              <RangeColumns>
                                                <ColumnReference Database="[Ymf_Sac_Teste]" Schema="[dbo]" Table="[RV_MOV]" Column="DATAMOV" />
                                                <ColumnReference Database="[Ymf_Sac_Teste]" Schema="[dbo]" Table="[RV_MOV]" Column="TIPOMOV" />
                                                <ColumnReference Database="[Ymf_Sac_Teste]" Schema="[dbo]" Table="[RV_MOV]" Column="CODCLI" />
                                              </RangeColumns>
                                              <RangeExpressions>
                                                <ScalarOperator ScalarString="'2011-12-29 00:00:00.000'">
                                                  <Const ConstValue="'2011-12-29 00:00:00.000'" />
                                                </ScalarOperator>
                                                <ScalarOperator ScalarString="'C'">
                                                  <Const ConstValue="'C'" />
                                                </ScalarOperator>
                                                <ScalarOperator ScalarString="'2061'">
                                                  <Const ConstValue="'2061'" />
                                                </ScalarOperator>
                                              </RangeExpressions>
                                            </Prefix>
                                          </SeekPredicate>
                                          <SeekPredicate>
                                            <Prefix ScanType="EQ">
                                              <RangeColumns>
                                                <ColumnReference Database="[Ymf_Sac_Teste]" Schema="[dbo]" Table="[RV_MOV]" Column="DATAMOV" />
                                                <ColumnReference Database="[Ymf_Sac_Teste]" Schema="[dbo]" Table="[RV_MOV]" Column="TIPOMOV" />
                                                <ColumnReference Database="[Ymf_Sac_Teste]" Schema="[dbo]" Table="[RV_MOV]" Column="CODCLI" />
                                              </RangeColumns>
                                              <RangeExpressions>
                                                <ScalarOperator ScalarString="'2011-12-29 00:00:00.000'">
                                                  <Const ConstValue="'2011-12-29 00:00:00.000'" />
                                                </ScalarOperator>
                                                <ScalarOperator ScalarString="'D'">
                                                  <Const ConstValue="'D'" />
                                                </ScalarOperator>
                                                <ScalarOperator ScalarString="'2061'">
                                                  <Const ConstValue="'2061'" />
                                                </ScalarOperator>
                                              </RangeExpressions>
                                            </Prefix>
                                          </SeekPredicate>
                                          <SeekPredicate>
                                            <Prefix ScanType="EQ">
                                              <RangeColumns>
                                                <ColumnReference Database="[Ymf_Sac_Teste]" Schema="[dbo]" Table="[RV_MOV]" Column="DATAMOV" />
                                                <ColumnReference Database="[Ymf_Sac_Teste]" Schema="[dbo]" Table="[RV_MOV]" Column="TIPOMOV" />
                                                <ColumnReference Database="[Ymf_Sac_Teste]" Schema="[dbo]" Table="[RV_MOV]" Column="CODCLI" />
                                              </RangeColumns>
                                              <RangeExpressions>
                                                <ScalarOperator ScalarString="'2011-12-29 00:00:00.000'">
                                                  <Const ConstValue="'2011-12-29 00:00:00.000'" />
                                                </ScalarOperator>
                                                <ScalarOperator ScalarString="'I'">
                                                  <Const ConstValue="'I'" />
                                                </ScalarOperator>
                                                <ScalarOperator ScalarString="'2061'">
                                                  <Const ConstValue="'2061'" />
                                                </ScalarOperator>
                                              </RangeExpressions>
                                            </Prefix>
                                          </SeekPredicate>
                                          <SeekPredicate>
                                            <Prefix ScanType="EQ">
                                              <RangeColumns>
                                                <ColumnReference Database="[Ymf_Sac_Teste]" Schema="[dbo]" Table="[RV_MOV]" Column="DATAMOV" />
                                                <ColumnReference Database="[Ymf_Sac_Teste]" Schema="[dbo]" Table="[RV_MOV]" Column="TIPOMOV" />
                                                <ColumnReference Database="[Ymf_Sac_Teste]" Schema="[dbo]" Table="[RV_MOV]" Column="CODCLI" />
                                              </RangeColumns>
                                              <RangeExpressions>
                                                <ScalarOperator ScalarString="'2011-12-29 00:00:00.000'">
                                                  <Const ConstValue="'2011-12-29 00:00:00.000'" />
                                                </ScalarOperator>
                                                <ScalarOperator ScalarString="'M'">
                                                  <Const ConstValue="'M'" />
                                                </ScalarOperator>
                                                <ScalarOperator ScalarString="'2061'">
                                                  <Const ConstValue="'2061'" />
                                                </ScalarOperator>
                                              </RangeExpressions>
                                            </Prefix>
                                          </SeekPredicate>
                                        </SeekPredicates>
                                      </IndexScan>
                                    </RelOp>
                                    <RelOp AvgRowSize="61" EstimateCPU="0.0001581" EstimateIO="0.003125" EstimateRebinds="0" EstimateRewinds="0" EstimateRows="1" LogicalOp="Clustered Index Seek" NodeId="80" Parallel="false" PhysicalOp="Clustered Index Seek" EstimatedTotalSubtreeCost="0.0032831">
                                      <OutputList>
                                        <ColumnReference Database="[Ymf_Sac_Teste]" Schema="[dbo]" Table="[RV_MOV]" Column="CODCOR" />
                                        <ColumnReference Database="[Ymf_Sac_Teste]" Schema="[dbo]" Table="[RV_MOV]" Column="CODOPER" />
                                        <ColumnReference Database="[Ymf_Sac_Teste]" Schema="[dbo]" Table="[RV_MOV]" Column="CODPAP" />
                                        <ColumnReference Database="[Ymf_Sac_Teste]" Schema="[dbo]" Table="[RV_MOV]" Column="PRACA" />
                                        <ColumnReference Database="[Ymf_Sac_Teste]" Schema="[dbo]" Table="[RV_MOV]" Column="COMPRAVENDA" />
                                        <ColumnReference Database="[Ymf_Sac_Teste]" Schema="[dbo]" Table="[RV_MOV]" Column="IC_DAYTRADE" />
                                        <ColumnReference Database="[Ymf_Sac_Teste]" Schema="[dbo]" Table="[RV_MOV]" Column="QUANTIDADE" />
                                        <ColumnReference Database="[Ymf_Sac_Teste]" Schema="[dbo]" Table="[RV_MOV]" Column="RVCOR_CD_FISICA" />
                                        <ColumnReference Database="[Ymf_Sac_Teste]" Schema="[dbo]" Table="[RV_MOV]" Column="ID_CONTA" />
                                      </OutputList>
                                      <IndexScan Lookup="true" Ordered="true" ScanDirection="FORWARD" ForcedIndex="false" NoExpandHint="false">
                                        <DefinedValues>
                                          <DefinedValue>
                                            <ColumnReference Database="[Ymf_Sac_Teste]" Schema="[dbo]" Table="[RV_MOV]" Column="CODCOR" />
                                          </DefinedValue>
                                          <DefinedValue>
                                            <ColumnReference Database="[Ymf_Sac_Teste]" Schema="[dbo]" Table="[RV_MOV]" Column="CODOPER" />
                                          </DefinedValue>
                                          <DefinedValue>
                                            <ColumnReference Database="[Ymf_Sac_Teste]" Schema="[dbo]" Table="[RV_MOV]" Column="CODPAP" />
                                          </DefinedValue>
                                          <DefinedValue>
                                            <ColumnReference Database="[Ymf_Sac_Teste]" Schema="[dbo]" Table="[RV_MOV]" Column="PRACA" />
                                          </DefinedValue>
                                          <DefinedValue>
                                            <ColumnReference Database="[Ymf_Sac_Teste]" Schema="[dbo]" Table="[RV_MOV]" Column="COMPRAVENDA" />
                                          </DefinedValue>
                                          <DefinedValue>
                                            <ColumnReference Database="[Ymf_Sac_Teste]" Schema="[dbo]" Table="[RV_MOV]" Column="IC_DAYTRADE" />
                                          </DefinedValue>
                                          <DefinedValue>
                                            <ColumnReference Database="[Ymf_Sac_Teste]" Schema="[dbo]" Table="[RV_MOV]" Column="QUANTIDADE" />
                                          </DefinedValue>
                                          <DefinedValue>
                                            <ColumnReference Database="[Ymf_Sac_Teste]" Schema="[dbo]" Table="[RV_MOV]" Column="RVCOR_CD_FISICA" />
                                          </DefinedValue>
                                          <DefinedValue>
                                            <ColumnReference Database="[Ymf_Sac_Teste]" Schema="[dbo]" Table="[RV_MOV]" Column="ID_CONTA" />
                                          </DefinedValue>
                                        </DefinedValues>
                                        <Object Database="[Ymf_Sac_Teste]" Schema="[dbo]" Table="[RV_MOV]" Index="[XPKRV_MOV]" TableReferenceId="-1" />
                                        <SeekPredicates>
                                          <SeekPredicate>
                                            <Prefix ScanType="EQ">
                                              <RangeColumns>
                                                <ColumnReference Database="[Ymf_Sac_Teste]" Schema="[dbo]" Table="[RV_MOV]" Column="ORDEM" />
                                                <ColumnReference Database="[Ymf_Sac_Teste]" Schema="[dbo]" Table="[RV_MOV]" Column="DATAMOV" />
                                              </RangeColumns>
                                              <RangeExpressions>
                                                <ScalarOperator ScalarString="[Ymf_Sac_Teste].[dbo].[RV_MOV].[ORDEM]">
                                                  <Identifier>
                                                    <ColumnReference Database="[Ymf_Sac_Teste]" Schema="[dbo]" Table="[RV_MOV]" Column="ORDEM" />
                                                  </Identifier>
                                                </ScalarOperator>
                                                <ScalarOperator ScalarString="[Ymf_Sac_Teste].[dbo].[RV_MOV].[DATAMOV]">
                                                  <Identifier>
                                                    <ColumnReference Database="[Ymf_Sac_Teste]" Schema="[dbo]" Table="[RV_MOV]" Column="DATAMOV" />
                                                  </Identifier>
                                                </ScalarOperator>
                                              </RangeExpressions>
                                            </Prefix>
                                          </SeekPredicate>
                                        </SeekPredicates>
                                      </IndexScan>
                                    </RelOp>
                                  </NestedLoops>
                                </RelOp>
                                <Predicate>
                                  <ScalarOperator ScalarString="([Ymf_Sac_Teste].[dbo].[RV_MOV].[COMPRAVENDA]='C' OR [Ymf_Sac_Teste].[dbo].[RV_MOV].[COMPRAVENDA]='I') AND ([Ymf_Sac_Teste].[dbo].[RV_MOV].[IC_DAYTRADE]&lt;'S' OR [Ymf_Sac_Teste].[dbo].[RV_MOV].[IC_DAYTRADE]&gt;'S')">
                                    <Logical Operation="AND">
                                      <ScalarOperator>
                                        <Logical Operation="OR">
                                          <ScalarOperator>
                                            <Compare CompareOp="EQ">
                                              <ScalarOperator>
                                                <Identifier>
                                                  <ColumnReference Database="[Ymf_Sac_Teste]" Schema="[dbo]" Table="[RV_MOV]" Column="COMPRAVENDA" />
                                                </Identifier>
                                              </ScalarOperator>
                                              <ScalarOperator>
                                                <Const ConstValue="'C'" />
                                              </ScalarOperator>
                                            </Compare>
                                          </ScalarOperator>
                                          <ScalarOperator>
                                            <Compare CompareOp="EQ">
                                              <ScalarOperator>
                                                <Identifier>
                                                  <ColumnReference Database="[Ymf_Sac_Teste]" Schema="[dbo]" Table="[RV_MOV]" Column="COMPRAVENDA" />
                                                </Identifier>
                                              </ScalarOperator>
                                              <ScalarOperator>
                                                <Const ConstValue="'I'" />
                                              </ScalarOperator>
                                            </Compare>
                                          </ScalarOperator>
                                        </Logical>
                                      </ScalarOperator>
                                      <ScalarOperator>
                                        <Logical Operation="OR">
                                          <ScalarOperator>
                                            <Compare CompareOp="LT">
                                              <ScalarOperator>
                                                <Identifier>
                                                  <ColumnReference Database="[Ymf_Sac_Teste]" Schema="[dbo]" Table="[RV_MOV]" Column="IC_DAYTRADE" />
                                                </Identifier>
                                              </ScalarOperator>
                                              <ScalarOperator>
                                                <Const ConstValue="'S'" />
                                              </ScalarOperator>
                                            </Compare>
                                          </ScalarOperator>
                                          <ScalarOperator>
                                            <Compare CompareOp="GT">
                                              <ScalarOperator>
                                                <Identifier>
                                                  <ColumnReference Database="[Ymf_Sac_Teste]" Schema="[dbo]" Table="[RV_MOV]" Column="IC_DAYTRADE" />
                                                </Identifier>
                                              </ScalarOperator>
                                              <ScalarOperator>
                                                <Const ConstValue="'S'" />
                                              </ScalarOperator>
                                            </Compare>
                                          </ScalarOperator>
                                        </Logical>
                                      </ScalarOperator>
                                    </Logical>
                                  </ScalarOperator>
                                </Predicate>
                              </Filter>
                            </RelOp>
                            <RelOp AvgRowSize="9" EstimateCPU="0.0001581" EstimateIO="0.003125" EstimateRebinds="0" EstimateRewinds="0" EstimateRows="1" LogicalOp="Clustered Index Seek" NodeId="101" Parallel="false" PhysicalOp="Clustered Index Seek" EstimatedTotalSubtreeCost="0.0032831">
                              <OutputList>
                                <ColumnReference Database="[Ymf_Sac_Teste]" Schema="[dbo]" Table="[RV_CADPAP]" Column="TIPO" />
                              </OutputList>
                              <IndexScan Ordered="true" ScanDirection="FORWARD" ForcedIndex="false" NoExpandHint="false">
                                <DefinedValues>
                                  <DefinedValue>
                                    <ColumnReference Database="[Ymf_Sac_Teste]" Schema="[dbo]" Table="[RV_CADPAP]" Column="TIPO" />
                                  </DefinedValue>
                                </DefinedValues>
                                <Object Database="[Ymf_Sac_Teste]" Schema="[dbo]" Table="[RV_CADPAP]" Index="[XPKRV_CADPAP]" TableReferenceId="2" />
                                <SeekPredicates>
                                  <SeekPredicate>
                                    <Prefix ScanType="EQ">
                                      <RangeColumns>
                                        <ColumnReference Database="[Ymf_Sac_Teste]" Schema="[dbo]" Table="[RV_CADPAP]" Column="CODPAP" />
                                      </RangeColumns>
                                      <RangeExpressions>
                                        <ScalarOperator ScalarString="[Ymf_Sac_Teste].[dbo].[RV_MOV].[CODPAP]">
                                          <Identifier>
                                            <ColumnReference Database="[Ymf_Sac_Teste]" Schema="[dbo]" Table="[RV_MOV]" Column="CODPAP" />
                                          </Identifier>
                                        </ScalarOperator>
                                      </RangeExpressions>
                                    </Prefix>
                                  </SeekPredicate>
                                </SeekPredicates>
                                <Predicate>
                                  <ScalarOperator ScalarString="[Ymf_Sac_Teste].[dbo].[RV_CADPAP].[TIPO]='V'">
                                    <Compare CompareOp="EQ">
                                      <ScalarOperator>
                                        <Identifier>
                                          <ColumnReference Database="[Ymf_Sac_Teste]" Schema="[dbo]" Table="[RV_CADPAP]" Column="TIPO" />
                                        </Identifier>
                                      </ScalarOperator>
                                      <ScalarOperator>
                                        <Const ConstValue="'V'" />
                                      </ScalarOperator>
                                    </Compare>
                                  </ScalarOperator>
                                </Predicate>
                              </IndexScan>
                            </RelOp>
                          </NestedLoops>
                        </RelOp>
                        <RelOp AvgRowSize="15" EstimateCPU="1.1E-06" EstimateIO="0" EstimateRebinds="0" EstimateRewinds="0" EstimateRows="1" LogicalOp="Aggregate" NodeId="102" Parallel="false" PhysicalOp="Stream Aggregate" EstimatedTotalSubtreeCost="0.00658016">
                          <OutputList>
                            <ColumnReference Column="Expr1022" />
                          </OutputList>
                          <StreamAggregate>
                            <DefinedValues>
                              <DefinedValue>
                                <ColumnReference Column="Expr1022" />
                                <ScalarOperator ScalarString="SUM([Expr1069])">
                                  <Aggregate AggType="SUM" Distinct="false">
                                    <ScalarOperator>
                                      <Identifier>
                                        <ColumnReference Column="Expr1069" />
                                      </Identifier>
                                    </ScalarOperator>
                                  </Aggregate>
                                </ScalarOperator>
                              </DefinedValue>
                            </DefinedValues>
                            <RelOp AvgRowSize="15" EstimateCPU="1E-07" EstimateIO="0" EstimateRebinds="0" EstimateRewinds="0" EstimateRows="1" LogicalOp="Compute Scalar" NodeId="103" Parallel="false" PhysicalOp="Compute Scalar" EstimatedTotalSubtreeCost="0.00657906">
                              <OutputList>
                                <ColumnReference Column="Expr1069" />
                              </OutputList>
                              <ComputeScalar>
                                <DefinedValues>
                                  <DefinedValue>
                                    <ColumnReference Column="Expr1069" />
                                    <ScalarOperator ScalarString="isnull([Ymf_Sac_Teste].[dbo].[SAC_RV_BLOQUEIO].[QT] as [B].[QT],(0.000000000000000e+000))">
                                      <Intrinsic FunctionName="isnull">
                                        <ScalarOperator>
                                          <Identifier>
                                            <ColumnReference Database="[Ymf_Sac_Teste]" Schema="[dbo]" Table="[SAC_RV_BLOQUEIO]" Alias="[B]" Column="QT" />
                                          </Identifier>
                                        </ScalarOperator>
                                        <ScalarOperator>
                                          <Const ConstValue="(0.000000000000000e+000)" />
                                        </ScalarOperator>
                                      </Intrinsic>
                                    </ScalarOperator>
                                  </DefinedValue>
                                </DefinedValues>
                                <RelOp AvgRowSize="15" EstimateCPU="1.78E-06" EstimateIO="0" EstimateRebinds="0" EstimateRewinds="0" EstimateRows="1" LogicalOp="Filter" NodeId="104" Parallel="false" PhysicalOp="Filter" EstimatedTotalSubtreeCost="0.00657896">
                                  <OutputList>
                                    <ColumnReference Database="[Ymf_Sac_Teste]" Schema="[dbo]" Table="[SAC_RV_BLOQUEIO]" Alias="[B]" Column="QT" />
                                  </OutputList>
                                  <Filter StartupExpression="false">
                                    <RelOp AvgRowSize="39" EstimateCPU="4.18E-06" EstimateIO="0" EstimateRebinds="0" EstimateRewinds="0" EstimateRows="1" LogicalOp="Inner Join" NodeId="105" Parallel="false" PhysicalOp="Nested Loops" EstimatedTotalSubtreeCost="0.00657718">
                                      <OutputList>
                                        <ColumnReference Database="[Ymf_Sac_Teste]" Schema="[dbo]" Table="[SAC_RV_BLOQUEIO]" Alias="[B]" Column="RVPAP_CD" />
                                        <ColumnReference Database="[Ymf_Sac_Teste]" Schema="[dbo]" Table="[SAC_RV_BLOQUEIO]" Alias="[B]" Column="RVCOR_CD" />
                                        <ColumnReference Database="[Ymf_Sac_Teste]" Schema="[dbo]" Table="[SAC_RV_BLOQUEIO]" Alias="[B]" Column="CD_PRACA" />
                                        <ColumnReference Database="[Ymf_Sac_Teste]" Schema="[dbo]" Table="[SAC_RV_BLOQUEIO]" Alias="[B]" Column="IC" />
                                        <ColumnReference Database="[Ymf_Sac_Teste]" Schema="[dbo]" Table="[SAC_RV_BLOQUEIO]" Alias="[B]" Column="QT" />
                                        <ColumnReference Database="[Ymf_Sac_Teste]" Schema="[dbo]" Table="[SAC_RV_BLOQUEIO]" Alias="[B]" Column="IC_BLOQ_PROV_AUTO" />
                                      </OutputList>
                                      <NestedLoops Optimized="false">
                                        <OuterReferences>
                                          <ColumnReference Database="[Ymf_Sac_Teste]" Schema="[dbo]" Table="[SAC_RV_BLOQUEIO]" Alias="[B]" Column="ID" />
                                          <ColumnReference Database="[Ymf_Sac_Teste]" Schema="[dbo]" Table="[SAC_RV_BLOQUEIO]" Alias="[B]" Column="DT" />
                                        </OuterReferences>
                                        <RelOp AvgRowSize="19" EstimateCPU="0.0001625" EstimateIO="0.003125" EstimateRebinds="0" EstimateRewinds="0" EstimateRows="1" LogicalOp="Index Seek" NodeId="106" Parallel="false" PhysicalOp="Index Seek" EstimatedTotalSubtreeCost="0.0032875">
                                          <OutputList>
                                            <ColumnReference Database="[Ymf_Sac_Teste]" Schema="[dbo]" Table="[SAC_RV_BLOQUEIO]" Alias="[B]" Column="ID" />
                                            <ColumnReference Database="[Ymf_Sac_Teste]" Schema="[dbo]" Table="[SAC_RV_BLOQUEIO]" Alias="[B]" Column="DT" />
                                          </OutputList>
                                          <IndexScan Ordered="true" ScanDirection="FORWARD" ForcedIndex="false" NoExpandHint="false">
                                            <DefinedValues>
                                              <DefinedValue>
                                                <ColumnReference Database="[Ymf_Sac_Teste]" Schema="[dbo]" Table="[SAC_RV_BLOQUEIO]" Alias="[B]" Column="ID" />
                                              </DefinedValue>
                                              <DefinedValue>
                                                <ColumnReference Database="[Ymf_Sac_Teste]" Schema="[dbo]" Table="[SAC_RV_BLOQUEIO]" Alias="[B]" Column="DT" />
                                              </DefinedValue>
                                            </DefinedValues>
                                            <Object Database="[Ymf_Sac_Teste]" Schema="[dbo]" Table="[SAC_RV_BLOQUEIO]" Index="[IDX05SAC_RV_BLOQUEIO]" Alias="[B]" TableReferenceId="2" />
                                            <SeekPredicates>
                                              <SeekPredicate>
                                                <Prefix ScanType="EQ">
                                                  <RangeColumns>
                                                    <ColumnReference Database="[Ymf_Sac_Teste]" Schema="[dbo]" Table="[SAC_RV_BLOQUEIO]" Alias="[B]" Column="CLCLI_CD" />
                                                  </RangeColumns>
                                                  <RangeExpressions>
                                                    <ScalarOperator ScalarString="'2061'">
                                                      <Const ConstValue="'2061'" />
                                                    </ScalarOperator>
                                                  </RangeExpressions>
                                                </Prefix>
                                              </SeekPredicate>
                                            </SeekPredicates>
                                            <Predicate>
                                              <ScalarOperator ScalarString="[Ymf_Sac_Teste].[dbo].[SAC_RV_BLOQUEIO].[DT] as [B].[DT]='2011-12-29 00:00:00.000'">
                                                <Compare CompareOp="EQ">
                                                  <ScalarOperator>
                                                    <Identifier>
                                                      <ColumnReference Database="[Ymf_Sac_Teste]" Schema="[dbo]" Table="[SAC_RV_BLOQUEIO]" Alias="[B]" Column="DT" />
                                                    </Identifier>
                                                  </ScalarOperator>
                                                  <ScalarOperator>
                                                    <Const ConstValue="'2011-12-29 00:00:00.000'" />
                                                  </ScalarOperator>
                                                </Compare>
                                              </ScalarOperator>
                                            </Predicate>
                                          </IndexScan>
                                        </RelOp>
                                        <RelOp AvgRowSize="39" EstimateCPU="0.0001581" EstimateIO="0.003125" EstimateRebinds="0" EstimateRewinds="0" EstimateRows="1" LogicalOp="Clustered Index Seek" NodeId="108" Parallel="false" PhysicalOp="Clustered Index Seek" EstimatedTotalSubtreeCost="0.0032831">
                                          <OutputList>
                                            <ColumnReference Database="[Ymf_Sac_Teste]" Schema="[dbo]" Table="[SAC_RV_BLOQUEIO]" Alias="[B]" Column="RVPAP_CD" />
                                            <ColumnReference Database="[Ymf_Sac_Teste]" Schema="[dbo]" Table="[SAC_RV_BLOQUEIO]" Alias="[B]" Column="RVCOR_CD" />
                                            <ColumnReference Database="[Ymf_Sac_Teste]" Schema="[dbo]" Table="[SAC_RV_BLOQUEIO]" Alias="[B]" Column="CD_PRACA" />
                                            <ColumnReference Database="[Ymf_Sac_Teste]" Schema="[dbo]" Table="[SAC_RV_BLOQUEIO]" Alias="[B]" Column="IC" />
                                            <ColumnReference Database="[Ymf_Sac_Teste]" Schema="[dbo]" Table="[SAC_RV_BLOQUEIO]" Alias="[B]" Column="QT" />
                                            <ColumnReference Database="[Ymf_Sac_Teste]" Schema="[dbo]" Table="[SAC_RV_BLOQUEIO]" Alias="[B]" Column="IC_BLOQ_PROV_AUTO" />
                                          </OutputList>
                                          <IndexScan Lookup="true" Ordered="true" ScanDirection="FORWARD" ForcedIndex="false" NoExpandHint="false">
                                            <DefinedValues>
                                              <DefinedValue>
                                                <ColumnReference Database="[Ymf_Sac_Teste]" Schema="[dbo]" Table="[SAC_RV_BLOQUEIO]" Alias="[B]" Column="RVPAP_CD" />
                                              </DefinedValue>
                                              <DefinedValue>
                                                <ColumnReference Database="[Ymf_Sac_Teste]" Schema="[dbo]" Table="[SAC_RV_BLOQUEIO]" Alias="[B]" Column="RVCOR_CD" />
                                              </DefinedValue>
                                              <DefinedValue>
                                                <ColumnReference Database="[Ymf_Sac_Teste]" Schema="[dbo]" Table="[SAC_RV_BLOQUEIO]" Alias="[B]" Column="CD_PRACA" />
                                              </DefinedValue>
                                              <DefinedValue>
                                                <ColumnReference Database="[Ymf_Sac_Teste]" Schema="[dbo]" Table="[SAC_RV_BLOQUEIO]" Alias="[B]" Column="IC" />
                                              </DefinedValue>
                                              <DefinedValue>
                                                <ColumnReference Database="[Ymf_Sac_Teste]" Schema="[dbo]" Table="[SAC_RV_BLOQUEIO]" Alias="[B]" Column="QT" />
                                              </DefinedValue>
                                              <DefinedValue>
                                                <ColumnReference Database="[Ymf_Sac_Teste]" Schema="[dbo]" Table="[SAC_RV_BLOQUEIO]" Alias="[B]" Column="IC_BLOQ_PROV_AUTO" />
                                              </DefinedValue>
                                            </DefinedValues>
                                            <Object Database="[Ymf_Sac_Teste]" Schema="[dbo]" Table="[SAC_RV_BLOQUEIO]" Index="[XPKSAC_RV_BLOQUEIO]" Alias="[B]" TableReferenceId="-1" />
                                            <SeekPredicates>
                                              <SeekPredicate>
                                                <Prefix ScanType="EQ">
                                                  <RangeColumns>
                                                    <ColumnReference Database="[Ymf_Sac_Teste]" Schema="[dbo]" Table="[SAC_RV_BLOQUEIO]" Alias="[B]" Column="ID" />
                                                    <ColumnReference Database="[Ymf_Sac_Teste]" Schema="[dbo]" Table="[SAC_RV_BLOQUEIO]" Alias="[B]" Column="DT" />
                                                  </RangeColumns>
                                                  <RangeExpressions>
                                                    <ScalarOperator ScalarString="[Ymf_Sac_Teste].[dbo].[SAC_RV_BLOQUEIO].[ID] as [B].[ID]">
                                                      <Identifier>
                                                        <ColumnReference Database="[Ymf_Sac_Teste]" Schema="[dbo]" Table="[SAC_RV_BLOQUEIO]" Alias="[B]" Column="ID" />
                                                      </Identifier>
                                                    </ScalarOperator>
                                                    <ScalarOperator ScalarString="[Ymf_Sac_Teste].[dbo].[SAC_RV_BLOQUEIO].[DT] as [B].[DT]">
                                                      <Identifier>
                                                        <ColumnReference Database="[Ymf_Sac_Teste]" Schema="[dbo]" Table="[SAC_RV_BLOQUEIO]" Alias="[B]" Column="DT" />
                                                      </Identifier>
                                                    </ScalarOperator>
                                                  </RangeExpressions>
                                                </Prefix>
                                              </SeekPredicate>
                                            </SeekPredicates>
                                          </IndexScan>
                                        </RelOp>
                                      </NestedLoops>
                                    </RelOp>
                                    <Predicate>
                                      <ScalarOperator ScalarString="[Ymf_Sac_Teste].[dbo].[SAC_RV_BLOQUEIO].[RVPAP_CD] as [B].[RVPAP_CD]=[Ymf_Sac_Teste].[dbo].[RV_MOV].[CODPAP] AND [Ymf_Sac_Teste].[dbo].[SAC_RV_BLOQUEIO].[RVCOR_CD] as [B].[RVCOR_CD]=[Ymf_Sac_Teste].[dbo].[RV_MOV].[CODCOR] AND [Ymf_Sac_Teste].[dbo].[SAC_RV_BLOQUEIO].[CD_PRACA] as [B].[CD_PRACA]=[Ymf_Sac_Teste].[dbo].[RV_MOV].[PRACA] AND [Ymf_Sac_Teste].[dbo].[SAC_RV_BLOQUEIO].[IC_BLOQ_PROV_AUTO] as [B].[IC_BLOQ_PROV_AUTO]='S' AND [Ymf_Sac_Teste].[dbo].[SAC_RV_BLOQUEIO].[IC] as [B].[IC]='B'">
                                        <Logical Operation="AND">
                                          <ScalarOperator>
                                            <Compare CompareOp="EQ">
                                              <ScalarOperator>
                                                <Identifier>
                                                  <ColumnReference Database="[Ymf_Sac_Teste]" Schema="[dbo]" Table="[SAC_RV_BLOQUEIO]" Alias="[B]" Column="RVPAP_CD" />
                                                </Identifier>
                                              </ScalarOperator>
                                              <ScalarOperator>
                                                <Identifier>
                                                  <ColumnReference Database="[Ymf_Sac_Teste]" Schema="[dbo]" Table="[RV_MOV]" Column="CODPAP" />
                                                </Identifier>
                                              </ScalarOperator>
                                            </Compare>
                                          </ScalarOperator>
                                          <ScalarOperator>
                                            <Compare CompareOp="EQ">
                                              <ScalarOperator>
                                                <Identifier>
                                                  <ColumnReference Database="[Ymf_Sac_Teste]" Schema="[dbo]" Table="[SAC_RV_BLOQUEIO]" Alias="[B]" Column="RVCOR_CD" />
                                                </Identifier>
                                              </ScalarOperator>
                                              <ScalarOperator>
                                                <Identifier>
                                                  <ColumnReference Database="[Ymf_Sac_Teste]" Schema="[dbo]" Table="[RV_MOV]" Column="CODCOR" />
                                                </Identifier>
                                              </ScalarOperator>
                                            </Compare>
                                          </ScalarOperator>
                                          <ScalarOperator>
                                            <Compare CompareOp="EQ">
                                              <ScalarOperator>
                                                <Identifier>
                                                  <ColumnReference Database="[Ymf_Sac_Teste]" Schema="[dbo]" Table="[SAC_RV_BLOQUEIO]" Alias="[B]" Column="CD_PRACA" />
                                                </Identifier>
                                              </ScalarOperator>
                                              <ScalarOperator>
                                                <Identifier>
                                                  <ColumnReference Database="[Ymf_Sac_Teste]" Schema="[dbo]" Table="[RV_MOV]" Column="PRACA" />
                                                </Identifier>
                                              </ScalarOperator>
                                            </Compare>
                                          </ScalarOperator>
                                          <ScalarOperator>
                                            <Compare CompareOp="EQ">
                                              <ScalarOperator>
                                                <Identifier>
                                                  <ColumnReference Database="[Ymf_Sac_Teste]" Schema="[dbo]" Table="[SAC_RV_BLOQUEIO]" Alias="[B]" Column="IC_BLOQ_PROV_AUTO" />
                                                </Identifier>
                                              </ScalarOperator>
                                              <ScalarOperator>
                                                <Const ConstValue="'S'" />
                                              </ScalarOperator>
                                            </Compare>
                                          </ScalarOperator>
                                          <ScalarOperator>
                                            <Compare CompareOp="EQ">
                                              <ScalarOperator>
                                                <Identifier>
                                                  <ColumnReference Database="[Ymf_Sac_Teste]" Schema="[dbo]" Table="[SAC_RV_BLOQUEIO]" Alias="[B]" Column="IC" />
                                                </Identifier>
                                              </ScalarOperator>
                                              <ScalarOperator>
                                                <Const ConstValue="'B'" />
                                              </ScalarOperator>
                                            </Compare>
                                          </ScalarOperator>
                                        </Logical>
                                      </ScalarOperator>
                                    </Predicate>
                                  </Filter>
                                </RelOp>
                              </ComputeScalar>
                            </RelOp>
                          </StreamAggregate>
                        </RelOp>
                      </NestedLoops>
                    </RelOp>
                  </ComputeScalar>
                </RelOp>
                <RelOp AvgRowSize="64" EstimateCPU="1E-07" EstimateIO="0" EstimateRebinds="0" EstimateRewinds="0" EstimateRows="1" LogicalOp="Compute Scalar" NodeId="134" Parallel="false" PhysicalOp="Compute Scalar" EstimatedTotalSubtreeCost="2.47675">
                  <OutputList>
                    <ColumnReference Database="[Ymf_Sac_Teste]" Schema="[dbo]" Table="[RV_MOV]" Column="CODCOR" />
                    <ColumnReference Database="[Ymf_Sac_Teste]" Schema="[dbo]" Table="[RV_MOV]" Column="CODOPER" />
                    <ColumnReference Database="[Ymf_Sac_Teste]" Schema="[dbo]" Table="[RV_MOV]" Column="CODPAP" />
                    <ColumnReference Database="[Ymf_Sac_Teste]" Schema="[dbo]" Table="[RV_MOV]" Column="PRACA" />
                    <ColumnReference Database="[Ymf_Sac_Teste]" Schema="[dbo]" Table="[RV_MOV]" Column="IC_DAYTRADE" />
                    <ColumnReference Database="[Ymf_Sac_Teste]" Schema="[dbo]" Table="[RV_MOV]" Column="RVCOR_CD_FISICA" />
                    <ColumnReference Database="[Ymf_Sac_Teste]" Schema="[dbo]" Table="[RV_MOV]" Column="ID_CONTA" />
                    <ColumnReference Column="Expr1040" />
                    <ColumnReference Column="Expr1045" />
                  </OutputList>
                  <ComputeScalar>
                    <DefinedValues>
                      <DefinedValue>
                        <ColumnReference Column="Expr1040" />
                        <ScalarOperator ScalarString="'C'">
                          <Const ConstValue="'C'" />
                        </ScalarOperator>
                      </DefinedValue>
                      <DefinedValue>
                        <ColumnReference Column="Expr1045" />
                        <ScalarOperator ScalarString="[Expr1039]-isnull([Expr1043],(0.000000000000000e+000))">
                          <Arithmetic Operation="SUB">
                            <ScalarOperator>
                              <Identifier>
                                <ColumnReference Column="Expr1039" />
                              </Identifier>
                            </ScalarOperator>
                            <ScalarOperator>
                              <Intrinsic FunctionName="isnull">
                                <ScalarOperator>
                                  <Identifier>
                                    <ColumnReference Column="Expr1043" />
                                  </Identifier>
                                </ScalarOperator>
                                <ScalarOperator>
                                  <Const ConstValue="(0.000000000000000e+000)" />
                                </ScalarOperator>
                              </Intrinsic>
                            </ScalarOperator>
                          </Arithmetic>
                        </ScalarOperator>
                      </DefinedValue>
                    </DefinedValues>
                    <RelOp AvgRowSize="68" EstimateCPU="4.18E-06" EstimateIO="0" EstimateRebinds="0" EstimateRewinds="0" EstimateRows="1" LogicalOp="Left Outer Join" NodeId="135" Parallel="false" PhysicalOp="Nested Loops" EstimatedTotalSubtreeCost="2.47675">
                      <OutputList>
                        <ColumnReference Database="[Ymf_Sac_Teste]" Schema="[dbo]" Table="[RV_MOV]" Column="CODCOR" />
                        <ColumnReference Database="[Ymf_Sac_Teste]" Schema="[dbo]" Table="[RV_MOV]" Column="CODOPER" />
                        <ColumnReference Database="[Ymf_Sac_Teste]" Schema="[dbo]" Table="[RV_MOV]" Column="CODPAP" />
                        <ColumnReference Database="[Ymf_Sac_Teste]" Schema="[dbo]" Table="[RV_MOV]" Column="PRACA" />
                        <ColumnReference Database="[Ymf_Sac_Teste]" Schema="[dbo]" Table="[RV_MOV]" Column="IC_DAYTRADE" />
                        <ColumnReference Database="[Ymf_Sac_Teste]" Schema="[dbo]" Table="[RV_MOV]" Column="RVCOR_CD_FISICA" />
                        <ColumnReference Database="[Ymf_Sac_Teste]" Schema="[dbo]" Table="[RV_MOV]" Column="ID_CONTA" />
                        <ColumnReference Column="Expr1039" />
                        <ColumnReference Column="Expr1043" />
                      </OutputList>
                      <NestedLoops Optimized="false">
                        <OuterReferences>
                          <ColumnReference Database="[Ymf_Sac_Teste]" Schema="[dbo]" Table="[RV_MOV]" Column="CODCOR" />
                          <ColumnReference Database="[Ymf_Sac_Teste]" Schema="[dbo]" Table="[RV_MOV]" Column="CODPAP" />
                          <ColumnReference Database="[Ymf_Sac_Teste]" Schema="[dbo]" Table="[RV_MOV]" Column="PRACA" />
                        </OuterReferences>
                        <RelOp AvgRowSize="59" EstimateCPU="1.1E-06" EstimateIO="0" EstimateRebinds="0" EstimateRewinds="0" EstimateRows="1" LogicalOp="Compute Scalar" NodeId="136" Parallel="false" PhysicalOp="Compute Scalar" EstimatedTotalSubtreeCost="2.47017">
                          <OutputList>
                            <ColumnReference Database="[Ymf_Sac_Teste]" Schema="[dbo]" Table="[RV_MOV]" Column="CODCOR" />
                            <ColumnReference Database="[Ymf_Sac_Teste]" Schema="[dbo]" Table="[RV_MOV]" Column="CODOPER" />
                            <ColumnReference Database="[Ymf_Sac_Teste]" Schema="[dbo]" Table="[RV_MOV]" Column="CODPAP" />
                            <ColumnReference Database="[Ymf_Sac_Teste]" Schema="[dbo]" Table="[RV_MOV]" Column="PRACA" />
                            <ColumnReference Database="[Ymf_Sac_Teste]" Schema="[dbo]" Table="[RV_MOV]" Column="IC_DAYTRADE" />
                            <ColumnReference Database="[Ymf_Sac_Teste]" Schema="[dbo]" Table="[RV_MOV]" Column="RVCOR_CD_FISICA" />
                            <ColumnReference Database="[Ymf_Sac_Teste]" Schema="[dbo]" Table="[RV_MOV]" Column="ID_CONTA" />
                            <ColumnReference Column="Expr1039" />
                          </OutputList>
                          <ComputeScalar>
                            <DefinedValues>
                              <DefinedValue>
                                <ColumnReference Column="Expr1039" />
                                <ScalarOperator ScalarString="CASE WHEN [Expr1078]=(0) THEN NULL ELSE [Expr1079] END">
                                  <IF>
                                    <Condition>
                                      <ScalarOperator>
                                        <Compare CompareOp="EQ">
                                          <ScalarOperator>
                                            <Identifier>
                                              <ColumnReference Column="Expr1078" />
                                            </Identifier>
                                          </ScalarOperator>
                                          <ScalarOperator>
                                            <Const ConstValue="(0)" />
                                          </ScalarOperator>
                                        </Compare>
                                      </ScalarOperator>
                                    </Condition>
                                    <Then>
                                      <ScalarOperator>
                                        <Const ConstValue="NULL" />
                                      </ScalarOperator>
                                    </Then>
                                    <Else>
                                      <ScalarOperator>
                                        <Identifier>
                                          <ColumnReference Column="Expr1079" />
                                        </Identifier>
                                      </ScalarOperator>
                                    </Else>
                                  </IF>
                                </ScalarOperator>
                              </DefinedValue>
                            </DefinedValues>
                            <RelOp AvgRowSize="59" EstimateCPU="1.1E-06" EstimateIO="0" EstimateRebinds="0" EstimateRewinds="0" EstimateRows="1" LogicalOp="Aggregate" NodeId="137" Parallel="false" PhysicalOp="Stream Aggregate" EstimatedTotalSubtreeCost="2.47017">
                              <OutputList>
                                <ColumnReference Database="[Ymf_Sac_Teste]" Schema="[dbo]" Table="[RV_MOV]" Column="CODCOR" />
                                <ColumnReference Database="[Ymf_Sac_Teste]" Schema="[dbo]" Table="[RV_MOV]" Column="CODOPER" />
                                <ColumnReference Database="[Ymf_Sac_Teste]" Schema="[dbo]" Table="[RV_MOV]" Column="CODPAP" />
                                <ColumnReference Database="[Ymf_Sac_Teste]" Schema="[dbo]" Table="[RV_MOV]" Column="PRACA" />
                                <ColumnReference Database="[Ymf_Sac_Teste]" Schema="[dbo]" Table="[RV_MOV]" Column="IC_DAYTRADE" />
                                <ColumnReference Database="[Ymf_Sac_Teste]" Schema="[dbo]" Table="[RV_MOV]" Column="RVCOR_CD_FISICA" />
                                <ColumnReference Database="[Ymf_Sac_Teste]" Schema="[dbo]" Table="[RV_MOV]" Column="ID_CONTA" />
                                <ColumnReference Column="Expr1078" />
                                <ColumnReference Column="Expr1079" />
                              </OutputList>
                              <StreamAggregate>
                                <DefinedValues>
                                  <DefinedValue>
                                    <ColumnReference Column="Expr1078" />
                                    <ScalarOperator ScalarString="COUNT_BIG([Ymf_Sac_Teste].[dbo].[RV_MOV].[QUANTIDADE])">
                                      <Aggregate AggType="COUNT_BIG" Distinct="false">
                                        <ScalarOperator>
                                          <Identifier>
                                            <ColumnReference Database="[Ymf_Sac_Teste]" Schema="[dbo]" Table="[RV_MOV]" Column="QUANTIDADE" />
                                          </Identifier>
                                        </ScalarOperator>
                                      </Aggregate>
                                    </ScalarOperator>
                                  </DefinedValue>
                                  <DefinedValue>
                                    <ColumnReference Column="Expr1079" />
                                    <ScalarOperator ScalarString="SUM([Ymf_Sac_Teste].[dbo].[RV_MOV].[QUANTIDADE])">
                                      <Aggregate AggType="SUM" Distinct="false">
                                        <ScalarOperator>
                                          <Identifier>
                                            <ColumnReference Database="[Ymf_Sac_Teste]" Schema="[dbo]" Table="[RV_MOV]" Column="QUANTIDADE" />
                                          </Identifier>
                                        </ScalarOperator>
                                      </Aggregate>
                                    </ScalarOperator>
                                  </DefinedValue>
                                </DefinedValues>
                                <GroupBy>
                                  <ColumnReference Database="[Ymf_Sac_Teste]" Schema="[dbo]" Table="[RV_MOV]" Column="CODOPER" />
                                  <ColumnReference Database="[Ymf_Sac_Teste]" Schema="[dbo]" Table="[RV_MOV]" Column="CODPAP" />
                                  <ColumnReference Database="[Ymf_Sac_Teste]" Schema="[dbo]" Table="[RV_MOV]" Column="CODCOR" />
                                  <ColumnReference Database="[Ymf_Sac_Teste]" Schema="[dbo]" Table="[RV_MOV]" Column="PRACA" />
                                  <ColumnReference Database="[Ymf_Sac_Teste]" Schema="[dbo]" Table="[RV_MOV]" Column="ID_CONTA" />
                                  <ColumnReference Database="[Ymf_Sac_Teste]" Schema="[dbo]" Table="[RV_MOV]" Column="RVCOR_CD_FISICA" />
                                  <ColumnReference Database="[Ymf_Sac_Teste]" Schema="[dbo]" Table="[RV_MOV]" Column="IC_DAYTRADE" />
                                </GroupBy>
                                <RelOp AvgRowSize="59" EstimateCPU="4.18E-06" EstimateIO="0" EstimateRebinds="0" EstimateRewinds="0" EstimateRows="1" LogicalOp="Inner Join" NodeId="138" Parallel="false" PhysicalOp="Nested Loops" EstimatedTotalSubtreeCost="2.47017">
                                  <OutputList>
                                    <ColumnReference Database="[Ymf_Sac_Teste]" Schema="[dbo]" Table="[RV_MOV]" Column="CODCOR" />
                                    <ColumnReference Database="[Ymf_Sac_Teste]" Schema="[dbo]" Table="[RV_MOV]" Column="CODOPER" />
                                    <ColumnReference Database="[Ymf_Sac_Teste]" Schema="[dbo]" Table="[RV_MOV]" Column="CODPAP" />
                                    <ColumnReference Database="[Ymf_Sac_Teste]" Schema="[dbo]" Table="[RV_MOV]" Column="PRACA" />
                                    <ColumnReference Database="[Ymf_Sac_Teste]" Schema="[dbo]" Table="[RV_MOV]" Column="IC_DAYTRADE" />
                                    <ColumnReference Database="[Ymf_Sac_Teste]" Schema="[dbo]" Table="[RV_MOV]" Column="QUANTIDADE" />
                                    <ColumnReference Database="[Ymf_Sac_Teste]" Schema="[dbo]" Table="[RV_MOV]" Column="RVCOR_CD_FISICA" />
                                    <ColumnReference Database="[Ymf_Sac_Teste]" Schema="[dbo]" Table="[RV_MOV]" Column="ID_CONTA" />
                                  </OutputList>
                                  <NestedLoops Optimized="false">
                                    <Predicate>
                                      <ScalarOperator ScalarString="CASE WHEN [Ymf_Sac_Teste].[dbo].[CLI_BAS].[IC_CONVERTE_POS_REC_SUB]='D' THEN [Ymf_Sac_Teste].[dbo].[RV_PARAM].[IC_CONVERTE_POS_REC_SUB] ELSE [Ymf_Sac_Teste].[dbo].[CLI_BAS].[IC_CONVERTE_POS_REC_SUB] END='E'">
                                        <Compare CompareOp="EQ">
                                          <ScalarOperator>
                                            <IF>
                                              <Condition>
                                                <ScalarOperator>
                                                  <Compare CompareOp="EQ">
                                                    <ScalarOperator>
                                                      <Identifier>
                                                        <ColumnReference Database="[Ymf_Sac_Teste]" Schema="[dbo]" Table="[CLI_BAS]" Column="IC_CONVERTE_POS_REC_SUB" />
                                                      </Identifier>
                                                    </ScalarOperator>
                                                    <ScalarOperator>
                                                      <Const ConstValue="'D'" />
                                                    </ScalarOperator>
                                                  </Compare>
                                                </ScalarOperator>
                                              </Condition>
                                              <Then>
                                                <ScalarOperator>
                                                  <Identifier>
                                                    <ColumnReference Database="[Ymf_Sac_Teste]" Schema="[dbo]" Table="[RV_PARAM]" Column="IC_CONVERTE_POS_REC_SUB" />
                                                  </Identifier>
                                                </ScalarOperator>
                                              </Then>
                                              <Else>
                                                <ScalarOperator>
                                                  <Identifier>
                                                    <ColumnReference Database="[Ymf_Sac_Teste]" Schema="[dbo]" Table="[CLI_BAS]" Column="IC_CONVERTE_POS_REC_SUB" />
                                                  </Identifier>
                                                </ScalarOperator>
                                              </Else>
                                            </IF>
                                          </ScalarOperator>
                                          <ScalarOperator>
                                            <Const ConstValue="'E'" />
                                          </ScalarOperator>
                                        </Compare>
                                      </ScalarOperator>
                                    </Predicate>
                                    <RelOp AvgRowSize="61" EstimateCPU="4.18E-06" EstimateIO="0" EstimateRebinds="0" EstimateRewinds="0" EstimateRows="1" LogicalOp="Inner Join" NodeId="139" Parallel="false" PhysicalOp="Nested Loops" EstimatedTotalSubtreeCost="2.46688">
                                      <OutputList>
                                        <ColumnReference Database="[Ymf_Sac_Teste]" Schema="[dbo]" Table="[RV_MOV]" Column="CODCOR" />
                                        <ColumnReference Database="[Ymf_Sac_Teste]" Schema="[dbo]" Table="[RV_MOV]" Column="CODOPER" />
                                        <ColumnReference Database="[Ymf_Sac_Teste]" Schema="[dbo]" Table="[RV_MOV]" Column="CODPAP" />
                                        <ColumnReference Database="[Ymf_Sac_Teste]" Schema="[dbo]" Table="[RV_MOV]" Column="PRACA" />
                                        <ColumnReference Database="[Ymf_Sac_Teste]" Schema="[dbo]" Table="[RV_MOV]" Column="IC_DAYTRADE" />
                                        <ColumnReference Database="[Ymf_Sac_Teste]" Schema="[dbo]" Table="[RV_MOV]" Column="QUANTIDADE" />
                                        <ColumnReference Database="[Ymf_Sac_Teste]" Schema="[dbo]" Table="[RV_MOV]" Column="RVCOR_CD_FISICA" />
                                        <ColumnReference Database="[Ymf_Sac_Teste]" Schema="[dbo]" Table="[RV_MOV]" Column="ID_CONTA" />
                                        <ColumnReference Database="[Ymf_Sac_Teste]" Schema="[dbo]" Table="[CLI_BAS]" Column="IC_CONVERTE_POS_REC_SUB" />
                                      </OutputList>
                                      <NestedLoops Optimized="false">
                                        <OuterReferences>
                                          <ColumnReference Database="[Ymf_Sac_Teste]" Schema="[dbo]" Table="[RV_MOV]" Column="CODPAP" />
                                        </OuterReferences>
                                        <RelOp AvgRowSize="61" EstimateCPU="4.18E-06" EstimateIO="0" EstimateRebinds="0" EstimateRewinds="0" EstimateRows="1" LogicalOp="Inner Join" NodeId="140" Parallel="false" PhysicalOp="Nested Loops" EstimatedTotalSubtreeCost="2.46359">
                                          <OutputList>
                                            <ColumnReference Database="[Ymf_Sac_Teste]" Schema="[dbo]" Table="[RV_MOV]" Column="CODCOR" />
                                            <ColumnReference Database="[Ymf_Sac_Teste]" Schema="[dbo]" Table="[RV_MOV]" Column="CODOPER" />
                                            <ColumnReference Database="[Ymf_Sac_Teste]" Schema="[dbo]" Table="[RV_MOV]" Column="CODPAP" />
                                            <ColumnReference Database="[Ymf_Sac_Teste]" Schema="[dbo]" Table="[RV_MOV]" Column="PRACA" />
                                            <ColumnReference Database="[Ymf_Sac_Teste]" Schema="[dbo]" Table="[RV_MOV]" Column="IC_DAYTRADE" />
                                            <ColumnReference Database="[Ymf_Sac_Teste]" Schema="[dbo]" Table="[RV_MOV]" Column="QUANTIDADE" />
                                            <ColumnReference Database="[Ymf_Sac_Teste]" Schema="[dbo]" Table="[RV_MOV]" Column="RVCOR_CD_FISICA" />
                                            <ColumnReference Database="[Ymf_Sac_Teste]" Schema="[dbo]" Table="[RV_MOV]" Column="ID_CONTA" />
                                            <ColumnReference Database="[Ymf_Sac_Teste]" Schema="[dbo]" Table="[CLI_BAS]" Column="IC_CONVERTE_POS_REC_SUB" />
                                          </OutputList>
                                          <NestedLoops Optimized="false">
                                            <RelOp AvgRowSize="9" EstimateCPU="4.18E-06" EstimateIO="0" EstimateRebinds="0" EstimateRewinds="0" EstimateRows="1" LogicalOp="Inner Join" NodeId="141" Parallel="false" PhysicalOp="Nested Loops" EstimatedTotalSubtreeCost="0.00657038">
                                              <OutputList>
                                                <ColumnReference Database="[Ymf_Sac_Teste]" Schema="[dbo]" Table="[CLI_BAS]" Column="IC_CONVERTE_POS_REC_SUB" />
                                              </OutputList>
                                              <NestedLoops Optimized="false">
                                                <OuterReferences>
                                                  <ColumnReference Column="Bmk1031" />
                                                </OuterReferences>
                                                <RelOp AvgRowSize="15" EstimateCPU="0.0001581" EstimateIO="0.003125" EstimateRebinds="0" EstimateRewinds="0" EstimateRows="1" LogicalOp="Index Seek" NodeId="142" Parallel="false" PhysicalOp="Index Seek" EstimatedTotalSubtreeCost="0.0032831">
                                                  <OutputList>
                                                    <ColumnReference Column="Bmk1031" />
                                                  </OutputList>
                                                  <IndexScan Ordered="true" ScanDirection="FORWARD" ForcedIndex="false" NoExpandHint="false">
                                                    <DefinedValues>
                                                      <DefinedValue>
                                                        <ColumnReference Column="Bmk1031" />
                                                      </DefinedValue>
                                                    </DefinedValues>
                                                    <Object Database="[Ymf_Sac_Teste]" Schema="[dbo]" Table="[CLI_BAS]" Index="[Z2_TST_TIR]" />
                                                    <SeekPredicates>
                                                      <SeekPredicate>
                                                        <Prefix ScanType="EQ">
                                                          <RangeColumns>
                                                            <ColumnReference Database="[Ymf_Sac_Teste]" Schema="[dbo]" Table="[CLI_BAS]" Column="CODCLI" />
                                                          </RangeColumns>
                                                          <RangeExpressions>
                                                            <ScalarOperator ScalarString="'2061'">
                                                              <Const ConstValue="'2061'" />
                                                            </ScalarOperator>
                                                          </RangeExpressions>
                                                        </Prefix>
                                                      </SeekPredicate>
                                                    </SeekPredicates>
                                                  </IndexScan>
                                                </RelOp>
                                                <RelOp AvgRowSize="9" EstimateCPU="0.0001581" EstimateIO="0.003125" EstimateRebinds="0" EstimateRewinds="0" EstimateRows="1" LogicalOp="RID Lookup" NodeId="144" Parallel="false" PhysicalOp="RID Lookup" EstimatedTotalSubtreeCost="0.0032831">
                                                  <OutputList>
                                                    <ColumnReference Database="[Ymf_Sac_Teste]" Schema="[dbo]" Table="[CLI_BAS]" Column="IC_CONVERTE_POS_REC_SUB" />
                                                  </OutputList>
                                                  <IndexScan Lookup="true" Ordered="true" ScanDirection="FORWARD" ForcedIndex="false" NoExpandHint="false">
                                                    <DefinedValues>
                                                      <DefinedValue>
                                                        <ColumnReference Database="[Ymf_Sac_Teste]" Schema="[dbo]" Table="[CLI_BAS]" Column="IC_CONVERTE_POS_REC_SUB" />
                                                      </DefinedValue>
                                                    </DefinedValues>
                                                    <Object Database="[Ymf_Sac_Teste]" Schema="[dbo]" Table="[CLI_BAS]" TableReferenceId="-1" />
                                                    <SeekPredicates>
                                                      <SeekPredicate>
                                                        <Prefix ScanType="EQ">
                                                          <RangeColumns>
                                                            <ColumnReference Column="Bmk1031" />
                                                          </RangeColumns>
                                                          <RangeExpressions>
                                                            <ScalarOperator ScalarString="[Bmk1031]">
                                                              <Identifier>
                                                                <ColumnReference Column="Bmk1031" />
                                                              </Identifier>
                                                            </ScalarOperator>
                                                          </RangeExpressions>
                                                        </Prefix>
                                                      </SeekPredicate>
                                                    </SeekPredicates>
                                                  </IndexScan>
                                                </RelOp>
                                              </NestedLoops>
                                            </RelOp>
                                            <RelOp AvgRowSize="59" EstimateCPU="0.000100059" EstimateIO="0.0112613" EstimateRebinds="0" EstimateRewinds="0" EstimateRows="1" LogicalOp="Sort" NodeId="148" Parallel="false" PhysicalOp="Sort" EstimatedTotalSubtreeCost="2.45702">
                                              <OutputList>
                                                <ColumnReference Database="[Ymf_Sac_Teste]" Schema="[dbo]" Table="[RV_MOV]" Column="CODCOR" />
                                                <ColumnReference Database="[Ymf_Sac_Teste]" Schema="[dbo]" Table="[RV_MOV]" Column="CODOPER" />
                                                <ColumnReference Database="[Ymf_Sac_Teste]" Schema="[dbo]" Table="[RV_MOV]" Column="CODPAP" />
                                                <ColumnReference Database="[Ymf_Sac_Teste]" Schema="[dbo]" Table="[RV_MOV]" Column="PRACA" />
                                                <ColumnReference Database="[Ymf_Sac_Teste]" Schema="[dbo]" Table="[RV_MOV]" Column="IC_DAYTRADE" />
                                                <ColumnReference Database="[Ymf_Sac_Teste]" Schema="[dbo]" Table="[RV_MOV]" Column="QUANTIDADE" />
                                                <ColumnReference Database="[Ymf_Sac_Teste]" Schema="[dbo]" Table="[RV_MOV]" Column="RVCOR_CD_FISICA" />
                                                <ColumnReference Database="[Ymf_Sac_Teste]" Schema="[dbo]" Table="[RV_MOV]" Column="ID_CONTA" />
                                              </OutputList>
                                              <MemoryFractions Input="1" Output="1" />
                                              <Sort Distinct="false">
                                                <OrderBy>
                                                  <OrderByColumn Ascending="true">
                                                    <ColumnReference Database="[Ymf_Sac_Teste]" Schema="[dbo]" Table="[RV_MOV]" Column="CODOPER" />
                                                  </OrderByColumn>
                                                  <OrderByColumn Ascending="true">
                                                    <ColumnReference Database="[Ymf_Sac_Teste]" Schema="[dbo]" Table="[RV_MOV]" Column="CODPAP" />
                                                  </OrderByColumn>
                                                  <OrderByColumn Ascending="true">
                                                    <ColumnReference Database="[Ymf_Sac_Teste]" Schema="[dbo]" Table="[RV_MOV]" Column="CODCOR" />
                                                  </OrderByColumn>
                                                  <OrderByColumn Ascending="true">
                                                    <ColumnReference Database="[Ymf_Sac_Teste]" Schema="[dbo]" Table="[RV_MOV]" Column="PRACA" />
                                                  </OrderByColumn>
                                                  <OrderByColumn Ascending="true">
                                                    <ColumnReference Database="[Ymf_Sac_Teste]" Schema="[dbo]" Table="[RV_MOV]" Column="ID_CONTA" />
                                                  </OrderByColumn>
                                                  <OrderByColumn Ascending="true">
                                                    <ColumnReference Database="[Ymf_Sac_Teste]" Schema="[dbo]" Table="[RV_MOV]" Column="RVCOR_CD_FISICA" />
                                                  </OrderByColumn>
                                                  <OrderByColumn Ascending="true">
                                                    <ColumnReference Database="[Ymf_Sac_Teste]" Schema="[dbo]" Table="[RV_MOV]" Column="IC_DAYTRADE" />
                                                  </OrderByColumn>
                                                </OrderBy>
                                                <RelOp AvgRowSize="85" EstimateCPU="0.0315407" EstimateIO="2.3632" EstimateRebinds="0" EstimateRewinds="0" EstimateRows="1" LogicalOp="Clustered Index Scan" NodeId="149" Parallel="false" PhysicalOp="Clustered Index Scan" EstimatedTotalSubtreeCost="2.39474">
                                                  <OutputList>
                                                    <ColumnReference Database="[Ymf_Sac_Teste]" Schema="[dbo]" Table="[RV_MOV]" Column="CODCOR" />
                                                    <ColumnReference Database="[Ymf_Sac_Teste]" Schema="[dbo]" Table="[RV_MOV]" Column="CODOPER" />
                                                    <ColumnReference Database="[Ymf_Sac_Teste]" Schema="[dbo]" Table="[RV_MOV]" Column="CODPAP" />
                                                    <ColumnReference Database="[Ymf_Sac_Teste]" Schema="[dbo]" Table="[RV_MOV]" Column="PRACA" />
                                                    <ColumnReference Database="[Ymf_Sac_Teste]" Schema="[dbo]" Table="[RV_MOV]" Column="IC_DAYTRADE" />
                                                    <ColumnReference Database="[Ymf_Sac_Teste]" Schema="[dbo]" Table="[RV_MOV]" Column="QUANTIDADE" />
                                                    <ColumnReference Database="[Ymf_Sac_Teste]" Schema="[dbo]" Table="[RV_MOV]" Column="RVCOR_CD_FISICA" />
                                                    <ColumnReference Database="[Ymf_Sac_Teste]" Schema="[dbo]" Table="[RV_MOV]" Column="ID_CONTA" />
                                                  </OutputList>
                                                  <IndexScan Ordered="false" ForcedIndex="false" NoExpandHint="false">
                                                    <DefinedValues>
                                                      <DefinedValue>
                                                        <ColumnReference Database="[Ymf_Sac_Teste]" Schema="[dbo]" Table="[RV_MOV]" Column="CODCOR" />
                                                      </DefinedValue>
                                                      <DefinedValue>
                                                        <ColumnReference Database="[Ymf_Sac_Teste]" Schema="[dbo]" Table="[RV_MOV]" Column="CODOPER" />
                                                      </DefinedValue>
                                                      <DefinedValue>
                                                        <ColumnReference Database="[Ymf_Sac_Teste]" Schema="[dbo]" Table="[RV_MOV]" Column="CODPAP" />
                                                      </DefinedValue>
                                                      <DefinedValue>
                                                        <ColumnReference Database="[Ymf_Sac_Teste]" Schema="[dbo]" Table="[RV_MOV]" Column="PRACA" />
                                                      </DefinedValue>
                                                      <DefinedValue>
                                                        <ColumnReference Database="[Ymf_Sac_Teste]" Schema="[dbo]" Table="[RV_MOV]" Column="IC_DAYTRADE" />
                                                      </DefinedValue>
                                                      <DefinedValue>
                                                        <ColumnReference Database="[Ymf_Sac_Teste]" Schema="[dbo]" Table="[RV_MOV]" Column="QUANTIDADE" />
                                                      </DefinedValue>
                                                      <DefinedValue>
                                                        <ColumnReference Database="[Ymf_Sac_Teste]" Schema="[dbo]" Table="[RV_MOV]" Column="RVCOR_CD_FISICA" />
                                                      </DefinedValue>
                                                      <DefinedValue>
                                                        <ColumnReference Database="[Ymf_Sac_Teste]" Schema="[dbo]" Table="[RV_MOV]" Column="ID_CONTA" />
                                                      </DefinedValue>
                                                    </DefinedValues>
                                                    <Object Database="[Ymf_Sac_Teste]" Schema="[dbo]" Table="[RV_MOV]" Index="[XPKRV_MOV]" TableReferenceId="3" />
                                                    <Predicate>
                                                      <ScalarOperator ScalarString="[Ymf_Sac_Teste].[dbo].[RV_MOV].[EVE_DT_CRED_RECIBO]='2012-01-02 00:00:00.000' AND [Ymf_Sac_Teste].[dbo].[RV_MOV].[CODCLI]='2061' AND [Ymf_Sac_Teste].[dbo].[RV_MOV].[TIPOMOV]='0' AND [Ymf_Sac_Teste].[dbo].[RV_MOV].[COMPRAVENDA]='S' AND [Ymf_Sac_Teste].[dbo].[RV_MOV].[IC_DAYTRADE]&lt;&gt;'S'">
                                                        <Logical Operation="AND">
                                                          <ScalarOperator>
                                                            <Compare CompareOp="EQ">
                                                              <ScalarOperator>
                                                                <Identifier>
                                                                  <ColumnReference Database="[Ymf_Sac_Teste]" Schema="[dbo]" Table="[RV_MOV]" Column="EVE_DT_CRED_RECIBO" />
                                                                </Identifier>
                                                              </ScalarOperator>
                                                              <ScalarOperator>
                                                                <Const ConstValue="'2012-01-02 00:00:00.000'" />
                                                              </ScalarOperator>
                                                            </Compare>
                                                          </ScalarOperator>
                                                          <ScalarOperator>
                                                            <Compare CompareOp="EQ">
                                                              <ScalarOperator>
                                                                <Identifier>
                                                                  <ColumnReference Database="[Ymf_Sac_Teste]" Schema="[dbo]" Table="[RV_MOV]" Column="CODCLI" />
                                                                </Identifier>
                                                              </ScalarOperator>
                                                              <ScalarOperator>
                                                                <Const ConstValue="'2061'" />
                                                              </ScalarOperator>
                                                            </Compare>
                                                          </ScalarOperator>
                                                          <ScalarOperator>
                                                            <Compare CompareOp="EQ">
                                                              <ScalarOperator>
                                                                <Identifier>
                                                                  <ColumnReference Database="[Ymf_Sac_Teste]" Schema="[dbo]" Table="[RV_MOV]" Column="TIPOMOV" />
                                                                </Identifier>
                                                              </ScalarOperator>
                                                              <ScalarOperator>
                                                                <Const ConstValue="'0'" />
                                                              </ScalarOperator>
                                                            </Compare>
                                                          </ScalarOperator>
                                                          <ScalarOperator>
                                                            <Compare CompareOp="EQ">
                                                              <ScalarOperator>
                                                                <Identifier>
                                                                  <ColumnReference Database="[Ymf_Sac_Teste]" Schema="[dbo]" Table="[RV_MOV]" Column="COMPRAVENDA" />
                                                                </Identifier>
                                                              </ScalarOperator>
                                                              <ScalarOperator>
                                                                <Const ConstValue="'S'" />
                                                              </ScalarOperator>
                                                            </Compare>
                                                          </ScalarOperator>
                                                          <ScalarOperator>
                                                            <Compare CompareOp="NE">
                                                              <ScalarOperator>
                                                                <Identifier>
                                                                  <ColumnReference Database="[Ymf_Sac_Teste]" Schema="[dbo]" Table="[RV_MOV]" Column="IC_DAYTRADE" />
                                                                </Identifier>
                                                              </ScalarOperator>
                                                              <ScalarOperator>
                                                                <Const ConstValue="'S'" />
                                                              </ScalarOperator>
                                                            </Compare>
                                                          </ScalarOperator>
                                                        </Logical>
                                                      </ScalarOperator>
                                                    </Predicate>
                                                  </IndexScan>
                                                </RelOp>
                                              </Sort>
                                            </RelOp>
                                          </NestedLoops>
                                        </RelOp>
                                        <RelOp AvgRowSize="9" EstimateCPU="0.0001581" EstimateIO="0.003125" EstimateRebinds="0" EstimateRewinds="0" EstimateRows="1" LogicalOp="Clustered Index Seek" NodeId="150" Parallel="false" PhysicalOp="Clustered Index Seek" EstimatedTotalSubtreeCost="0.0032831">
                                          <OutputList>
                                            <ColumnReference Database="[Ymf_Sac_Teste]" Schema="[dbo]" Table="[RV_CADPAP]" Column="TIPO" />
                                          </OutputList>
                                          <IndexScan Ordered="true" ScanDirection="FORWARD" ForcedIndex="false" NoExpandHint="false">
                                            <DefinedValues>
                                              <DefinedValue>
                                                <ColumnReference Database="[Ymf_Sac_Teste]" Schema="[dbo]" Table="[RV_CADPAP]" Column="TIPO" />
                                              </DefinedValue>
                                            </DefinedValues>
                                            <Object Database="[Ymf_Sac_Teste]" Schema="[dbo]" Table="[RV_CADPAP]" Index="[XPKRV_CADPAP]" TableReferenceId="3" />
                                            <SeekPredicates>
                                              <SeekPredicate>
                                                <Prefix ScanType="EQ">
                                                  <RangeColumns>
                                                    <ColumnReference Database="[Ymf_Sac_Teste]" Schema="[dbo]" Table="[RV_CADPAP]" Column="CODPAP" />
                                                  </RangeColumns>
                                                  <RangeExpressions>
                                                    <ScalarOperator ScalarString="[Ymf_Sac_Teste].[dbo].[RV_MOV].[CODPAP]">
                                                      <Identifier>
                                                        <ColumnReference Database="[Ymf_Sac_Teste]" Schema="[dbo]" Table="[RV_MOV]" Column="CODPAP" />
                                                      </Identifier>
                                                    </ScalarOperator>
                                                  </RangeExpressions>
                                                </Prefix>
                                              </SeekPredicate>
                                            </SeekPredicates>
                                            <Predicate>
                                              <ScalarOperator ScalarString="[Ymf_Sac_Teste].[dbo].[RV_CADPAP].[TIPO]='V'">
                                                <Compare CompareOp="EQ">
                                                  <ScalarOperator>
                                                    <Identifier>
                                                      <ColumnReference Database="[Ymf_Sac_Teste]" Schema="[dbo]" Table="[RV_CADPAP]" Column="TIPO" />
                                                    </Identifier>
                                                  </ScalarOperator>
                                                  <ScalarOperator>
                                                    <Const ConstValue="'V'" />
                                                  </ScalarOperator>
                                                </Compare>
                                              </ScalarOperator>
                                            </Predicate>
                                          </IndexScan>
                                        </RelOp>
                                      </NestedLoops>
                                    </RelOp>
                                    <RelOp AvgRowSize="9" EstimateCPU="0.0001581" EstimateIO="0.003125" EstimateRebinds="0" EstimateRewinds="0" EstimateRows="1" LogicalOp="Table Scan" NodeId="151" Parallel="false" PhysicalOp="Table Scan" EstimatedTotalSubtreeCost="0.0032831">
                                      <OutputList>
                                        <ColumnReference Database="[Ymf_Sac_Teste]" Schema="[dbo]" Table="[RV_PARAM]" Column="IC_CONVERTE_POS_REC_SUB" />
                                      </OutputList>
                                      <TableScan Ordered="false" ForcedIndex="false" NoExpandHint="false">
                                        <DefinedValues>
                                          <DefinedValue>
                                            <ColumnReference Database="[Ymf_Sac_Teste]" Schema="[dbo]" Table="[RV_PARAM]" Column="IC_CONVERTE_POS_REC_SUB" />
                                          </DefinedValue>
                                        </DefinedValues>
                                        <Object Database="[Ymf_Sac_Teste]" Schema="[dbo]" Table="[RV_PARAM]" />
                                      </TableScan>
                                    </RelOp>
                                  </NestedLoops>
                                </RelOp>
                              </StreamAggregate>
                            </RelOp>
                          </ComputeScalar>
                        </RelOp>
                        <RelOp AvgRowSize="15" EstimateCPU="1.1E-06" EstimateIO="0" EstimateRebinds="0" EstimateRewinds="0" EstimateRows="1" LogicalOp="Aggregate" NodeId="161" Parallel="false" PhysicalOp="Stream Aggregate" EstimatedTotalSubtreeCost="0.00658016">
                          <OutputList>
                            <ColumnReference Column="Expr1043" />
                          </OutputList>
                          <StreamAggregate>
                            <DefinedValues>
                              <DefinedValue>
                                <ColumnReference Column="Expr1043" />
                                <ScalarOperator ScalarString="SUM([Expr1070])">
                                  <Aggregate AggType="SUM" Distinct="false">
                                    <ScalarOperator>
                                      <Identifier>
                                        <ColumnReference Column="Expr1070" />
                                      </Identifier>
                                    </ScalarOperator>
                                  </Aggregate>
                                </ScalarOperator>
                              </DefinedValue>
                            </DefinedValues>
                            <RelOp AvgRowSize="15" EstimateCPU="1E-07" EstimateIO="0" EstimateRebinds="0" EstimateRewinds="0" EstimateRows="1" LogicalOp="Compute Scalar" NodeId="162" Parallel="false" PhysicalOp="Compute Scalar" EstimatedTotalSubtreeCost="0.00657906">
                              <OutputList>
                                <ColumnReference Column="Expr1070" />
                              </OutputList>
                              <ComputeScalar>
                                <DefinedValues>
                                  <DefinedValue>
                                    <ColumnReference Column="Expr1070" />
                                    <ScalarOperator ScalarString="isnull([Ymf_Sac_Teste].[dbo].[SAC_RV_BLOQUEIO].[QT] as [B].[QT],(0.000000000000000e+000))">
                                      <Intrinsic FunctionName="isnull">
                                        <ScalarOperator>
                                          <Identifier>
                                            <ColumnReference Database="[Ymf_Sac_Teste]" Schema="[dbo]" Table="[SAC_RV_BLOQUEIO]" Alias="[B]" Column="QT" />
                                          </Identifier>
                                        </ScalarOperator>
                                        <ScalarOperator>
                                          <Const ConstValue="(0.000000000000000e+000)" />
                                        </ScalarOperator>
                                      </Intrinsic>
                                    </ScalarOperator>
                                  </DefinedValue>
                                </DefinedValues>
                                <RelOp AvgRowSize="15" EstimateCPU="1.78E-06" EstimateIO="0" EstimateRebinds="0" EstimateRewinds="0" EstimateRows="1" LogicalOp="Filter" NodeId="163" Parallel="false" PhysicalOp="Filter" EstimatedTotalSubtreeCost="0.00657896">
                                  <OutputList>
                                    <ColumnReference Database="[Ymf_Sac_Teste]" Schema="[dbo]" Table="[SAC_RV_BLOQUEIO]" Alias="[B]" Column="QT" />
                                  </OutputList>
                                  <Filter StartupExpression="false">
                                    <RelOp AvgRowSize="39" EstimateCPU="4.18E-06" EstimateIO="0" EstimateRebinds="0" EstimateRewinds="0" EstimateRows="1" LogicalOp="Inner Join" NodeId="164" Parallel="false" PhysicalOp="Nested Loops" EstimatedTotalSubtreeCost="0.00657718">
                                      <OutputList>
                                        <ColumnReference Database="[Ymf_Sac_Teste]" Schema="[dbo]" Table="[SAC_RV_BLOQUEIO]" Alias="[B]" Column="RVPAP_CD" />
                                        <ColumnReference Database="[Ymf_Sac_Teste]" Schema="[dbo]" Table="[SAC_RV_BLOQUEIO]" Alias="[B]" Column="RVCOR_CD" />
                                        <ColumnReference Database="[Ymf_Sac_Teste]" Schema="[dbo]" Table="[SAC_RV_BLOQUEIO]" Alias="[B]" Column="CD_PRACA" />
                                        <ColumnReference Database="[Ymf_Sac_Teste]" Schema="[dbo]" Table="[SAC_RV_BLOQUEIO]" Alias="[B]" Column="IC" />
                                        <ColumnReference Database="[Ymf_Sac_Teste]" Schema="[dbo]" Table="[SAC_RV_BLOQUEIO]" Alias="[B]" Column="QT" />
                                        <ColumnReference Database="[Ymf_Sac_Teste]" Schema="[dbo]" Table="[SAC_RV_BLOQUEIO]" Alias="[B]" Column="IC_BLOQ_PROV_AUTO" />
                                      </OutputList>
                                      <NestedLoops Optimized="false">
                                        <OuterReferences>
                                          <ColumnReference Database="[Ymf_Sac_Teste]" Schema="[dbo]" Table="[SAC_RV_BLOQUEIO]" Alias="[B]" Column="ID" />
                                          <ColumnReference Database="[Ymf_Sac_Teste]" Schema="[dbo]" Table="[SAC_RV_BLOQUEIO]" Alias="[B]" Column="DT" />
                                        </OuterReferences>
                                        <RelOp AvgRowSize="19" EstimateCPU="0.0001625" EstimateIO="0.003125" EstimateRebinds="0" EstimateRewinds="0" EstimateRows="1" LogicalOp="Index Seek" NodeId="165" Parallel="false" PhysicalOp="Index Seek" EstimatedTotalSubtreeCost="0.0032875">
                                          <OutputList>
                                            <ColumnReference Database="[Ymf_Sac_Teste]" Schema="[dbo]" Table="[SAC_RV_BLOQUEIO]" Alias="[B]" Column="ID" />
                                            <ColumnReference Database="[Ymf_Sac_Teste]" Schema="[dbo]" Table="[SAC_RV_BLOQUEIO]" Alias="[B]" Column="DT" />
                                          </OutputList>
                                          <IndexScan Ordered="true" ScanDirection="FORWARD" ForcedIndex="false" NoExpandHint="false">
                                            <DefinedValues>
                                              <DefinedValue>
                                                <ColumnReference Database="[Ymf_Sac_Teste]" Schema="[dbo]" Table="[SAC_RV_BLOQUEIO]" Alias="[B]" Column="ID" />
                                              </DefinedValue>
                                              <DefinedValue>
                                                <ColumnReference Database="[Ymf_Sac_Teste]" Schema="[dbo]" Table="[SAC_RV_BLOQUEIO]" Alias="[B]" Column="DT" />
                                              </DefinedValue>
                                            </DefinedValues>
                                            <Object Database="[Ymf_Sac_Teste]" Schema="[dbo]" Table="[SAC_RV_BLOQUEIO]" Index="[IDX05SAC_RV_BLOQUEIO]" Alias="[B]" TableReferenceId="3" />
                                            <SeekPredicates>
                                              <SeekPredicate>
                                                <Prefix ScanType="EQ">
                                                  <RangeColumns>
                                                    <ColumnReference Database="[Ymf_Sac_Teste]" Schema="[dbo]" Table="[SAC_RV_BLOQUEIO]" Alias="[B]" Column="CLCLI_CD" />
                                                  </RangeColumns>
                                                  <RangeExpressions>
                                                    <ScalarOperator ScalarString="'2061'">
                                                      <Const ConstValue="'2061'" />
                                                    </ScalarOperator>
                                                  </RangeExpressions>
                                                </Prefix>
                                              </SeekPredicate>
                                            </SeekPredicates>
                                            <Predicate>
                                              <ScalarOperator ScalarString="[Ymf_Sac_Teste].[dbo].[SAC_RV_BLOQUEIO].[DT] as [B].[DT]='2011-12-28 00:00:00.000'">
                                                <Compare CompareOp="EQ">
                                                  <ScalarOperator>
                                                    <Identifier>
                                                      <ColumnReference Database="[Ymf_Sac_Teste]" Schema="[dbo]" Table="[SAC_RV_BLOQUEIO]" Alias="[B]" Column="DT" />
                                                    </Identifier>
                                                  </ScalarOperator>
                                                  <ScalarOperator>
                                                    <Const ConstValue="'2011-12-28 00:00:00.000'" />
                                                  </ScalarOperator>
                                                </Compare>
                                              </ScalarOperator>
                                            </Predicate>
                                          </IndexScan>
                                        </RelOp>
                                        <RelOp AvgRowSize="39" EstimateCPU="0.0001581" EstimateIO="0.003125" EstimateRebinds="0" EstimateRewinds="0" EstimateRows="1" LogicalOp="Clustered Index Seek" NodeId="167" Parallel="false" PhysicalOp="Clustered Index Seek" EstimatedTotalSubtreeCost="0.0032831">
                                          <OutputList>
                                            <ColumnReference Database="[Ymf_Sac_Teste]" Schema="[dbo]" Table="[SAC_RV_BLOQUEIO]" Alias="[B]" Column="RVPAP_CD" />
                                            <ColumnReference Database="[Ymf_Sac_Teste]" Schema="[dbo]" Table="[SAC_RV_BLOQUEIO]" Alias="[B]" Column="RVCOR_CD" />
                                            <ColumnReference Database="[Ymf_Sac_Teste]" Schema="[dbo]" Table="[SAC_RV_BLOQUEIO]" Alias="[B]" Column="CD_PRACA" />
                                            <ColumnReference Database="[Ymf_Sac_Teste]" Schema="[dbo]" Table="[SAC_RV_BLOQUEIO]" Alias="[B]" Column="IC" />
                                            <ColumnReference Database="[Ymf_Sac_Teste]" Schema="[dbo]" Table="[SAC_RV_BLOQUEIO]" Alias="[B]" Column="QT" />
                                            <ColumnReference Database="[Ymf_Sac_Teste]" Schema="[dbo]" Table="[SAC_RV_BLOQUEIO]" Alias="[B]" Column="IC_BLOQ_PROV_AUTO" />
                                          </OutputList>
                                          <IndexScan Lookup="true" Ordered="true" ScanDirection="FORWARD" ForcedIndex="false" NoExpandHint="false">
                                            <DefinedValues>
                                              <DefinedValue>
                                                <ColumnReference Database="[Ymf_Sac_Teste]" Schema="[dbo]" Table="[SAC_RV_BLOQUEIO]" Alias="[B]" Column="RVPAP_CD" />
                                              </DefinedValue>
                                              <DefinedValue>
                                                <ColumnReference Database="[Ymf_Sac_Teste]" Schema="[dbo]" Table="[SAC_RV_BLOQUEIO]" Alias="[B]" Column="RVCOR_CD" />
                                              </DefinedValue>
                                              <DefinedValue>
                                                <ColumnReference Database="[Ymf_Sac_Teste]" Schema="[dbo]" Table="[SAC_RV_BLOQUEIO]" Alias="[B]" Column="CD_PRACA" />
                                              </DefinedValue>
                                              <DefinedValue>
                                                <ColumnReference Database="[Ymf_Sac_Teste]" Schema="[dbo]" Table="[SAC_RV_BLOQUEIO]" Alias="[B]" Column="IC" />
                                              </DefinedValue>
                                              <DefinedValue>
                                                <ColumnReference Database="[Ymf_Sac_Teste]" Schema="[dbo]" Table="[SAC_RV_BLOQUEIO]" Alias="[B]" Column="QT" />
                                              </DefinedValue>
                                              <DefinedValue>
                                                <ColumnReference Database="[Ymf_Sac_Teste]" Schema="[dbo]" Table="[SAC_RV_BLOQUEIO]" Alias="[B]" Column="IC_BLOQ_PROV_AUTO" />
                                              </DefinedValue>
                                            </DefinedValues>
                                            <Object Database="[Ymf_Sac_Teste]" Schema="[dbo]" Table="[SAC_RV_BLOQUEIO]" Index="[XPKSAC_RV_BLOQUEIO]" Alias="[B]" TableReferenceId="-1" />
                                            <SeekPredicates>
                                              <SeekPredicate>
                                                <Prefix ScanType="EQ">
                                                  <RangeColumns>
                                                    <ColumnReference Database="[Ymf_Sac_Teste]" Schema="[dbo]" Table="[SAC_RV_BLOQUEIO]" Alias="[B]" Column="ID" />
                                                    <ColumnReference Database="[Ymf_Sac_Teste]" Schema="[dbo]" Table="[SAC_RV_BLOQUEIO]" Alias="[B]" Column="DT" />
                                                  </RangeColumns>
                                                  <RangeExpressions>
                                                    <ScalarOperator ScalarString="[Ymf_Sac_Teste].[dbo].[SAC_RV_BLOQUEIO].[ID] as [B].[ID]">
                                                      <Identifier>
                                                        <ColumnReference Database="[Ymf_Sac_Teste]" Schema="[dbo]" Table="[SAC_RV_BLOQUEIO]" Alias="[B]" Column="ID" />
                                                      </Identifier>
                                                    </ScalarOperator>
                                                    <ScalarOperator ScalarString="[Ymf_Sac_Teste].[dbo].[SAC_RV_BLOQUEIO].[DT] as [B].[DT]">
                                                      <Identifier>
                                                        <ColumnReference Database="[Ymf_Sac_Teste]" Schema="[dbo]" Table="[SAC_RV_BLOQUEIO]" Alias="[B]" Column="DT" />
                                                      </Identifier>
                                                    </ScalarOperator>
                                                  </RangeExpressions>
                                                </Prefix>
                                              </SeekPredicate>
                                            </SeekPredicates>
                                          </IndexScan>
                                        </RelOp>
                                      </NestedLoops>
                                    </RelOp>
                                    <Predicate>
                                      <ScalarOperator ScalarString="[Ymf_Sac_Teste].[dbo].[SAC_RV_BLOQUEIO].[RVPAP_CD] as [B].[RVPAP_CD]=[Ymf_Sac_Teste].[dbo].[RV_MOV].[CODPAP] AND [Ymf_Sac_Teste].[dbo].[SAC_RV_BLOQUEIO].[RVCOR_CD] as [B].[RVCOR_CD]=[Ymf_Sac_Teste].[dbo].[RV_MOV].[CODCOR] AND [Ymf_Sac_Teste].[dbo].[SAC_RV_BLOQUEIO].[CD_PRACA] as [B].[CD_PRACA]=[Ymf_Sac_Teste].[dbo].[RV_MOV].[PRACA] AND [Ymf_Sac_Teste].[dbo].[SAC_RV_BLOQUEIO].[IC_BLOQ_PROV_AUTO] as [B].[IC_BLOQ_PROV_AUTO]='S' AND [Ymf_Sac_Teste].[dbo].[SAC_RV_BLOQUEIO].[IC] as [B].[IC]='B'">
                                        <Logical Operation="AND">
                                          <ScalarOperator>
                                            <Compare CompareOp="EQ">
                                              <ScalarOperator>
                                                <Identifier>
                                                  <ColumnReference Database="[Ymf_Sac_Teste]" Schema="[dbo]" Table="[SAC_RV_BLOQUEIO]" Alias="[B]" Column="RVPAP_CD" />
                                                </Identifier>
                                              </ScalarOperator>
                                              <ScalarOperator>
                                                <Identifier>
                                                  <ColumnReference Database="[Ymf_Sac_Teste]" Schema="[dbo]" Table="[RV_MOV]" Column="CODPAP" />
                                                </Identifier>
                                              </ScalarOperator>
                                            </Compare>
                                          </ScalarOperator>
                                          <ScalarOperator>
                                            <Compare CompareOp="EQ">
                                              <ScalarOperator>
                                                <Identifier>
                                                  <ColumnReference Database="[Ymf_Sac_Teste]" Schema="[dbo]" Table="[SAC_RV_BLOQUEIO]" Alias="[B]" Column="RVCOR_CD" />
                                                </Identifier>
                                              </ScalarOperator>
                                              <ScalarOperator>
                                                <Identifier>
                                                  <ColumnReference Database="[Ymf_Sac_Teste]" Schema="[dbo]" Table="[RV_MOV]" Column="CODCOR" />
                                                </Identifier>
                                              </ScalarOperator>
                                            </Compare>
                                          </ScalarOperator>
                                          <ScalarOperator>
                                            <Compare CompareOp="EQ">
                                              <ScalarOperator>
                                                <Identifier>
                                                  <ColumnReference Database="[Ymf_Sac_Teste]" Schema="[dbo]" Table="[SAC_RV_BLOQUEIO]" Alias="[B]" Column="CD_PRACA" />
                                                </Identifier>
                                              </ScalarOperator>
                                              <ScalarOperator>
                                                <Identifier>
                                                  <ColumnReference Database="[Ymf_Sac_Teste]" Schema="[dbo]" Table="[RV_MOV]" Column="PRACA" />
                                                </Identifier>
                                              </ScalarOperator>
                                            </Compare>
                                          </ScalarOperator>
                                          <ScalarOperator>
                                            <Compare CompareOp="EQ">
                                              <ScalarOperator>
                                                <Identifier>
                                                  <ColumnReference Database="[Ymf_Sac_Teste]" Schema="[dbo]" Table="[SAC_RV_BLOQUEIO]" Alias="[B]" Column="IC_BLOQ_PROV_AUTO" />
                                                </Identifier>
                                              </ScalarOperator>
                                              <ScalarOperator>
                                                <Const ConstValue="'S'" />
                                              </ScalarOperator>
                                            </Compare>
                                          </ScalarOperator>
                                          <ScalarOperator>
                                            <Compare CompareOp="EQ">
                                              <ScalarOperator>
                                                <Identifier>
                                                  <ColumnReference Database="[Ymf_Sac_Teste]" Schema="[dbo]" Table="[SAC_RV_BLOQUEIO]" Alias="[B]" Column="IC" />
                                                </Identifier>
                                              </ScalarOperator>
                                              <ScalarOperator>
                                                <Const ConstValue="'B'" />
                                              </ScalarOperator>
                                            </Compare>
                                          </ScalarOperator>
                                        </Logical>
                                      </ScalarOperator>
                                    </Predicate>
                                  </Filter>
                                </RelOp>
                              </ComputeScalar>
                            </RelOp>
                          </StreamAggregate>
                        </RelOp>
                      </NestedLoops>
                    </RelOp>
                  </ComputeScalar>
                </RelOp>
                <RelOp AvgRowSize="64" EstimateCPU="1E-07" EstimateIO="0" EstimateRebinds="0" EstimateRewinds="0" EstimateRows="1" LogicalOp="Compute Scalar" NodeId="193" Parallel="false" PhysicalOp="Compute Scalar" EstimatedTotalSubtreeCost="0.0278066">
                  <OutputList>
                    <ColumnReference Database="[Ymf_Sac_Teste]" Schema="[dbo]" Table="[RV_MOV]" Column="CODCOR" />
                    <ColumnReference Database="[Ymf_Sac_Teste]" Schema="[dbo]" Table="[RV_MOV]" Column="CODOPER" />
                    <ColumnReference Database="[Ymf_Sac_Teste]" Schema="[dbo]" Table="[RV_MOV]" Column="CODPAP" />
                    <ColumnReference Database="[Ymf_Sac_Teste]" Schema="[dbo]" Table="[RV_MOV]" Column="PRACA" />
                    <ColumnReference Database="[Ymf_Sac_Teste]" Schema="[dbo]" Table="[RV_MOV]" Column="IC_DAYTRADE" />
                    <ColumnReference Database="[Ymf_Sac_Teste]" Schema="[dbo]" Table="[RV_MOV]" Column="RVCOR_CD_FISICA" />
                    <ColumnReference Database="[Ymf_Sac_Teste]" Schema="[dbo]" Table="[RV_MOV]" Column="ID_CONTA" />
                    <ColumnReference Column="Expr1053" />
                    <ColumnReference Column="Expr1058" />
                  </OutputList>
                  <ComputeScalar>
                    <DefinedValues>
                      <DefinedValue>
                        <ColumnReference Column="Expr1053" />
                        <ScalarOperator ScalarString="'C'">
                          <Const ConstValue="'C'" />
                        </ScalarOperator>
                      </DefinedValue>
                      <DefinedValue>
                        <ColumnReference Column="Expr1058" />
                        <ScalarOperator ScalarString="[Expr1052]-isnull([Expr1056],(0.000000000000000e+000))">
                          <Arithmetic Operation="SUB">
                            <ScalarOperator>
                              <Identifier>
                                <ColumnReference Column="Expr1052" />
                              </Identifier>
                            </ScalarOperator>
                            <ScalarOperator>
                              <Intrinsic FunctionName="isnull">
                                <ScalarOperator>
                                  <Identifier>
                                    <ColumnReference Column="Expr1056" />
                                  </Identifier>
                                </ScalarOperator>
                                <ScalarOperator>
                                  <Const ConstValue="(0.000000000000000e+000)" />
                                </ScalarOperator>
                              </Intrinsic>
                            </ScalarOperator>
                          </Arithmetic>
                        </ScalarOperator>
                      </DefinedValue>
                    </DefinedValues>
                    <RelOp AvgRowSize="68" EstimateCPU="4.18E-06" EstimateIO="0" EstimateRebinds="0" EstimateRewinds="0" EstimateRows="1" LogicalOp="Left Outer Join" NodeId="194" Parallel="false" PhysicalOp="Nested Loops" EstimatedTotalSubtreeCost="0.0278065">
                      <OutputList>
                        <ColumnReference Database="[Ymf_Sac_Teste]" Schema="[dbo]" Table="[RV_MOV]" Column="CODCOR" />
                        <ColumnReference Database="[Ymf_Sac_Teste]" Schema="[dbo]" Table="[RV_MOV]" Column="CODOPER" />
                        <ColumnReference Database="[Ymf_Sac_Teste]" Schema="[dbo]" Table="[RV_MOV]" Column="CODPAP" />
                        <ColumnReference Database="[Ymf_Sac_Teste]" Schema="[dbo]" Table="[RV_MOV]" Column="PRACA" />
                        <ColumnReference Database="[Ymf_Sac_Teste]" Schema="[dbo]" Table="[RV_MOV]" Column="IC_DAYTRADE" />
                        <ColumnReference Database="[Ymf_Sac_Teste]" Schema="[dbo]" Table="[RV_MOV]" Column="RVCOR_CD_FISICA" />
                        <ColumnReference Database="[Ymf_Sac_Teste]" Schema="[dbo]" Table="[RV_MOV]" Column="ID_CONTA" />
                        <ColumnReference Column="Expr1052" />
                        <ColumnReference Column="Expr1056" />
                      </OutputList>
                      <NestedLoops Optimized="false">
                        <OuterReferences>
                          <ColumnReference Database="[Ymf_Sac_Teste]" Schema="[dbo]" Table="[RV_MOV]" Column="CODCOR" />
                          <ColumnReference Database="[Ymf_Sac_Teste]" Schema="[dbo]" Table="[RV_MOV]" Column="CODPAP" />
                          <ColumnReference Database="[Ymf_Sac_Teste]" Schema="[dbo]" Table="[RV_MOV]" Column="PRACA" />
                        </OuterReferences>
                        <RelOp AvgRowSize="59" EstimateCPU="1.1E-06" EstimateIO="0" EstimateRebinds="0" EstimateRewinds="0" EstimateRows="1" LogicalOp="Compute Scalar" NodeId="195" Parallel="false" PhysicalOp="Compute Scalar" EstimatedTotalSubtreeCost="0.0212221">
                          <OutputList>
                            <ColumnReference Database="[Ymf_Sac_Teste]" Schema="[dbo]" Table="[RV_MOV]" Column="CODCOR" />
                            <ColumnReference Database="[Ymf_Sac_Teste]" Schema="[dbo]" Table="[RV_MOV]" Column="CODOPER" />
                            <ColumnReference Database="[Ymf_Sac_Teste]" Schema="[dbo]" Table="[RV_MOV]" Column="CODPAP" />
                            <ColumnReference Database="[Ymf_Sac_Teste]" Schema="[dbo]" Table="[RV_MOV]" Column="PRACA" />
                            <ColumnReference Database="[Ymf_Sac_Teste]" Schema="[dbo]" Table="[RV_MOV]" Column="IC_DAYTRADE" />
                            <ColumnReference Database="[Ymf_Sac_Teste]" Schema="[dbo]" Table="[RV_MOV]" Column="RVCOR_CD_FISICA" />
                            <ColumnReference Database="[Ymf_Sac_Teste]" Schema="[dbo]" Table="[RV_MOV]" Column="ID_CONTA" />
                            <ColumnReference Column="Expr1052" />
                          </OutputList>
                          <ComputeScalar>
                            <DefinedValues>
                              <DefinedValue>
                                <ColumnReference Column="Expr1052" />
                                <ScalarOperator ScalarString="CASE WHEN [Expr1080]=(0) THEN NULL ELSE [Expr1081] END">
                                  <IF>
                                    <Condition>
                                      <ScalarOperator>
                                        <Compare CompareOp="EQ">
                                          <ScalarOperator>
                                            <Identifier>
                                              <ColumnReference Column="Expr1080" />
                                            </Identifier>
                                          </ScalarOperator>
                                          <ScalarOperator>
                                            <Const ConstValue="(0)" />
                                          </ScalarOperator>
                                        </Compare>
                                      </ScalarOperator>
                                    </Condition>
                                    <Then>
                                      <ScalarOperator>
                                        <Const ConstValue="NULL" />
                                      </ScalarOperator>
                                    </Then>
                                    <Else>
                                      <ScalarOperator>
                                        <Identifier>
                                          <ColumnReference Column="Expr1081" />
                                        </Identifier>
                                      </ScalarOperator>
                                    </Else>
                                  </IF>
                                </ScalarOperator>
                              </DefinedValue>
                            </DefinedValues>
                            <RelOp AvgRowSize="59" EstimateCPU="1.1E-06" EstimateIO="0" EstimateRebinds="0" EstimateRewinds="0" EstimateRows="1" LogicalOp="Aggregate" NodeId="196" Parallel="false" PhysicalOp="Stream Aggregate" EstimatedTotalSubtreeCost="0.0212221">
                              <OutputList>
                                <ColumnReference Database="[Ymf_Sac_Teste]" Schema="[dbo]" Table="[RV_MOV]" Column="CODCOR" />
                                <ColumnReference Database="[Ymf_Sac_Teste]" Schema="[dbo]" Table="[RV_MOV]" Column="CODOPER" />
                                <ColumnReference Database="[Ymf_Sac_Teste]" Schema="[dbo]" Table="[RV_MOV]" Column="CODPAP" />
                                <ColumnReference Database="[Ymf_Sac_Teste]" Schema="[dbo]" Table="[RV_MOV]" Column="PRACA" />
                                <ColumnReference Database="[Ymf_Sac_Teste]" Schema="[dbo]" Table="[RV_MOV]" Column="IC_DAYTRADE" />
                                <ColumnReference Database="[Ymf_Sac_Teste]" Schema="[dbo]" Table="[RV_MOV]" Column="RVCOR_CD_FISICA" />
                                <ColumnReference Database="[Ymf_Sac_Teste]" Schema="[dbo]" Table="[RV_MOV]" Column="ID_CONTA" />
                                <ColumnReference Column="Expr1080" />
                                <ColumnReference Column="Expr1081" />
                              </OutputList>
                              <StreamAggregate>
                                <DefinedValues>
                                  <DefinedValue>
                                    <ColumnReference Column="Expr1080" />
                                    <ScalarOperator ScalarString="COUNT_BIG([Ymf_Sac_Teste].[dbo].[RV_MOV].[QUANTIDADE])">
                                      <Aggregate AggType="COUNT_BIG" Distinct="false">
                                        <ScalarOperator>
                                          <Identifier>
                                            <ColumnReference Database="[Ymf_Sac_Teste]" Schema="[dbo]" Table="[RV_MOV]" Column="QUANTIDADE" />
                                          </Identifier>
                                        </ScalarOperator>
                                      </Aggregate>
                                    </ScalarOperator>
                                  </DefinedValue>
                                  <DefinedValue>
                                    <ColumnReference Column="Expr1081" />
                                    <ScalarOperator ScalarString="SUM([Ymf_Sac_Teste].[dbo].[RV_MOV].[QUANTIDADE])">
                                      <Aggregate AggType="SUM" Distinct="false">
                                        <ScalarOperator>
                                          <Identifier>
                                            <ColumnReference Database="[Ymf_Sac_Teste]" Schema="[dbo]" Table="[RV_MOV]" Column="QUANTIDADE" />
                                          </Identifier>
                                        </ScalarOperator>
                                      </Aggregate>
                                    </ScalarOperator>
                                  </DefinedValue>
                                  <DefinedValue>
                                    <ColumnReference Database="[Ymf_Sac_Teste]" Schema="[dbo]" Table="[RV_MOV]" Column="IC_DAYTRADE" />
                                    <ScalarOperator ScalarString="ANY([Ymf_Sac_Teste].[dbo].[RV_MOV].[IC_DAYTRADE])">
                                      <Aggregate AggType="ANY" Distinct="false">
                                        <ScalarOperator>
                                          <Identifier>
                                            <ColumnReference Database="[Ymf_Sac_Teste]" Schema="[dbo]" Table="[RV_MOV]" Column="IC_DAYTRADE" />
                                          </Identifier>
                                        </ScalarOperator>
                                      </Aggregate>
                                    </ScalarOperator>
                                  </DefinedValue>
                                </DefinedValues>
                                <GroupBy>
                                  <ColumnReference Database="[Ymf_Sac_Teste]" Schema="[dbo]" Table="[RV_MOV]" Column="CODOPER" />
                                  <ColumnReference Database="[Ymf_Sac_Teste]" Schema="[dbo]" Table="[RV_MOV]" Column="CODPAP" />
                                  <ColumnReference Database="[Ymf_Sac_Teste]" Schema="[dbo]" Table="[RV_MOV]" Column="CODCOR" />
                                  <ColumnReference Database="[Ymf_Sac_Teste]" Schema="[dbo]" Table="[RV_MOV]" Column="PRACA" />
                                  <ColumnReference Database="[Ymf_Sac_Teste]" Schema="[dbo]" Table="[RV_MOV]" Column="ID_CONTA" />
                                  <ColumnReference Database="[Ymf_Sac_Teste]" Schema="[dbo]" Table="[RV_MOV]" Column="RVCOR_CD_FISICA" />
                                </GroupBy>
                                <RelOp AvgRowSize="59" EstimateCPU="0.000100059" EstimateIO="0.0112613" EstimateRebinds="0" EstimateRewinds="0" EstimateRows="1" LogicalOp="Sort" NodeId="197" Parallel="false" PhysicalOp="Sort" EstimatedTotalSubtreeCost="0.021221">
                                  <OutputList>
                                    <ColumnReference Database="[Ymf_Sac_Teste]" Schema="[dbo]" Table="[RV_MOV]" Column="CODCOR" />
                                    <ColumnReference Database="[Ymf_Sac_Teste]" Schema="[dbo]" Table="[RV_MOV]" Column="CODOPER" />
                                    <ColumnReference Database="[Ymf_Sac_Teste]" Schema="[dbo]" Table="[RV_MOV]" Column="CODPAP" />
                                    <ColumnReference Database="[Ymf_Sac_Teste]" Schema="[dbo]" Table="[RV_MOV]" Column="PRACA" />
                                    <ColumnReference Database="[Ymf_Sac_Teste]" Schema="[dbo]" Table="[RV_MOV]" Column="IC_DAYTRADE" />
                                    <ColumnReference Database="[Ymf_Sac_Teste]" Schema="[dbo]" Table="[RV_MOV]" Column="QUANTIDADE" />
                                    <ColumnReference Database="[Ymf_Sac_Teste]" Schema="[dbo]" Table="[RV_MOV]" Column="RVCOR_CD_FISICA" />
                                    <ColumnReference Database="[Ymf_Sac_Teste]" Schema="[dbo]" Table="[RV_MOV]" Column="ID_CONTA" />
                                  </OutputList>
                                  <MemoryFractions Input="1" Output="1" />
                                  <Sort Distinct="false">
                                    <OrderBy>
                                      <OrderByColumn Ascending="true">
                                        <ColumnReference Database="[Ymf_Sac_Teste]" Schema="[dbo]" Table="[RV_MOV]" Column="CODOPER" />
                                      </OrderByColumn>
                                      <OrderByColumn Ascending="true">
                                        <ColumnReference Database="[Ymf_Sac_Teste]" Schema="[dbo]" Table="[RV_MOV]" Column="CODPAP" />
                                      </OrderByColumn>
                                      <OrderByColumn Ascending="true">
                                        <ColumnReference Database="[Ymf_Sac_Teste]" Schema="[dbo]" Table="[RV_MOV]" Column="CODCOR" />
                                      </OrderByColumn>
                                      <OrderByColumn Ascending="true">
                                        <ColumnReference Database="[Ymf_Sac_Teste]" Schema="[dbo]" Table="[RV_MOV]" Column="PRACA" />
                                      </OrderByColumn>
                                      <OrderByColumn Ascending="true">
                                        <ColumnReference Database="[Ymf_Sac_Teste]" Schema="[dbo]" Table="[RV_MOV]" Column="ID_CONTA" />
                                      </OrderByColumn>
                                      <OrderByColumn Ascending="true">
                                        <ColumnReference Database="[Ymf_Sac_Teste]" Schema="[dbo]" Table="[RV_MOV]" Column="RVCOR_CD_FISICA" />
                                      </OrderByColumn>
                                    </OrderBy>
                                    <RelOp AvgRowSize="59" EstimateCPU="4.18E-06" EstimateIO="0" EstimateRebinds="0" EstimateRewinds="0" EstimateRows="1" LogicalOp="Inner Join" NodeId="198" Parallel="false" PhysicalOp="Nested Loops" EstimatedTotalSubtreeCost="0.00985972">
                                      <OutputList>
                                        <ColumnReference Database="[Ymf_Sac_Teste]" Schema="[dbo]" Table="[RV_MOV]" Column="CODCOR" />
                                        <ColumnReference Database="[Ymf_Sac_Teste]" Schema="[dbo]" Table="[RV_MOV]" Column="CODOPER" />
                                        <ColumnReference Database="[Ymf_Sac_Teste]" Schema="[dbo]" Table="[RV_MOV]" Column="CODPAP" />
                                        <ColumnReference Database="[Ymf_Sac_Teste]" Schema="[dbo]" Table="[RV_MOV]" Column="PRACA" />
                                        <ColumnReference Database="[Ymf_Sac_Teste]" Schema="[dbo]" Table="[RV_MOV]" Column="IC_DAYTRADE" />
                                        <ColumnReference Database="[Ymf_Sac_Teste]" Schema="[dbo]" Table="[RV_MOV]" Column="QUANTIDADE" />
                                        <ColumnReference Database="[Ymf_Sac_Teste]" Schema="[dbo]" Table="[RV_MOV]" Column="RVCOR_CD_FISICA" />
                                        <ColumnReference Database="[Ymf_Sac_Teste]" Schema="[dbo]" Table="[RV_MOV]" Column="ID_CONTA" />
                                      </OutputList>
                                      <NestedLoops Optimized="false">
                                        <OuterReferences>
                                          <ColumnReference Database="[Ymf_Sac_Teste]" Schema="[dbo]" Table="[RV_MOV]" Column="CODPAP" />
                                        </OuterReferences>
                                        <RelOp AvgRowSize="59" EstimateCPU="1.58E-06" EstimateIO="0" EstimateRebinds="0" EstimateRewinds="0" EstimateRows="1" LogicalOp="Filter" NodeId="199" Parallel="false" PhysicalOp="Filter" EstimatedTotalSubtreeCost="0.00657196">
                                          <OutputList>
                                            <ColumnReference Database="[Ymf_Sac_Teste]" Schema="[dbo]" Table="[RV_MOV]" Column="CODCOR" />
                                            <ColumnReference Database="[Ymf_Sac_Teste]" Schema="[dbo]" Table="[RV_MOV]" Column="CODOPER" />
                                            <ColumnReference Database="[Ymf_Sac_Teste]" Schema="[dbo]" Table="[RV_MOV]" Column="CODPAP" />
                                            <ColumnReference Database="[Ymf_Sac_Teste]" Schema="[dbo]" Table="[RV_MOV]" Column="PRACA" />
                                            <ColumnReference Database="[Ymf_Sac_Teste]" Schema="[dbo]" Table="[RV_MOV]" Column="IC_DAYTRADE" />
                                            <ColumnReference Database="[Ymf_Sac_Teste]" Schema="[dbo]" Table="[RV_MOV]" Column="QUANTIDADE" />
                                            <ColumnReference Database="[Ymf_Sac_Teste]" Schema="[dbo]" Table="[RV_MOV]" Column="RVCOR_CD_FISICA" />
                                            <ColumnReference Database="[Ymf_Sac_Teste]" Schema="[dbo]" Table="[RV_MOV]" Column="ID_CONTA" />
                                          </OutputList>
                                          <Filter StartupExpression="false">
                                            <RelOp AvgRowSize="77" EstimateCPU="4.18E-06" EstimateIO="0" EstimateRebinds="0" EstimateRewinds="0" EstimateRows="1" LogicalOp="Inner Join" NodeId="200" Parallel="false" PhysicalOp="Nested Loops" EstimatedTotalSubtreeCost="0.00657038">
                                              <OutputList>
                                                <ColumnReference Database="[Ymf_Sac_Teste]" Schema="[dbo]" Table="[RV_MOV]" Column="DATAMOV" />
                                                <ColumnReference Database="[Ymf_Sac_Teste]" Schema="[dbo]" Table="[RV_MOV]" Column="CODCOR" />
                                                <ColumnReference Database="[Ymf_Sac_Teste]" Schema="[dbo]" Table="[RV_MOV]" Column="CODOPER" />
                                                <ColumnReference Database="[Ymf_Sac_Teste]" Schema="[dbo]" Table="[RV_MOV]" Column="CODPAP" />
                                                <ColumnReference Database="[Ymf_Sac_Teste]" Schema="[dbo]" Table="[RV_MOV]" Column="PRACA" />
                                                <ColumnReference Database="[Ymf_Sac_Teste]" Schema="[dbo]" Table="[RV_MOV]" Column="COMPRAVENDA" />
                                                <ColumnReference Database="[Ymf_Sac_Teste]" Schema="[dbo]" Table="[RV_MOV]" Column="IC_DAYTRADE" />
                                                <ColumnReference Database="[Ymf_Sac_Teste]" Schema="[dbo]" Table="[RV_MOV]" Column="QUANTIDADE" />
                                                <ColumnReference Database="[Ymf_Sac_Teste]" Schema="[dbo]" Table="[RV_MOV]" Column="RVCOR_CD_FISICA" />
                                                <ColumnReference Database="[Ymf_Sac_Teste]" Schema="[dbo]" Table="[RV_MOV]" Column="ID_CONTA" />
                                                <ColumnReference Database="[Ymf_Sac_Teste]" Schema="[dbo]" Table="[RV_MOV]" Column="EVE_DT_CRED_RECIBO" />
                                              </OutputList>
                                              <NestedLoops Optimized="false">
                                                <OuterReferences>
                                                  <ColumnReference Database="[Ymf_Sac_Teste]" Schema="[dbo]" Table="[RV_MOV]" Column="ORDEM" />
                                                  <ColumnReference Database="[Ymf_Sac_Teste]" Schema="[dbo]" Table="[RV_MOV]" Column="DATAMOV" />
                                                </OuterReferences>
                                                <RelOp AvgRowSize="19" EstimateCPU="0.0001581" EstimateIO="0.003125" EstimateRebinds="0" EstimateRewinds="0" EstimateRows="1" LogicalOp="Index Seek" NodeId="201" Parallel="false" PhysicalOp="Index Seek" EstimatedTotalSubtreeCost="0.0032831">
                                                  <OutputList>
                                                    <ColumnReference Database="[Ymf_Sac_Teste]" Schema="[dbo]" Table="[RV_MOV]" Column="ORDEM" />
                                                    <ColumnReference Database="[Ymf_Sac_Teste]" Schema="[dbo]" Table="[RV_MOV]" Column="DATAMOV" />
                                                  </OutputList>
                                                  <IndexScan Ordered="true" ScanDirection="FORWARD" ForcedIndex="false" NoExpandHint="false">
                                                    <DefinedValues>
                                                      <DefinedValue>
                                                        <ColumnReference Database="[Ymf_Sac_Teste]" Schema="[dbo]" Table="[RV_MOV]" Column="ORDEM" />
                                                      </DefinedValue>
                                                      <DefinedValue>
                                                        <ColumnReference Database="[Ymf_Sac_Teste]" Schema="[dbo]" Table="[RV_MOV]" Column="DATAMOV" />
                                                      </DefinedValue>
                                                    </DefinedValues>
                                                    <Object Database="[Ymf_Sac_Teste]" Schema="[dbo]" Table="[RV_MOV]" Index="[XIE1RV_MOV]" TableReferenceId="4" />
                                                    <SeekPredicates>
                                                      <SeekPredicate>
                                                        <Prefix ScanType="EQ">
                                                          <RangeColumns>
                                                            <ColumnReference Database="[Ymf_Sac_Teste]" Schema="[dbo]" Table="[RV_MOV]" Column="DATAMOV" />
                                                            <ColumnReference Database="[Ymf_Sac_Teste]" Schema="[dbo]" Table="[RV_MOV]" Column="TIPOMOV" />
                                                            <ColumnReference Database="[Ymf_Sac_Teste]" Schema="[dbo]" Table="[RV_MOV]" Column="CODCLI" />
                                                          </RangeColumns>
                                                          <RangeExpressions>
                                                            <ScalarOperator ScalarString="'2011-12-28 00:00:00.000'">
                                                              <Const ConstValue="'2011-12-28 00:00:00.000'" />
                                                            </ScalarOperator>
                                                            <ScalarOperator ScalarString="'0'">
                                                              <Const ConstValue="'0'" />
                                                            </ScalarOperator>
                                                            <ScalarOperator ScalarString="'2061'">
                                                              <Const ConstValue="'2061'" />
                                                            </ScalarOperator>
                                                          </RangeExpressions>
                                                        </Prefix>
                                                      </SeekPredicate>
                                                    </SeekPredicates>
                                                  </IndexScan>
                                                </RelOp>
                                                <RelOp AvgRowSize="69" EstimateCPU="0.0001581" EstimateIO="0.003125" EstimateRebinds="0" EstimateRewinds="0" EstimateRows="1" LogicalOp="Clustered Index Seek" NodeId="203" Parallel="false" PhysicalOp="Clustered Index Seek" EstimatedTotalSubtreeCost="0.0032831">
                                                  <OutputList>
                                                    <ColumnReference Database="[Ymf_Sac_Teste]" Schema="[dbo]" Table="[RV_MOV]" Column="CODCOR" />
                                                    <ColumnReference Database="[Ymf_Sac_Teste]" Schema="[dbo]" Table="[RV_MOV]" Column="CODOPER" />
                                                    <ColumnReference Database="[Ymf_Sac_Teste]" Schema="[dbo]" Table="[RV_MOV]" Column="CODPAP" />
                                                    <ColumnReference Database="[Ymf_Sac_Teste]" Schema="[dbo]" Table="[RV_MOV]" Column="PRACA" />
                                                    <ColumnReference Database="[Ymf_Sac_Teste]" Schema="[dbo]" Table="[RV_MOV]" Column="COMPRAVENDA" />
                                                    <ColumnReference Database="[Ymf_Sac_Teste]" Schema="[dbo]" Table="[RV_MOV]" Column="IC_DAYTRADE" />
                                                    <ColumnReference Database="[Ymf_Sac_Teste]" Schema="[dbo]" Table="[RV_MOV]" Column="QUANTIDADE" />
                                                    <ColumnReference Database="[Ymf_Sac_Teste]" Schema="[dbo]" Table="[RV_MOV]" Column="RVCOR_CD_FISICA" />
                                                    <ColumnReference Database="[Ymf_Sac_Teste]" Schema="[dbo]" Table="[RV_MOV]" Column="ID_CONTA" />
                                                    <ColumnReference Database="[Ymf_Sac_Teste]" Schema="[dbo]" Table="[RV_MOV]" Column="EVE_DT_CRED_RECIBO" />
                                                  </OutputList>
                                                  <IndexScan Lookup="true" Ordered="true" ScanDirection="FORWARD" ForcedIndex="false" NoExpandHint="false">
                                                    <DefinedValues>
                                                      <DefinedValue>
                                                        <ColumnReference Database="[Ymf_Sac_Teste]" Schema="[dbo]" Table="[RV_MOV]" Column="CODCOR" />
                                                      </DefinedValue>
                                                      <DefinedValue>
                                                        <ColumnReference Database="[Ymf_Sac_Teste]" Schema="[dbo]" Table="[RV_MOV]" Column="CODOPER" />
                                                      </DefinedValue>
                                                      <DefinedValue>
                                                        <ColumnReference Database="[Ymf_Sac_Teste]" Schema="[dbo]" Table="[RV_MOV]" Column="CODPAP" />
                                                      </DefinedValue>
                                                      <DefinedValue>
                                                        <ColumnReference Database="[Ymf_Sac_Teste]" Schema="[dbo]" Table="[RV_MOV]" Column="PRACA" />
                                                      </DefinedValue>
                                                      <DefinedValue>
                                                        <ColumnReference Database="[Ymf_Sac_Teste]" Schema="[dbo]" Table="[RV_MOV]" Column="COMPRAVENDA" />
                                                      </DefinedValue>
                                                      <DefinedValue>
                                                        <ColumnReference Database="[Ymf_Sac_Teste]" Schema="[dbo]" Table="[RV_MOV]" Column="IC_DAYTRADE" />
                                                      </DefinedValue>
                                                      <DefinedValue>
                                                        <ColumnReference Database="[Ymf_Sac_Teste]" Schema="[dbo]" Table="[RV_MOV]" Column="QUANTIDADE" />
                                                      </DefinedValue>
                                                      <DefinedValue>
                                                        <ColumnReference Database="[Ymf_Sac_Teste]" Schema="[dbo]" Table="[RV_MOV]" Column="RVCOR_CD_FISICA" />
                                                      </DefinedValue>
                                                      <DefinedValue>
                                                        <ColumnReference Database="[Ymf_Sac_Teste]" Schema="[dbo]" Table="[RV_MOV]" Column="ID_CONTA" />
                                                      </DefinedValue>
                                                      <DefinedValue>
                                                        <ColumnReference Database="[Ymf_Sac_Teste]" Schema="[dbo]" Table="[RV_MOV]" Column="EVE_DT_CRED_RECIBO" />
                                                      </DefinedValue>
                                                    </DefinedValues>
                                                    <Object Database="[Ymf_Sac_Teste]" Schema="[dbo]" Table="[RV_MOV]" Index="[XPKRV_MOV]" TableReferenceId="-1" />
                                                    <SeekPredicates>
                                                      <SeekPredicate>
                                                        <Prefix ScanType="EQ">
                                                          <RangeColumns>
                                                            <ColumnReference Database="[Ymf_Sac_Teste]" Schema="[dbo]" Table="[RV_MOV]" Column="ORDEM" />
                                                            <ColumnReference Database="[Ymf_Sac_Teste]" Schema="[dbo]" Table="[RV_MOV]" Column="DATAMOV" />
                                                          </RangeColumns>
                                                          <RangeExpressions>
                                                            <ScalarOperator ScalarString="[Ymf_Sac_Teste].[dbo].[RV_MOV].[ORDEM]">
                                                              <Identifier>
                                                                <ColumnReference Database="[Ymf_Sac_Teste]" Schema="[dbo]" Table="[RV_MOV]" Column="ORDEM" />
                                                              </Identifier>
                                                            </ScalarOperator>
                                                            <ScalarOperator ScalarString="[Ymf_Sac_Teste].[dbo].[RV_MOV].[DATAMOV]">
                                                              <Identifier>
                                                                <ColumnReference Database="[Ymf_Sac_Teste]" Schema="[dbo]" Table="[RV_MOV]" Column="DATAMOV" />
                                                              </Identifier>
                                                            </ScalarOperator>
                                                          </RangeExpressions>
                                                        </Prefix>
                                                      </SeekPredicate>
                                                    </SeekPredicates>
                                                  </IndexScan>
                                                </RelOp>
                                              </NestedLoops>
                                            </RelOp>
                                            <Predicate>
                                              <ScalarOperator ScalarString="([Ymf_Sac_Teste].[dbo].[RV_MOV].[DATAMOV]&lt;[Ymf_Sac_Teste].[dbo].[RV_MOV].[EVE_DT_CRED_RECIBO] OR [Ymf_Sac_Teste].[dbo].[RV_MOV].[DATAMOV]&gt;[Ymf_Sac_Teste].[dbo].[RV_MOV].[EVE_DT_CRED_RECIBO]) AND [Ymf_Sac_Teste].[dbo].[RV_MOV].[COMPRAVENDA]='C' AND [Ymf_Sac_Teste].[dbo].[RV_MOV].[IC_DAYTRADE]='O'">
                                                <Logical Operation="AND">
                                                  <ScalarOperator>
                                                    <Logical Operation="OR">
                                                      <ScalarOperator>
                                                        <Compare CompareOp="LT">
                                                          <ScalarOperator>
                                                            <Identifier>
                                                              <ColumnReference Database="[Ymf_Sac_Teste]" Schema="[dbo]" Table="[RV_MOV]" Column="DATAMOV" />
                                                            </Identifier>
                                                          </ScalarOperator>
                                                          <ScalarOperator>
                                                            <Identifier>
                                                              <ColumnReference Database="[Ymf_Sac_Teste]" Schema="[dbo]" Table="[RV_MOV]" Column="EVE_DT_CRED_RECIBO" />
                                                            </Identifier>
                                                          </ScalarOperator>
                                                        </Compare>
                                                      </ScalarOperator>
                                                      <ScalarOperator>
                                                        <Compare CompareOp="GT">
                                                          <ScalarOperator>
                                                            <Identifier>
                                                              <ColumnReference Database="[Ymf_Sac_Teste]" Schema="[dbo]" Table="[RV_MOV]" Column="DATAMOV" />
                                                            </Identifier>
                                                          </ScalarOperator>
                                                          <ScalarOperator>
                                                            <Identifier>
                                                              <ColumnReference Database="[Ymf_Sac_Teste]" Schema="[dbo]" Table="[RV_MOV]" Column="EVE_DT_CRED_RECIBO" />
                                                            </Identifier>
                                                          </ScalarOperator>
                                                        </Compare>
                                                      </ScalarOperator>
                                                    </Logical>
                                                  </ScalarOperator>
                                                  <ScalarOperator>
                                                    <Compare CompareOp="EQ">
                                                      <ScalarOperator>
                                                        <Identifier>
                                                          <ColumnReference Database="[Ymf_Sac_Teste]" Schema="[dbo]" Table="[RV_MOV]" Column="COMPRAVENDA" />
                                                        </Identifier>
                                                      </ScalarOperator>
                                                      <ScalarOperator>
                                                        <Const ConstValue="'C'" />
                                                      </ScalarOperator>
                                                    </Compare>
                                                  </ScalarOperator>
                                                  <ScalarOperator>
                                                    <Compare CompareOp="EQ">
                                                      <ScalarOperator>
                                                        <Identifier>
                                                          <ColumnReference Database="[Ymf_Sac_Teste]" Schema="[dbo]" Table="[RV_MOV]" Column="IC_DAYTRADE" />
                                                        </Identifier>
                                                      </ScalarOperator>
                                                      <ScalarOperator>
                                                        <Const ConstValue="'O'" />
                                                      </ScalarOperator>
                                                    </Compare>
                                                  </ScalarOperator>
                                                </Logical>
                                              </ScalarOperator>
                                            </Predicate>
                                          </Filter>
                                        </RelOp>
                                        <RelOp AvgRowSize="9" EstimateCPU="0.0001581" EstimateIO="0.003125" EstimateRebinds="0" EstimateRewinds="0" EstimateRows="1" LogicalOp="Clustered Index Seek" NodeId="226" Parallel="false" PhysicalOp="Clustered Index Seek" EstimatedTotalSubtreeCost="0.0032831">
                                          <OutputList>
                                            <ColumnReference Database="[Ymf_Sac_Teste]" Schema="[dbo]" Table="[RV_CADPAP]" Column="TIPO" />
                                          </OutputList>
                                          <IndexScan Ordered="true" ScanDirection="FORWARD" ForcedIndex="false" NoExpandHint="false">
                                            <DefinedValues>
                                              <DefinedValue>
                                                <ColumnReference Database="[Ymf_Sac_Teste]" Schema="[dbo]" Table="[RV_CADPAP]" Column="TIPO" />
                                              </DefinedValue>
                                            </DefinedValues>
                                            <Object Database="[Ymf_Sac_Teste]" Schema="[dbo]" Table="[RV_CADPAP]" Index="[XPKRV_CADPAP]" TableReferenceId="4" />
                                            <SeekPredicates>
                                              <SeekPredicate>
                                                <Prefix ScanType="EQ">
                                                  <RangeColumns>
                                                    <ColumnReference Database="[Ymf_Sac_Teste]" Schema="[dbo]" Table="[RV_CADPAP]" Column="CODPAP" />
                                                  </RangeColumns>
                                                  <RangeExpressions>
                                                    <ScalarOperator ScalarString="[Ymf_Sac_Teste].[dbo].[RV_MOV].[CODPAP]">
                                                      <Identifier>
                                                        <ColumnReference Database="[Ymf_Sac_Teste]" Schema="[dbo]" Table="[RV_MOV]" Column="CODPAP" />
                                                      </Identifier>
                                                    </ScalarOperator>
                                                  </RangeExpressions>
                                                </Prefix>
                                              </SeekPredicate>
                                            </SeekPredicates>
                                            <Predicate>
                                              <ScalarOperator ScalarString="[Ymf_Sac_Teste].[dbo].[RV_CADPAP].[TIPO]='V'">
                                                <Compare CompareOp="EQ">
                                                  <ScalarOperator>
                                                    <Identifier>
                                                      <ColumnReference Database="[Ymf_Sac_Teste]" Schema="[dbo]" Table="[RV_CADPAP]" Column="TIPO" />
                                                    </Identifier>
                                                  </ScalarOperator>
                                                  <ScalarOperator>
                                                    <Const ConstValue="'V'" />
                                                  </ScalarOperator>
                                                </Compare>
                                              </ScalarOperator>
                                            </Predicate>
                                          </IndexScan>
                                        </RelOp>
                                      </NestedLoops>
                                    </RelOp>
                                  </Sort>
                                </RelOp>
                              </StreamAggregate>
                            </RelOp>
                          </ComputeScalar>
                        </RelOp>
                        <RelOp AvgRowSize="15" EstimateCPU="1.1E-06" EstimateIO="0" EstimateRebinds="0" EstimateRewinds="0" EstimateRows="1" LogicalOp="Aggregate" NodeId="237" Parallel="false" PhysicalOp="Stream Aggregate" EstimatedTotalSubtreeCost="0.00658016">
                          <OutputList>
                            <ColumnReference Column="Expr1056" />
                          </OutputList>
                          <StreamAggregate>
                            <DefinedValues>
                              <DefinedValue>
                                <ColumnReference Column="Expr1056" />
                                <ScalarOperator ScalarString="SUM([Expr1071])">
                                  <Aggregate AggType="SUM" Distinct="false">
                                    <ScalarOperator>
                                      <Identifier>
                                        <ColumnReference Column="Expr1071" />
                                      </Identifier>
                                    </ScalarOperator>
                                  </Aggregate>
                                </ScalarOperator>
                              </DefinedValue>
                            </DefinedValues>
                            <RelOp AvgRowSize="15" EstimateCPU="1E-07" EstimateIO="0" EstimateRebinds="0" EstimateRewinds="0" EstimateRows="1" LogicalOp="Compute Scalar" NodeId="238" Parallel="false" PhysicalOp="Compute Scalar" EstimatedTotalSubtreeCost="0.00657906">
                              <OutputList>
                                <ColumnReference Column="Expr1071" />
                              </OutputList>
                              <ComputeScalar>
                                <DefinedValues>
                                  <DefinedValue>
                                    <ColumnReference Column="Expr1071" />
                                    <ScalarOperator ScalarString="isnull([Ymf_Sac_Teste].[dbo].[SAC_RV_BLOQUEIO].[QT] as [B].[QT],(0.000000000000000e+000))">
                                      <Intrinsic FunctionName="isnull">
                                        <ScalarOperator>
                                          <Identifier>
                                            <ColumnReference Database="[Ymf_Sac_Teste]" Schema="[dbo]" Table="[SAC_RV_BLOQUEIO]" Alias="[B]" Column="QT" />
                                          </Identifier>
                                        </ScalarOperator>
                                        <ScalarOperator>
                                          <Const ConstValue="(0.000000000000000e+000)" />
                                        </ScalarOperator>
                                      </Intrinsic>
                                    </ScalarOperator>
                                  </DefinedValue>
                                </DefinedValues>
                                <RelOp AvgRowSize="15" EstimateCPU="1.78E-06" EstimateIO="0" EstimateRebinds="0" EstimateRewinds="0" EstimateRows="1" LogicalOp="Filter" NodeId="239" Parallel="false" PhysicalOp="Filter" EstimatedTotalSubtreeCost="0.00657896">
                                  <OutputList>
                                    <ColumnReference Database="[Ymf_Sac_Teste]" Schema="[dbo]" Table="[SAC_RV_BLOQUEIO]" Alias="[B]" Column="QT" />
                                  </OutputList>
                                  <Filter StartupExpression="false">
                                    <RelOp AvgRowSize="39" EstimateCPU="4.18E-06" EstimateIO="0" EstimateRebinds="0" EstimateRewinds="0" EstimateRows="1" LogicalOp="Inner Join" NodeId="240" Parallel="false" PhysicalOp="Nested Loops" EstimatedTotalSubtreeCost="0.00657718">
                                      <OutputList>
                                        <ColumnReference Database="[Ymf_Sac_Teste]" Schema="[dbo]" Table="[SAC_RV_BLOQUEIO]" Alias="[B]" Column="RVPAP_CD" />
                                        <ColumnReference Database="[Ymf_Sac_Teste]" Schema="[dbo]" Table="[SAC_RV_BLOQUEIO]" Alias="[B]" Column="RVCOR_CD" />
                                        <ColumnReference Database="[Ymf_Sac_Teste]" Schema="[dbo]" Table="[SAC_RV_BLOQUEIO]" Alias="[B]" Column="CD_PRACA" />
                                        <ColumnReference Database="[Ymf_Sac_Teste]" Schema="[dbo]" Table="[SAC_RV_BLOQUEIO]" Alias="[B]" Column="IC" />
                                        <ColumnReference Database="[Ymf_Sac_Teste]" Schema="[dbo]" Table="[SAC_RV_BLOQUEIO]" Alias="[B]" Column="QT" />
                                        <ColumnReference Database="[Ymf_Sac_Teste]" Schema="[dbo]" Table="[SAC_RV_BLOQUEIO]" Alias="[B]" Column="IC_BLOQ_PROV_AUTO" />
                                      </OutputList>
                                      <NestedLoops Optimized="false">
                                        <OuterReferences>
                                          <ColumnReference Database="[Ymf_Sac_Teste]" Schema="[dbo]" Table="[SAC_RV_BLOQUEIO]" Alias="[B]" Column="ID" />
                                          <ColumnReference Database="[Ymf_Sac_Teste]" Schema="[dbo]" Table="[SAC_RV_BLOQUEIO]" Alias="[B]" Column="DT" />
                                        </OuterReferences>
                                        <RelOp AvgRowSize="19" EstimateCPU="0.0001625" EstimateIO="0.003125" EstimateRebinds="0" EstimateRewinds="0" EstimateRows="1" LogicalOp="Index Seek" NodeId="241" Parallel="false" PhysicalOp="Index Seek" EstimatedTotalSubtreeCost="0.0032875">
                                          <OutputList>
                                            <ColumnReference Database="[Ymf_Sac_Teste]" Schema="[dbo]" Table="[SAC_RV_BLOQUEIO]" Alias="[B]" Column="ID" />
                                            <ColumnReference Database="[Ymf_Sac_Teste]" Schema="[dbo]" Table="[SAC_RV_BLOQUEIO]" Alias="[B]" Column="DT" />
                                          </OutputList>
                                          <IndexScan Ordered="true" ScanDirection="FORWARD" ForcedIndex="false" NoExpandHint="false">
                                            <DefinedValues>
                                              <DefinedValue>
                                                <ColumnReference Database="[Ymf_Sac_Teste]" Schema="[dbo]" Table="[SAC_RV_BLOQUEIO]" Alias="[B]" Column="ID" />
                                              </DefinedValue>
                                              <DefinedValue>
                                                <ColumnReference Database="[Ymf_Sac_Teste]" Schema="[dbo]" Table="[SAC_RV_BLOQUEIO]" Alias="[B]" Column="DT" />
                                              </DefinedValue>
                                            </DefinedValues>
                                            <Object Database="[Ymf_Sac_Teste]" Schema="[dbo]" Table="[SAC_RV_BLOQUEIO]" Index="[IDX05SAC_RV_BLOQUEIO]" Alias="[B]" TableReferenceId="4" />
                                            <SeekPredicates>
                                              <SeekPredicate>
                                                <Prefix ScanType="EQ">
                                                  <RangeColumns>
                                                    <ColumnReference Database="[Ymf_Sac_Teste]" Schema="[dbo]" Table="[SAC_RV_BLOQUEIO]" Alias="[B]" Column="CLCLI_CD" />
                                                  </RangeColumns>
                                                  <RangeExpressions>
                                                    <ScalarOperator ScalarString="'2061'">
                                                      <Const ConstValue="'2061'" />
                                                    </ScalarOperator>
                                                  </RangeExpressions>
                                                </Prefix>
                                              </SeekPredicate>
                                            </SeekPredicates>
                                            <Predicate>
                                              <ScalarOperator ScalarString="[Ymf_Sac_Teste].[dbo].[SAC_RV_BLOQUEIO].[DT] as [B].[DT]='2011-12-28 00:00:00.000'">
                                                <Compare CompareOp="EQ">
                                                  <ScalarOperator>
                                                    <Identifier>
                                                      <ColumnReference Database="[Ymf_Sac_Teste]" Schema="[dbo]" Table="[SAC_RV_BLOQUEIO]" Alias="[B]" Column="DT" />
                                                    </Identifier>
                                                  </ScalarOperator>
                                                  <ScalarOperator>
                                                    <Const ConstValue="'2011-12-28 00:00:00.000'" />
                                                  </ScalarOperator>
                                                </Compare>
                                              </ScalarOperator>
                                            </Predicate>
                                          </IndexScan>
                                        </RelOp>
                                        <RelOp AvgRowSize="39" EstimateCPU="0.0001581" EstimateIO="0.003125" EstimateRebinds="0" EstimateRewinds="0" EstimateRows="1" LogicalOp="Clustered Index Seek" NodeId="243" Parallel="false" PhysicalOp="Clustered Index Seek" EstimatedTotalSubtreeCost="0.0032831">
                                          <OutputList>
                                            <ColumnReference Database="[Ymf_Sac_Teste]" Schema="[dbo]" Table="[SAC_RV_BLOQUEIO]" Alias="[B]" Column="RVPAP_CD" />
                                            <ColumnReference Database="[Ymf_Sac_Teste]" Schema="[dbo]" Table="[SAC_RV_BLOQUEIO]" Alias="[B]" Column="RVCOR_CD" />
                                            <ColumnReference Database="[Ymf_Sac_Teste]" Schema="[dbo]" Table="[SAC_RV_BLOQUEIO]" Alias="[B]" Column="CD_PRACA" />
                                            <ColumnReference Database="[Ymf_Sac_Teste]" Schema="[dbo]" Table="[SAC_RV_BLOQUEIO]" Alias="[B]" Column="IC" />
                                            <ColumnReference Database="[Ymf_Sac_Teste]" Schema="[dbo]" Table="[SAC_RV_BLOQUEIO]" Alias="[B]" Column="QT" />
                                            <ColumnReference Database="[Ymf_Sac_Teste]" Schema="[dbo]" Table="[SAC_RV_BLOQUEIO]" Alias="[B]" Column="IC_BLOQ_PROV_AUTO" />
                                          </OutputList>
                                          <IndexScan Lookup="true" Ordered="true" ScanDirection="FORWARD" ForcedIndex="false" NoExpandHint="false">
                                            <DefinedValues>
                                              <DefinedValue>
                                                <ColumnReference Database="[Ymf_Sac_Teste]" Schema="[dbo]" Table="[SAC_RV_BLOQUEIO]" Alias="[B]" Column="RVPAP_CD" />
                                              </DefinedValue>
                                              <DefinedValue>
                                                <ColumnReference Database="[Ymf_Sac_Teste]" Schema="[dbo]" Table="[SAC_RV_BLOQUEIO]" Alias="[B]" Column="RVCOR_CD" />
                                              </DefinedValue>
                                              <DefinedValue>
                                                <ColumnReference Database="[Ymf_Sac_Teste]" Schema="[dbo]" Table="[SAC_RV_BLOQUEIO]" Alias="[B]" Column="CD_PRACA" />
                                              </DefinedValue>
                                              <DefinedValue>
                                                <ColumnReference Database="[Ymf_Sac_Teste]" Schema="[dbo]" Table="[SAC_RV_BLOQUEIO]" Alias="[B]" Column="IC" />
                                              </DefinedValue>
                                              <DefinedValue>
                                                <ColumnReference Database="[Ymf_Sac_Teste]" Schema="[dbo]" Table="[SAC_RV_BLOQUEIO]" Alias="[B]" Column="QT" />
                                              </DefinedValue>
                                              <DefinedValue>
                                                <ColumnReference Database="[Ymf_Sac_Teste]" Schema="[dbo]" Table="[SAC_RV_BLOQUEIO]" Alias="[B]" Column="IC_BLOQ_PROV_AUTO" />
                                              </DefinedValue>
                                            </DefinedValues>
                                            <Object Database="[Ymf_Sac_Teste]" Schema="[dbo]" Table="[SAC_RV_BLOQUEIO]" Index="[XPKSAC_RV_BLOQUEIO]" Alias="[B]" TableReferenceId="-1" />
                                            <SeekPredicates>
                                              <SeekPredicate>
                                                <Prefix ScanType="EQ">
                                                  <RangeColumns>
                                                    <ColumnReference Database="[Ymf_Sac_Teste]" Schema="[dbo]" Table="[SAC_RV_BLOQUEIO]" Alias="[B]" Column="ID" />
                                                    <ColumnReference Database="[Ymf_Sac_Teste]" Schema="[dbo]" Table="[SAC_RV_BLOQUEIO]" Alias="[B]" Column="DT" />
                                                  </RangeColumns>
                                                  <RangeExpressions>
                                                    <ScalarOperator ScalarString="[Ymf_Sac_Teste].[dbo].[SAC_RV_BLOQUEIO].[ID] as [B].[ID]">
                                                      <Identifier>
                                                        <ColumnReference Database="[Ymf_Sac_Teste]" Schema="[dbo]" Table="[SAC_RV_BLOQUEIO]" Alias="[B]" Column="ID" />
                                                      </Identifier>
                                                    </ScalarOperator>
                                                    <ScalarOperator ScalarString="[Ymf_Sac_Teste].[dbo].[SAC_RV_BLOQUEIO].[DT] as [B].[DT]">
                                                      <Identifier>
                                                        <ColumnReference Database="[Ymf_Sac_Teste]" Schema="[dbo]" Table="[SAC_RV_BLOQUEIO]" Alias="[B]" Column="DT" />
                                                      </Identifier>
                                                    </ScalarOperator>
                                                  </RangeExpressions>
                                                </Prefix>
                                              </SeekPredicate>
                                            </SeekPredicates>
                                          </IndexScan>
                                        </RelOp>
                                      </NestedLoops>
                                    </RelOp>
                                    <Predicate>
                                      <ScalarOperator ScalarString="[Ymf_Sac_Teste].[dbo].[SAC_RV_BLOQUEIO].[RVPAP_CD] as [B].[RVPAP_CD]=[Ymf_Sac_Teste].[dbo].[RV_MOV].[CODPAP] AND [Ymf_Sac_Teste].[dbo].[SAC_RV_BLOQUEIO].[RVCOR_CD] as [B].[RVCOR_CD]=[Ymf_Sac_Teste].[dbo].[RV_MOV].[CODCOR] AND [Ymf_Sac_Teste].[dbo].[SAC_RV_BLOQUEIO].[CD_PRACA] as [B].[CD_PRACA]=[Ymf_Sac_Teste].[dbo].[RV_MOV].[PRACA] AND [Ymf_Sac_Teste].[dbo].[SAC_RV_BLOQUEIO].[IC_BLOQ_PROV_AUTO] as [B].[IC_BLOQ_PROV_AUTO]='S' AND [Ymf_Sac_Teste].[dbo].[SAC_RV_BLOQUEIO].[IC] as [B].[IC]='B'">
                                        <Logical Operation="AND">
                                          <ScalarOperator>
                                            <Compare CompareOp="EQ">
                                              <ScalarOperator>
                                                <Identifier>
                                                  <ColumnReference Database="[Ymf_Sac_Teste]" Schema="[dbo]" Table="[SAC_RV_BLOQUEIO]" Alias="[B]" Column="RVPAP_CD" />
                                                </Identifier>
                                              </ScalarOperator>
                                              <ScalarOperator>
                                                <Identifier>
                                                  <ColumnReference Database="[Ymf_Sac_Teste]" Schema="[dbo]" Table="[RV_MOV]" Column="CODPAP" />
                                                </Identifier>
                                              </ScalarOperator>
                                            </Compare>
                                          </ScalarOperator>
                                          <ScalarOperator>
                                            <Compare CompareOp="EQ">
                                              <ScalarOperator>
                                                <Identifier>
                                                  <ColumnReference Database="[Ymf_Sac_Teste]" Schema="[dbo]" Table="[SAC_RV_BLOQUEIO]" Alias="[B]" Column="RVCOR_CD" />
                                                </Identifier>
                                              </ScalarOperator>
                                              <ScalarOperator>
                                                <Identifier>
                                                  <ColumnReference Database="[Ymf_Sac_Teste]" Schema="[dbo]" Table="[RV_MOV]" Column="CODCOR" />
                                                </Identifier>
                                              </ScalarOperator>
                                            </Compare>
                                          </ScalarOperator>
                                          <ScalarOperator>
                                            <Compare CompareOp="EQ">
                                              <ScalarOperator>
                                                <Identifier>
                                                  <ColumnReference Database="[Ymf_Sac_Teste]" Schema="[dbo]" Table="[SAC_RV_BLOQUEIO]" Alias="[B]" Column="CD_PRACA" />
                                                </Identifier>
                                              </ScalarOperator>
                                              <ScalarOperator>
                                                <Identifier>
                                                  <ColumnReference Database="[Ymf_Sac_Teste]" Schema="[dbo]" Table="[RV_MOV]" Column="PRACA" />
                                                </Identifier>
                                              </ScalarOperator>
                                            </Compare>
                                          </ScalarOperator>
                                          <ScalarOperator>
                                            <Compare CompareOp="EQ">
                                              <ScalarOperator>
                                                <Identifier>
                                                  <ColumnReference Database="[Ymf_Sac_Teste]" Schema="[dbo]" Table="[SAC_RV_BLOQUEIO]" Alias="[B]" Column="IC_BLOQ_PROV_AUTO" />
                                                </Identifier>
                                              </ScalarOperator>
                                              <ScalarOperator>
                                                <Const ConstValue="'S'" />
                                              </ScalarOperator>
                                            </Compare>
                                          </ScalarOperator>
                                          <ScalarOperator>
                                            <Compare CompareOp="EQ">
                                              <ScalarOperator>
                                                <Identifier>
                                                  <ColumnReference Database="[Ymf_Sac_Teste]" Schema="[dbo]" Table="[SAC_RV_BLOQUEIO]" Alias="[B]" Column="IC" />
                                                </Identifier>
                                              </ScalarOperator>
                                              <ScalarOperator>
                                                <Const ConstValue="'B'" />
                                              </ScalarOperator>
                                            </Compare>
                                          </ScalarOperator>
                                        </Logical>
                                      </ScalarOperator>
                                    </Predicate>
                                  </Filter>
                                </RelOp>
                              </ComputeScalar>
                            </RelOp>
                          </StreamAggregate>
                        </RelOp>
                      </NestedLoops>
                    </RelOp>
                  </ComputeScalar>
                </RelOp>
              </Concat>
            </RelOp>
          </QueryPlan>
        </StmtSimple>
      </Statements>
    </Batch>
  </BatchSequence>
</ShowPlanXML>